Log file open, 09/01/20 21:00:41
LogInit: Display: Running engine for game: HadoukenVR
LogPlatformFile: Not using cached read wrapper
LogTaskGraph: Started task graph with 5 named threads and 23 total threads with 3 sets of task threads.
LogStats: Stats thread started at 4.059690
LogD3D11RHI: Loaded GFSDK_Aftermath_Lib.x64.dll
LogICUInternationalization: ICU TimeZone Detection - Raw Offset: +1:00, Platform Override: ''
LogPluginManager: Mounting plugin Paper2D
LogPluginManager: Mounting plugin AISupport
LogPluginManager: Mounting plugin LightPropagationVolume
LogPluginManager: Mounting plugin CameraShakePreviewer
LogPluginManager: Mounting plugin ActorLayerUtilities
LogPluginManager: Mounting plugin AnimationSharing
LogPluginManager: Mounting plugin CLionSourceCodeAccess
LogPluginManager: Mounting plugin CodeLiteSourceCodeAccess
LogPluginManager: Mounting plugin GitSourceControl
LogPluginManager: Mounting plugin KDevelopSourceCodeAccess
LogPluginManager: Mounting plugin NullSourceCodeAccess
LogPluginManager: Mounting plugin PerforceSourceControl
LogPluginManager: Mounting plugin PlasticSourceControl
LogPluginManager: Mounting plugin RiderSourceCodeAccess
LogPluginManager: Mounting plugin SubversionSourceControl
LogPluginManager: Mounting plugin UObjectPlugin
LogPluginManager: Mounting plugin VisualStudioCodeSourceCodeAccess
LogPluginManager: Mounting plugin VisualStudioSourceCodeAccess
LogPluginManager: Mounting plugin XCodeSourceCodeAccess
LogPluginManager: Mounting plugin AssetManagerEditor
LogPluginManager: Mounting plugin CryptoKeys
LogPluginManager: Mounting plugin CurveEditorTools
LogPluginManager: Mounting plugin DataValidation
LogPluginManager: Mounting plugin EditorScriptingUtilities
LogPluginManager: Mounting plugin FacialAnimation
LogPluginManager: Mounting plugin GameplayTagsEditor
LogPluginManager: Mounting plugin GeometryMode
LogPluginManager: Mounting plugin MacGraphicsSwitching
LogPluginManager: Mounting plugin MaterialAnalyzer
LogPluginManager: Mounting plugin MobileLauncherProfileWizard
LogPluginManager: Mounting plugin PluginBrowser
LogPluginManager: Mounting plugin SpeedTreeImporter
LogPluginManager: Mounting plugin DatasmithContent
LogPluginManager: Mounting plugin VariantManagerContent
LogPluginManager: Mounting plugin AlembicImporter
LogPluginManager: Mounting plugin AutomationUtils
LogPluginManager: Mounting plugin BackChannel
LogPluginManager: Mounting plugin ChaosCloth
LogPluginManager: Mounting plugin ChaosClothEditor
LogPluginManager: Mounting plugin ChaosEditor
LogPluginManager: Mounting plugin ChaosNiagara
LogPluginManager: Mounting plugin ChaosSolverPlugin
LogPluginManager: Mounting plugin CharacterAI
LogPluginManager: Mounting plugin GeometryCache
LogPluginManager: Mounting plugin GeometryCollectionPlugin
LogPluginManager: Mounting plugin GeometryProcessing
LogPluginManager: Mounting plugin PlanarCut
LogPluginManager: Mounting plugin PlatformCrypto
LogPluginManager: Mounting plugin ProxyLODPlugin
LogPluginManager: Mounting plugin SkeletalReduction
LogPluginManager: Mounting plugin Niagara
LogPluginManager: Mounting plugin MagicLeap
LogPluginManager: Mounting plugin MagicLeapLightEstimation
LogPluginManager: Mounting plugin MagicLeapMedia
LogPluginManager: Mounting plugin MagicLeapPassableWorld
LogPluginManager: Mounting plugin MLSDK
LogPluginManager: Mounting plugin AndroidMedia
LogPluginManager: Mounting plugin AvfMedia
LogPluginManager: Mounting plugin ImgMedia
LogPluginManager: Mounting plugin MediaCompositing
LogPluginManager: Mounting plugin MediaPlayerEditor
LogPluginManager: Mounting plugin WebMMedia
LogPluginManager: Mounting plugin WmfMedia
LogPluginManager: Mounting plugin MeshPainting
LogPluginManager: Mounting plugin TcpMessaging
LogPluginManager: Mounting plugin UdpMessaging
LogPluginManager: Mounting plugin ActorSequence
LogPluginManager: Mounting plugin LevelSequenceEditor
LogPluginManager: Mounting plugin MatineeToLevelSequence
LogPluginManager: Mounting plugin MovieRenderPipeline
LogPluginManager: Mounting plugin TemplateSequence
LogPluginManager: Mounting plugin NetcodeUnitTest
LogPluginManager: Mounting plugin NUTUnrealEngine4
LogPluginManager: Mounting plugin OnlineSubsystemGooglePlay
LogPluginManager: Mounting plugin OnlineSubsystemIOS
LogPluginManager: Mounting plugin OnlineSubsystem
LogPluginManager: Mounting plugin OnlineSubsystemNull
LogPluginManager: Mounting plugin OnlineSubsystemUtils
LogPluginManager: Mounting plugin LauncherChunkInstaller
LogPluginManager: Mounting plugin AndroidDeviceProfileSelector
LogPluginManager: Mounting plugin AndroidMoviePlayer
LogPluginManager: Mounting plugin AndroidPermission
LogPluginManager: Mounting plugin AppleImageUtils
LogPluginManager: Mounting plugin AppleMoviePlayer
LogPluginManager: Mounting plugin ArchVisCharacter
LogPluginManager: Mounting plugin AssetTags
LogPluginManager: Mounting plugin AudioCapture
LogPluginManager: Mounting plugin CableComponent
LogPluginManager: Mounting plugin CustomMeshComponent
LogPluginManager: Mounting plugin EditableMesh
LogPluginManager: Mounting plugin ExampleDeviceProfileSelector
LogPluginManager: Mounting plugin GoogleCloudMessaging
LogPluginManager: Mounting plugin GooglePAD
LogPluginManager: Mounting plugin IOSDeviceProfileSelector
LogPluginManager: Mounting plugin LinuxDeviceProfileSelector
LogPluginManager: Mounting plugin LocationServicesBPLibrary
LogPluginManager: Mounting plugin MobilePatchingUtils
LogPluginManager: Mounting plugin OculusVR
LogPluginManager: Mounting plugin PhysXVehicles
LogPluginManager: Mounting plugin PostSplashScreen
LogPluginManager: Mounting plugin ProceduralMeshComponent
LogPluginManager: Mounting plugin RuntimePhysXCooking
LogPluginManager: Mounting plugin SignificanceManager
LogPluginManager: Mounting plugin SoundFields
LogPluginManager: Mounting plugin SteamVR
LogPluginManager: Mounting plugin Synthesis
LogPluginManager: Mounting plugin WebMMoviePlayer
LogPluginManager: Mounting plugin WindowsMoviePlayer
LogPluginManager: Mounting plugin ScreenshotTools
LogInit: Using libcurl 7.55.1-DEV
LogInit:  - built for x86_64-pc-win32
LogInit:  - supports SSL with OpenSSL/1.1.1
LogInit:  - supports HTTP deflate (compression) using libz 1.2.8
LogInit:  - other features:
LogInit:      CURL_VERSION_SSL
LogInit:      CURL_VERSION_LIBZ
LogInit:      CURL_VERSION_IPV6
LogInit:      CURL_VERSION_ASYNCHDNS
LogInit:      CURL_VERSION_LARGEFILE
LogInit:      CURL_VERSION_IDN
LogInit:  CurlRequestOptions (configurable via config and command line):
LogInit:  - bVerifyPeer = true  - Libcurl will verify peer certificate
LogInit:  - bUseHttpProxy = false  - Libcurl will NOT use HTTP proxy
LogInit:  - bDontReuseConnections = false  - Libcurl will reuse connections
LogInit:  - MaxHostConnections = 16  - Libcurl will limit the number of connections to a host
LogInit:  - LocalHostAddr = Default
LogInit:  - BufferSize = 65536
LogOnline: OSS: Creating online subsystem instance for: NULL
LogInit: WinSock: version 1.1 (2.2), MaxSocks=32767, MaxUdp=65467
LogOnline: OSS: TryLoadSubsystemAndSetDefault: Loaded subsystem for module [NULL]
LogOculusPluginWrapper: OculusPlugin initialized successfully
LogHMD: Failed initializing OVRPlugin 1.44.0
LogInit: Build: ++UE4+Release-4.25-CL-13594126
LogInit: Engine Version: 4.25.1-13594126+++UE4+Release-4.25
LogInit: Compatible Engine Version: 4.25.0-13144385+++UE4+Release-4.25
LogInit: Net CL: 13144385
LogInit: OS: Windows 10 (Release 1909) (), CPU: Intel(R) Core(TM) i7-7700 CPU @ 3.60GHz, GPU: NVIDIA GeForce GTX 1080
LogInit: Compiled (64-bit): Jun  2 2020 02:10:36
LogInit: Compiled with Visual C++: 19.24.28315.00
LogInit: Build Configuration: Development
LogInit: Branch Name: ++UE4+Release-4.25
LogInit: Command Line: 
LogInit: Base Directory: S:/Programs/Unreal/UE_4.25/Engine/Binaries/Win64/
LogInit: Allocator: TBB
LogInit: Installed Engine Build: 1
LogDevObjectVersion: Number of dev versions registered: 26
LogDevObjectVersion:   Dev-Blueprints (B0D832E4-1F89-4F0D-ACCF-7EB736FD4AA2): 10
LogDevObjectVersion:   Dev-Build (E1C64328-A22C-4D53-A36C-8E866417BD8C): 0
LogDevObjectVersion:   Dev-Core (375EC13C-06E4-48FB-B500-84F0262A717E): 4
LogDevObjectVersion:   Dev-Editor (E4B068ED-F494-42E9-A231-DA0B2E46BB41): 38
LogDevObjectVersion:   Dev-Framework (CFFC743F-43B0-4480-9391-14DF171D2073): 37
LogDevObjectVersion:   Dev-Mobile (B02B49B5-BB20-44E9-A304-32B752E40360): 2
LogDevObjectVersion:   Dev-Networking (A4E4105C-59A1-49B5-A7C5-40C4547EDFEE): 0
LogDevObjectVersion:   Dev-Online (39C831C9-5AE6-47DC-9A44-9C173E1C8E7C): 0
LogDevObjectVersion:   Dev-Physics (78F01B33-EBEA-4F98-B9B4-84EACCB95AA2): 4
LogDevObjectVersion:   Dev-Platform (6631380F-2D4D-43E0-8009-CF276956A95A): 0
LogDevObjectVersion:   Dev-Rendering (12F88B9F-8875-4AFC-A67C-D90C383ABD29): 43
LogDevObjectVersion:   Dev-Sequencer (7B5AE74C-D270-4C10-A958-57980B212A5A): 12
LogDevObjectVersion:   Dev-VR (D7296918-1DD6-4BDD-9DE2-64A83CC13884): 3
LogDevObjectVersion:   Dev-LoadTimes (C2A15278-BFE7-4AFE-6C17-90FF531DF755): 1
LogDevObjectVersion:   Private-Geometry (6EACA3D4-40EC-4CC1-B786-8BED09428FC5): 3
LogDevObjectVersion:   Dev-AnimPhys (29E575DD-E0A3-4627-9D10-D276232CDCEA): 17
LogDevObjectVersion:   Dev-Anim (AF43A65D-7FD3-4947-9873-3E8ED9C1BB05): 7
LogDevObjectVersion:   Dev-ReflectionCapture (6B266CEC-1EC7-4B8F-A30B-E4D90942FC07): 1
LogDevObjectVersion:   Dev-Automation (0DF73D61-A23F-47EA-B727-89E90C41499A): 1
LogDevObjectVersion:   FortniteMain (601D1886-AC64-4F84-AA16-D3DE0DEAC7D6): 31
LogDevObjectVersion:   Dev-Enterprise (9DFFBCD6-494F-0158-E221-12823C92A888): 10
LogDevObjectVersion:   Dev-Niagara (F2AED0AC-9AFE-416F-8664-AA7FFA26D6FC): 1
LogDevObjectVersion:   Dev-Destruction (174F1F0B-B4C6-45A5-B13F-2EE8D0FB917D): 10
LogDevObjectVersion:   Dev-Physics-Ext (35F94A83-E258-406C-A318-09F59610247C): 37
LogDevObjectVersion:   Dev-PhysicsMaterial-Chaos (B68FC16E-8B1B-42E2-B453-215C058844FE): 1
LogDevObjectVersion:   Dev-CineCamera (B2E18506-4273-CFC2-A54E-F4BB758BBA07): 1
LogInit: Presizing for max 25165824 objects, including 0 objects not considered by GC, pre-allocating 0 bytes for permanent pool.
LogConfig: Applying CVar settings from Section [/Script/Engine.StreamingSettings] File [S:/Documents/Unreal/HadoukenVR/HadoukenVR/Saved/Config/Windows/Engine.ini]
LogConfig: Setting CVar [[s.MinBulkDataSizeForAsyncLoading:131072]]
LogConfig: Setting CVar [[s.AsyncLoadingThreadEnabled:0]]
LogConfig: Setting CVar [[s.EventDrivenLoaderEnabled:1]]
LogConfig: Setting CVar [[s.WarnIfTimeLimitExceeded:0]]
LogConfig: Setting CVar [[s.TimeLimitExceededMultiplier:1.5]]
LogConfig: Setting CVar [[s.TimeLimitExceededMinTime:0.005]]
LogConfig: Setting CVar [[s.UseBackgroundLevelStreaming:1]]
LogConfig: Setting CVar [[s.PriorityAsyncLoadingExtraTime:15.0]]
LogConfig: Setting CVar [[s.LevelStreamingActorsUpdateTimeLimit:5.0]]
LogConfig: Setting CVar [[s.PriorityLevelStreamingActorsUpdateExtraTime:5.0]]
LogConfig: Setting CVar [[s.LevelStreamingComponentsRegistrationGranularity:10]]
LogConfig: Setting CVar [[s.UnregisterComponentsTimeLimit:1.0]]
LogConfig: Setting CVar [[s.LevelStreamingComponentsUnregistrationGranularity:5]]
LogConfig: Setting CVar [[s.FlushStreamingOnExit:1]]
LogInit: Object subsystem initialized
LogConfig: Setting CVar [[con.DebugEarlyDefault:1]]
LogConfig: Setting CVar [[r.setres:1280x720]]
[2020.09.01-19.00.45:617][  0]LogConfig: Setting CVar [[r.VSync:0]]
[2020.09.01-19.00.45:617][  0]LogConfig: Setting CVar [[r.RHICmdBypass:0]]
[2020.09.01-19.00.45:618][  0]LogConfig: Applying CVar settings from Section [/Script/Engine.RendererSettings] File [S:/Documents/Unreal/HadoukenVR/HadoukenVR/Saved/Config/Windows/Engine.ini]
[2020.09.01-19.00.45:618][  0]LogConfig: Setting CVar [[r.GPUCrashDebugging:0]]
[2020.09.01-19.00.45:618][  0]LogConfig: Setting CVar [[r.Mobile.DisableVertexFog:1]]
[2020.09.01-19.00.45:618][  0]LogConfig: Setting CVar [[r.Shadow.CSM.MaxMobileCascades:2]]
[2020.09.01-19.00.45:618][  0]LogConfig: Setting CVar [[r.MobileMSAA:1]]
[2020.09.01-19.00.45:618][  0]LogConfig: Setting CVar [[r.Mobile.UseLegacyShadingModel:0]]
[2020.09.01-19.00.45:618][  0]LogConfig: Setting CVar [[r.Mobile.AllowDitheredLODTransition:0]]
[2020.09.01-19.00.45:618][  0]LogConfig: Setting CVar [[r.Mobile.AllowSoftwareOcclusion:0]]
[2020.09.01-19.00.45:618][  0]LogConfig: Setting CVar [[r.Mobile.VirtualTextures:0]]
[2020.09.01-19.00.45:618][  0]LogConfig: Setting CVar [[r.DiscardUnusedQuality:0]]
[2020.09.01-19.00.45:618][  0]LogConfig: Setting CVar [[r.AllowOcclusionQueries:1]]
[2020.09.01-19.00.45:618][  0]LogConfig: Setting CVar [[r.MinScreenRadiusForLights:0.030000]]
[2020.09.01-19.00.45:618][  0]LogConfig: Setting CVar [[r.MinScreenRadiusForDepthPrepass:0.030000]]
[2020.09.01-19.00.45:618][  0]LogConfig: Setting CVar [[r.MinScreenRadiusForCSMDepth:0.010000]]
[2020.09.01-19.00.45:618][  0]LogConfig: Setting CVar [[r.PrecomputedVisibilityWarning:0]]
[2020.09.01-19.00.45:618][  0]LogConfig: Setting CVar [[r.TextureStreaming:1]]
[2020.09.01-19.00.45:618][  0]LogConfig: Setting CVar [[Compat.UseDXT5NormalMaps:0]]
[2020.09.01-19.00.45:618][  0]LogConfig: Setting CVar [[r.VirtualTextures:0]]
[2020.09.01-19.00.45:618][  0]LogConfig: Setting CVar [[r.VirtualTexturedLightmaps:0]]
[2020.09.01-19.00.45:618][  0]LogConfig: Setting CVar [[r.VT.TileSize:128]]
[2020.09.01-19.00.45:618][  0]LogConfig: Setting CVar [[r.VT.TileBorderSize:4]]
[2020.09.01-19.00.45:618][  0]LogConfig: Setting CVar [[r.vt.FeedbackFactor:16]]
[2020.09.01-19.00.45:618][  0]LogConfig: Setting CVar [[r.VT.EnableCompressZlib:1]]
[2020.09.01-19.00.45:618][  0]LogConfig: Setting CVar [[r.VT.EnableCompressCrunch:0]]
[2020.09.01-19.00.45:618][  0]LogConfig: Setting CVar [[r.ClearCoatNormal:0]]
[2020.09.01-19.00.45:618][  0]LogConfig: Setting CVar [[r.AnisotropicBRDF:0]]
[2020.09.01-19.00.45:618][  0]LogConfig: Setting CVar [[r.ReflectionCaptureResolution:128]]
[2020.09.01-19.00.45:618][  0]LogConfig: Setting CVar [[r.ReflectionEnvironmentLightmapMixBasedOnRoughness:1]]
[2020.09.01-19.00.45:618][  0]LogConfig: Setting CVar [[r.ForwardShading:0]]
[2020.09.01-19.00.45:618][  0]LogConfig: Setting CVar [[r.VertexFoggingForOpaque:1]]
[2020.09.01-19.00.45:618][  0]LogConfig: Setting CVar [[r.AllowStaticLighting:1]]
[2020.09.01-19.00.45:618][  0]LogConfig: Setting CVar [[r.NormalMapsForStaticLighting:0]]
[2020.09.01-19.00.45:618][  0]LogConfig: Setting CVar [[r.GenerateMeshDistanceFields:0]]
[2020.09.01-19.00.45:618][  0]LogConfig: Setting CVar [[r.DistanceFieldBuild.EightBit:0]]
[2020.09.01-19.00.45:618][  0]LogConfig: Setting CVar [[r.GenerateLandscapeGIData:0]]
[2020.09.01-19.00.45:618][  0]LogConfig: Setting CVar [[r.DistanceFieldBuild.Compress:0]]
[2020.09.01-19.00.45:618][  0]LogConfig: Setting CVar [[r.TessellationAdaptivePixelsPerTriangle:48.000000]]
[2020.09.01-19.00.45:618][  0]LogConfig: Setting CVar [[r.SeparateTranslucency:0]]
[2020.09.01-19.00.45:618][  0]LogConfig: Setting CVar [[r.TranslucentSortPolicy:0]]
[2020.09.01-19.00.45:618][  0]LogConfig: Setting CVar [[r.CustomDepth:1]]
[2020.09.01-19.00.45:618][  0]LogConfig: Setting CVar [[r.CustomDepthTemporalAAJitter:1]]
[2020.09.01-19.00.45:619][  0]LogConfig: Setting CVar [[r.PostProcessing.PropagateAlpha:0]]
[2020.09.01-19.00.45:619][  0]LogConfig: Setting CVar [[r.DefaultFeature.Bloom:0]]
[2020.09.01-19.00.45:619][  0]LogConfig: Setting CVar [[r.DefaultFeature.AmbientOcclusion:0]]
[2020.09.01-19.00.45:619][  0]LogConfig: Setting CVar [[r.DefaultFeature.AmbientOcclusionStaticFraction:0]]
[2020.09.01-19.00.45:619][  0]LogConfig: Setting CVar [[r.DefaultFeature.AutoExposure:0]]
[2020.09.01-19.00.45:619][  0]LogConfig: Setting CVar [[r.DefaultFeature.AutoExposure.Method:0]]
[2020.09.01-19.00.45:619][  0]LogConfig: Setting CVar [[r.DefaultFeature.AutoExposure.Bias:1.000000]]
[2020.09.01-19.00.45:619][  0]LogConfig: Setting CVar [[r.DefaultFeature.AutoExposure.ExtendDefaultLuminanceRange:0]]
[2020.09.01-19.00.45:619][  0]LogConfig: Setting CVar [[r.UsePreExposure:1]]
[2020.09.01-19.00.45:619][  0]LogConfig: Setting CVar [[r.EyeAdaptation.EditorOnly:0]]
[2020.09.01-19.00.45:619][  0]LogConfig: Setting CVar [[r.DefaultFeature.MotionBlur:0]]
[2020.09.01-19.00.45:619][  0]LogConfig: Setting CVar [[r.DefaultFeature.LensFlare:0]]
[2020.09.01-19.00.45:619][  0]LogConfig: Setting CVar [[r.TemporalAA.Upsampling:0]]
[2020.09.01-19.00.45:619][  0]LogConfig: Setting CVar [[r.SSGI.Enable:0]]
[2020.09.01-19.00.45:619][  0]LogConfig: Setting CVar [[r.DefaultFeature.AntiAliasing:0]]
[2020.09.01-19.00.45:619][  0]LogConfig: Setting CVar [[r.DefaultFeature.LightUnits:1]]
[2020.09.01-19.00.45:619][  0]LogConfig: Setting CVar [[r.DefaultBackBufferPixelFormat:4]]
[2020.09.01-19.00.45:619][  0]LogConfig: Setting CVar [[r.Shadow.UnbuiltPreviewInGame:1]]
[2020.09.01-19.00.45:619][  0]LogConfig: Setting CVar [[r.StencilForLODDither:0]]
[2020.09.01-19.00.45:619][  0]LogConfig: Setting CVar [[r.EarlyZPass:3]]
[2020.09.01-19.00.45:628][  0]LogConfig: Setting CVar [[r.EarlyZPassOnlyMaterialMasking:0]]
[2020.09.01-19.00.45:628][  0]LogConfig: Setting CVar [[r.DBuffer:1]]
[2020.09.01-19.00.45:628][  0]LogConfig: Setting CVar [[r.ClearSceneMethod:1]]
[2020.09.01-19.00.45:628][  0]LogConfig: Setting CVar [[r.BasePassOutputsVelocity:0]]
[2020.09.01-19.00.45:629][  0]LogConfig: Setting CVar [[r.VertexDeformationOutputsVelocity:0]]
[2020.09.01-19.00.45:629][  0]LogConfig: Setting CVar [[r.SelectiveBasePassOutputs:0]]
[2020.09.01-19.00.45:629][  0]LogConfig: Setting CVar [[fx.GPUSimulationTextureSizeX:1024]]
[2020.09.01-19.00.45:629][  0]LogConfig: Setting CVar [[fx.GPUSimulationTextureSizeY:1024]]
[2020.09.01-19.00.45:629][  0]LogConfig: Setting CVar [[r.AllowGlobalClipPlane:0]]
[2020.09.01-19.00.45:629][  0]LogConfig: Setting CVar [[r.GBufferFormat:1]]
[2020.09.01-19.00.45:629][  0]LogConfig: Setting CVar [[r.MorphTarget.Mode:1]]
[2020.09.01-19.00.45:629][  0]LogConfig: Setting CVar [[vr.InstancedStereo:1]]
[2020.09.01-19.00.45:629][  0]LogConfig: Setting CVar [[r.MobileHDR:0]]
[2020.09.01-19.00.45:629][  0]LogConfig: Setting CVar [[vr.MobileMultiView:0]]
[2020.09.01-19.00.45:629][  0]LogConfig: Setting CVar [[r.Mobile.UseHWsRGBEncoding:1]]
[2020.09.01-19.00.45:629][  0]LogConfig: Setting CVar [[vr.RoundRobinOcclusion:0]]
[2020.09.01-19.00.45:629][  0]LogConfig: Setting CVar [[vr.ODSCapture:0]]
[2020.09.01-19.00.45:629][  0]LogConfig: Setting CVar [[r.MeshStreaming:0]]
[2020.09.01-19.00.45:629][  0]LogConfig: Setting CVar [[r.WireframeCullThreshold:5.000000]]
[2020.09.01-19.00.45:629][  0]LogConfig: Setting CVar [[r.RayTracing:0]]
[2020.09.01-19.00.45:629][  0]LogConfig: Setting CVar [[r.RayTracing.UseTextureLod:0]]
[2020.09.01-19.00.45:629][  0]LogConfig: Setting CVar [[r.SupportStationarySkylight:1]]
[2020.09.01-19.00.45:629][  0]LogConfig: Setting CVar [[r.SupportLowQualityLightmaps:1]]
[2020.09.01-19.00.45:629][  0]LogConfig: Setting CVar [[r.SupportPointLightWholeSceneShadows:1]]
[2020.09.01-19.00.45:629][  0]LogConfig: Setting CVar [[r.SupportAtmosphericFog:1]]
[2020.09.01-19.00.45:629][  0]LogConfig: Setting CVar [[r.SupportSkyAtmosphere:1]]
[2020.09.01-19.00.45:629][  0]LogConfig: Setting CVar [[r.SupportSkyAtmosphereAffectsHeightFog:0]]
[2020.09.01-19.00.45:629][  0]LogConfig: Setting CVar [[r.SkinCache.CompileShaders:0]]
[2020.09.01-19.00.45:629][  0]LogConfig: Setting CVar [[r.SkinCache.DefaultBehavior:1]]
[2020.09.01-19.00.45:629][  0]LogConfig: Setting CVar [[r.SkinCache.SceneMemoryLimitInMB:128.000000]]
[2020.09.01-19.00.45:629][  0]LogConfig: Setting CVar [[r.Mobile.EnableStaticAndCSMShadowReceivers:1]]
[2020.09.01-19.00.45:629][  0]LogConfig: Setting CVar [[r.Mobile.EnableMovableLightCSMShaderCulling:1]]
[2020.09.01-19.00.45:629][  0]LogConfig: Setting CVar [[r.Mobile.AllowDistanceFieldShadows:1]]
[2020.09.01-19.00.45:629][  0]LogConfig: Setting CVar [[r.Mobile.AllowMovableDirectionalLights:1]]
[2020.09.01-19.00.45:629][  0]LogConfig: Setting CVar [[r.MobileNumDynamicPointLights:4]]
[2020.09.01-19.00.45:629][  0]LogConfig: Setting CVar [[r.MobileDynamicPointLightsUseStaticBranch:1]]
[2020.09.01-19.00.45:629][  0]LogConfig: Setting CVar [[r.Mobile.EnableMovableSpotlights:0]]
[2020.09.01-19.00.45:629][  0]LogConfig: Setting CVar [[r.GPUSkin.Support16BitBoneIndex:0]]
[2020.09.01-19.00.45:629][  0]LogConfig: Setting CVar [[r.GPUSkin.Limit2BoneInfluences:0]]
[2020.09.01-19.00.45:629][  0]LogConfig: Setting CVar [[r.SupportDepthOnlyIndexBuffers:1]]
[2020.09.01-19.00.45:629][  0]LogConfig: Setting CVar [[r.SupportReversedIndexBuffers:1]]
[2020.09.01-19.00.45:629][  0]LogConfig: Setting CVar [[r.SupportMaterialLayers:0]]
[2020.09.01-19.00.45:629][  0]LogConfig: Setting CVar [[r.LightPropagationVolume:0]]
[2020.09.01-19.00.45:629][  0]LogConfig: Applying CVar settings from Section [/Script/Engine.RendererOverrideSettings] File [S:/Documents/Unreal/HadoukenVR/HadoukenVR/Saved/Config/Windows/Engine.ini]
[2020.09.01-19.00.45:629][  0]LogConfig: Applying CVar settings from Section [/Script/Engine.StreamingSettings] File [S:/Documents/Unreal/HadoukenVR/HadoukenVR/Saved/Config/Windows/Engine.ini]
[2020.09.01-19.00.45:629][  0]LogConfig: Setting CVar [[s.MinBulkDataSizeForAsyncLoading:131072]]
[2020.09.01-19.00.45:629][  0]LogConfig: Setting CVar [[s.AsyncLoadingThreadEnabled:0]]
[2020.09.01-19.00.45:629][  0]LogConfig: Setting CVar [[s.EventDrivenLoaderEnabled:1]]
[2020.09.01-19.00.45:629][  0]LogConfig: Setting CVar [[s.WarnIfTimeLimitExceeded:0]]
[2020.09.01-19.00.45:629][  0]LogConfig: Setting CVar [[s.TimeLimitExceededMultiplier:1.5]]
[2020.09.01-19.00.45:629][  0]LogConfig: Setting CVar [[s.TimeLimitExceededMinTime:0.005]]
[2020.09.01-19.00.45:629][  0]LogConfig: Setting CVar [[s.UseBackgroundLevelStreaming:1]]
[2020.09.01-19.00.45:629][  0]LogConfig: Setting CVar [[s.PriorityAsyncLoadingExtraTime:15.0]]
[2020.09.01-19.00.45:629][  0]LogConfig: Setting CVar [[s.LevelStreamingActorsUpdateTimeLimit:5.0]]
[2020.09.01-19.00.45:629][  0]LogConfig: Setting CVar [[s.PriorityLevelStreamingActorsUpdateExtraTime:5.0]]
[2020.09.01-19.00.45:629][  0]LogConfig: Setting CVar [[s.LevelStreamingComponentsRegistrationGranularity:10]]
[2020.09.01-19.00.45:629][  0]LogConfig: Setting CVar [[s.UnregisterComponentsTimeLimit:1.0]]
[2020.09.01-19.00.45:629][  0]LogConfig: Setting CVar [[s.LevelStreamingComponentsUnregistrationGranularity:5]]
[2020.09.01-19.00.45:629][  0]LogConfig: Setting CVar [[s.FlushStreamingOnExit:1]]
[2020.09.01-19.00.45:629][  0]LogConfig: Applying CVar settings from Section [/Script/Engine.GarbageCollectionSettings] File [S:/Documents/Unreal/HadoukenVR/HadoukenVR/Saved/Config/Windows/Engine.ini]
[2020.09.01-19.00.45:629][  0]LogConfig: Setting CVar [[gc.MaxObjectsNotConsideredByGC:1]]
[2020.09.01-19.00.45:630][  0]LogConfig: Setting CVar [[gc.SizeOfPermanentObjectPool:0]]
[2020.09.01-19.00.45:630][  0]LogConfig: Setting CVar [[gc.FlushStreamingOnGC:0]]
[2020.09.01-19.00.45:630][  0]LogConfig: Setting CVar [[gc.NumRetriesBeforeForcingGC:10]]
[2020.09.01-19.00.45:630][  0]LogConfig: Setting CVar [[gc.AllowParallelGC:1]]
[2020.09.01-19.00.45:630][  0]LogConfig: Setting CVar [[gc.TimeBetweenPurgingPendingKillObjects:61.1]]
[2020.09.01-19.00.45:630][  0]LogConfig: Setting CVar [[gc.MaxObjectsInEditor:25165824]]
[2020.09.01-19.00.45:630][  0]LogConfig: Setting CVar [[gc.IncrementalBeginDestroyEnabled:1]]
[2020.09.01-19.00.45:630][  0]LogConfig: Setting CVar [[gc.CreateGCClusters:1]]
[2020.09.01-19.00.45:630][  0]LogConfig: Setting CVar [[gc.MinGCClusterSize:5]]
[2020.09.01-19.00.45:630][  0]LogConfig: Setting CVar [[gc.ActorClusteringEnabled:0]]
[2020.09.01-19.00.45:630][  0]LogConfig: Setting CVar [[gc.BlueprintClusteringEnabled:0]]
[2020.09.01-19.00.45:630][  0]LogConfig: Setting CVar [[gc.UseDisregardForGCOnDedicatedServers:0]]
[2020.09.01-19.00.45:630][  0]LogConfig: Applying CVar settings from Section [/Script/Engine.NetworkSettings] File [S:/Documents/Unreal/HadoukenVR/HadoukenVR/Saved/Config/Windows/Engine.ini]
[2020.09.01-19.00.45:630][  0]LogConfig: Applying CVar settings from Section [/Script/UnrealEd.CookerSettings] File [S:/Documents/Unreal/HadoukenVR/HadoukenVR/Saved/Config/Windows/Engine.ini]
[2020.09.01-19.00.45:667][  0]LogConfig: Applying CVar settings from Section [ViewDistanceQuality@3] File [S:/Documents/Unreal/HadoukenVR/HadoukenVR/Saved/Config/Windows/Scalability.ini]
[2020.09.01-19.00.45:667][  0]LogConfig: Setting CVar [[r.SkeletalMeshLODBias:0]]
[2020.09.01-19.00.45:667][  0]LogConfig: Setting CVar [[r.ViewDistanceScale:1.0]]
[2020.09.01-19.00.45:667][  0]LogConfig: Applying CVar settings from Section [AntiAliasingQuality@3] File [S:/Documents/Unreal/HadoukenVR/HadoukenVR/Saved/Config/Windows/Scalability.ini]
[2020.09.01-19.00.45:667][  0]LogConfig: Setting CVar [[r.PostProcessAAQuality:3]]
[2020.09.01-19.00.45:667][  0]LogConfig: Applying CVar settings from Section [ShadowQuality@3] File [S:/Documents/Unreal/HadoukenVR/HadoukenVR/Saved/Config/Windows/Scalability.ini]
[2020.09.01-19.00.45:667][  0]LogConfig: Setting CVar [[r.LightFunctionQuality:1]]
[2020.09.01-19.00.45:667][  0]LogConfig: Setting CVar [[r.ShadowQuality:5]]
[2020.09.01-19.00.45:667][  0]LogConfig: Setting CVar [[r.Shadow.CSM.MaxCascades:10]]
[2020.09.01-19.00.45:667][  0]LogConfig: Setting CVar [[r.Shadow.MaxResolution:2048]]
[2020.09.01-19.00.45:667][  0]LogConfig: Setting CVar [[r.Shadow.MaxCSMResolution:2048]]
[2020.09.01-19.00.45:667][  0]LogConfig: Setting CVar [[r.Shadow.RadiusThreshold:0.01]]
[2020.09.01-19.00.45:667][  0]LogConfig: Setting CVar [[r.Shadow.DistanceScale:1.0]]
[2020.09.01-19.00.45:667][  0]LogConfig: Setting CVar [[r.Shadow.CSM.TransitionScale:1.0]]
[2020.09.01-19.00.45:667][  0]LogConfig: Setting CVar [[r.Shadow.PreShadowResolutionFactor:1.0]]
[2020.09.01-19.00.45:667][  0]LogConfig: Setting CVar [[r.DistanceFieldShadowing:1]]
[2020.09.01-19.00.45:667][  0]LogConfig: Setting CVar [[r.DistanceFieldAO:1]]
[2020.09.01-19.00.45:667][  0]LogConfig: Setting CVar [[r.AOQuality:2]]
[2020.09.01-19.00.45:667][  0]LogConfig: Setting CVar [[r.VolumetricFog:1]]
[2020.09.01-19.00.45:667][  0]LogConfig: Setting CVar [[r.VolumetricFog.GridPixelSize:8]]
[2020.09.01-19.00.45:667][  0]LogConfig: Setting CVar [[r.VolumetricFog.GridSizeZ:128]]
[2020.09.01-19.00.45:667][  0]LogConfig: Setting CVar [[r.VolumetricFog.HistoryMissSupersampleCount:4]]
[2020.09.01-19.00.45:667][  0]LogConfig: Setting CVar [[r.LightMaxDrawDistanceScale:1]]
[2020.09.01-19.00.45:667][  0]LogConfig: Setting CVar [[r.CapsuleShadows:1]]
[2020.09.01-19.00.45:667][  0]LogConfig: Applying CVar settings from Section [PostProcessQuality@3] File [S:/Documents/Unreal/HadoukenVR/HadoukenVR/Saved/Config/Windows/Scalability.ini]
[2020.09.01-19.00.45:667][  0]LogConfig: Setting CVar [[r.MotionBlurQuality:0]]
[2020.09.01-19.00.45:667][  0]LogConfig: Setting CVar [[r.AmbientOcclusionMipLevelFactor:0.4]]
[2020.09.01-19.00.45:667][  0]LogConfig: Setting CVar [[r.AmbientOcclusionMaxQuality:100]]
[2020.09.01-19.00.45:667][  0]LogConfig: Setting CVar [[r.AmbientOcclusionLevels:0]]
[2020.09.01-19.00.45:667][  0]LogConfig: Setting CVar [[r.AmbientOcclusionRadiusScale:1.0]]
[2020.09.01-19.00.45:667][  0]LogConfig: Setting CVar [[r.DepthOfFieldQuality:0]]
[2020.09.01-19.00.45:667][  0]LogConfig: Setting CVar [[r.RenderTargetPoolMin:400]]
[2020.09.01-19.00.45:667][  0]LogConfig: Setting CVar [[r.LensFlareQuality:0]]
[2020.09.01-19.00.45:667][  0]LogConfig: Setting CVar [[r.SceneColorFringeQuality:0]]
[2020.09.01-19.00.45:667][  0]LogConfig: Setting CVar [[r.EyeAdaptationQuality:2]]
[2020.09.01-19.00.45:667][  0]LogConfig: Setting CVar [[r.BloomQuality:1]]
[2020.09.01-19.00.45:667][  0]LogConfig: Setting CVar [[r.FastBlurThreshold:0]]
[2020.09.01-19.00.45:667][  0]LogConfig: Setting CVar [[r.Upscale.Quality:3]]
[2020.09.01-19.00.45:667][  0]LogConfig: Setting CVar [[r.Tonemapper.GrainQuantization:1]]
[2020.09.01-19.00.45:667][  0]LogConfig: Setting CVar [[r.LightShaftQuality:1]]
[2020.09.01-19.00.45:667][  0]LogConfig: Setting CVar [[r.Filter.SizeScale:1]]
[2020.09.01-19.00.45:667][  0]LogConfig: Setting CVar [[r.Tonemapper.Quality:5]]
[2020.09.01-19.00.45:667][  0]LogConfig: Setting CVar [[r.DOF.Gather.AccumulatorQuality:1        ; higher gathering accumulator quality]]
[2020.09.01-19.00.45:667][  0]LogConfig: Setting CVar [[r.DOF.Gather.PostfilterMethod:1          ; Median3x3 postfilering method]]
[2020.09.01-19.00.45:667][  0]LogConfig: Setting CVar [[r.DOF.Gather.EnableBokehSettings:0       ; no bokeh simulation when gathering]]
[2020.09.01-19.00.45:667][  0]LogConfig: Setting CVar [[r.DOF.Gather.RingCount:4                 ; medium number of samples when gathering]]
[2020.09.01-19.00.45:667][  0]LogConfig: Setting CVar [[r.DOF.Scatter.ForegroundCompositing:1    ; additive foreground scattering]]
[2020.09.01-19.00.45:667][  0]LogConfig: Setting CVar [[r.DOF.Scatter.BackgroundCompositing:2    ; additive background scattering]]
[2020.09.01-19.00.45:667][  0]LogConfig: Setting CVar [[r.DOF.Scatter.EnableBokehSettings:1      ; bokeh simulation when scattering]]
[2020.09.01-19.00.45:667][  0]LogConfig: Setting CVar [[r.DOF.Scatter.MaxSpriteRatio:0.1         ; only a maximum of 10% of scattered bokeh]]
[2020.09.01-19.00.45:667][  0]LogConfig: Setting CVar [[r.DOF.Recombine.Quality:1                ; cheap slight out of focus]]
[2020.09.01-19.00.45:667][  0]LogConfig: Setting CVar [[r.DOF.Recombine.EnableBokehSettings:0    ; no bokeh simulation on slight out of focus]]
[2020.09.01-19.00.45:667][  0]LogConfig: Setting CVar [[r.DOF.TemporalAAQuality:1                ; more stable temporal accumulation]]
[2020.09.01-19.00.45:667][  0]LogConfig: Setting CVar [[r.DOF.Kernel.MaxForegroundRadius:0.025]]
[2020.09.01-19.00.45:667][  0]LogConfig: Setting CVar [[r.DOF.Kernel.MaxBackgroundRadius:0.025]]
[2020.09.01-19.00.45:667][  0]LogConfig: Applying CVar settings from Section [TextureQuality@3] File [S:/Documents/Unreal/HadoukenVR/HadoukenVR/Saved/Config/Windows/Scalability.ini]
[2020.09.01-19.00.45:667][  0]LogConfig: Setting CVar [[r.Streaming.MipBias:0]]
[2020.09.01-19.00.45:667][  0]LogConfig: Setting CVar [[r.Streaming.AmortizeCPUToGPUCopy:0]]
[2020.09.01-19.00.45:667][  0]LogConfig: Setting CVar [[r.Streaming.MaxNumTexturesToStreamPerFrame:0]]
[2020.09.01-19.00.45:667][  0]LogConfig: Setting CVar [[r.Streaming.Boost:1]]
[2020.09.01-19.00.45:667][  0]LogConfig: Setting CVar [[r.MaxAnisotropy:8]]
[2020.09.01-19.00.45:667][  0]LogConfig: Setting CVar [[r.VT.MaxAnisotropy:8]]
[2020.09.01-19.00.45:668][  0]LogConfig: Setting CVar [[r.Streaming.LimitPoolSizeToVRAM:0]]
[2020.09.01-19.00.45:668][  0]LogConfig: Setting CVar [[r.Streaming.PoolSize:1000]]
[2020.09.01-19.00.45:668][  0]LogConfig: Setting CVar [[r.Streaming.MaxEffectiveScreenSize:0]]
[2020.09.01-19.00.45:668][  0]LogConfig: Applying CVar settings from Section [EffectsQuality@3] File [S:/Documents/Unreal/HadoukenVR/HadoukenVR/Saved/Config/Windows/Scalability.ini]
[2020.09.01-19.00.45:668][  0]LogConfig: Setting CVar [[r.TranslucencyLightingVolumeDim:4]]
[2020.09.01-19.00.45:668][  0]LogConfig: Setting CVar [[r.RefractionQuality:2]]
[2020.09.01-19.00.45:668][  0]LogConfig: Setting CVar [[r.SSR.Quality:0]]
[2020.09.01-19.00.45:668][  0]LogConfig: Setting CVar [[r.SSR.HalfResSceneColor:0]]
[2020.09.01-19.00.45:668][  0]LogConfig: Setting CVar [[r.SceneColorFormat:2]]
[2020.09.01-19.00.45:668][  0]LogConfig: Setting CVar [[r.DetailMode:2]]
[2020.09.01-19.00.45:668][  0]LogConfig: Setting CVar [[r.TranslucencyVolumeBlur:0]]
[2020.09.01-19.00.45:668][  0]LogConfig: Setting CVar [[r.MaterialQualityLevel:1 ; High quality]]
[2020.09.01-19.00.45:668][  0]LogConfig: Setting CVar [[r.SSS.Scale:1]]
[2020.09.01-19.00.45:668][  0]LogConfig: Setting CVar [[r.SSS.SampleSet:2]]
[2020.09.01-19.00.45:668][  0]LogConfig: Setting CVar [[r.SSS.Quality:1]]
[2020.09.01-19.00.45:668][  0]LogConfig: Setting CVar [[r.SSS.HalfRes:0]]
[2020.09.01-19.00.45:668][  0]LogConfig: Setting CVar [[r.SSGI.Quality:3]]
[2020.09.01-19.00.45:668][  0]LogConfig: Setting CVar [[r.EmitterSpawnRateScale:1.0]]
[2020.09.01-19.00.45:668][  0]LogConfig: Setting CVar [[r.ParticleLightQuality:2]]
[2020.09.01-19.00.45:668][  0]LogConfig: Setting CVar [[r.SkyAtmosphere.AerialPerspectiveLUT.FastApplyOnOpaque:1 ; Always have FastSkyLUT 1 in this case to avoid wrong sky]]
[2020.09.01-19.00.45:668][  0]LogConfig: Setting CVar [[r.SkyAtmosphere.AerialPerspectiveLUT.SampleCountPerSlice:1]]
[2020.09.01-19.00.45:668][  0]LogConfig: Setting CVar [[r.SkyAtmosphere.AerialPerspectiveLUT.DepthResolution:16.0]]
[2020.09.01-19.00.45:668][  0]LogConfig: Setting CVar [[r.SkyAtmosphere.FastSkyLUT:1]]
[2020.09.01-19.00.45:668][  0]LogConfig: Setting CVar [[r.SkyAtmosphere.FastSkyLUT.SampleCountMin:4.0]]
[2020.09.01-19.00.45:668][  0]LogConfig: Setting CVar [[r.SkyAtmosphere.FastSkyLUT.SampleCountMax:32.0]]
[2020.09.01-19.00.45:668][  0]LogConfig: Setting CVar [[r.SkyAtmosphere.SampleCountMin:4.0]]
[2020.09.01-19.00.45:668][  0]LogConfig: Setting CVar [[r.SkyAtmosphere.SampleCountMax:32.0]]
[2020.09.01-19.00.45:668][  0]LogConfig: Setting CVar [[r.SkyAtmosphere.TransmittanceLUT.UseSmallFormat:0]]
[2020.09.01-19.00.45:668][  0]LogConfig: Setting CVar [[r.SkyAtmosphere.TransmittanceLUT.SampleCount:10.0]]
[2020.09.01-19.00.45:668][  0]LogConfig: Setting CVar [[r.SkyAtmosphere.MultiScatteringLUT.SampleCount:15.0]]
[2020.09.01-19.00.45:668][  0]LogConfig: Applying CVar settings from Section [FoliageQuality@3] File [S:/Documents/Unreal/HadoukenVR/HadoukenVR/Saved/Config/Windows/Scalability.ini]
[2020.09.01-19.00.45:668][  0]LogConfig: Setting CVar [[foliage.DensityScale:1.0]]
[2020.09.01-19.00.45:668][  0]LogConfig: Setting CVar [[grass.DensityScale:1.0]]
[2020.09.01-19.00.45:668][  0]LogConfig: Applying CVar settings from Section [ShadingQuality@3] File [S:/Documents/Unreal/HadoukenVR/HadoukenVR/Saved/Config/Windows/Scalability.ini]
[2020.09.01-19.00.45:668][  0]LogConfig: Setting CVar [[r.HairStrands.SkyLighting.SampleCount:16]]
[2020.09.01-19.00.45:668][  0]LogConfig: Setting CVar [[r.HairStrands.SkyLighting.JitterIntegration:0]]
[2020.09.01-19.00.45:668][  0]LogConfig: Setting CVar [[r.HairStrands.SkyAO.SampleCount:16]]
[2020.09.01-19.00.45:668][  0]LogConfig: Setting CVar [[r.HairStrands.DeepShadow.SuperSampling:0]]
[2020.09.01-19.00.45:668][  0]LogConfig: Setting CVar [[r.HairStrands.VisibilityPPLL:0]]
[2020.09.01-19.00.45:668][  0]LogConfig: Setting CVar [[r.HairStrands.RasterizationScale:0.5]]
[2020.09.01-19.00.45:668][  0]LogConfig: Setting CVar [[r.HairStrands.VelocityRasterizationScale:1]]
[2020.09.01-19.00.45:683][  0]LogInit: Selected Device Profile: [Windows]
[2020.09.01-19.00.45:683][  0]LogInit: Applying CVar settings loaded from the selected device profile: [Windows]
[2020.09.01-19.00.45:688][  0]LogHAL: Display: Platform has ~ 8 GB [8529289216 / 8589934592 / 8], which maps to Default [LargestMinGB=32, LargerMinGB=12, DefaultMinGB=8, SmallerMinGB=6, SmallestMinGB=0)
[2020.09.01-19.00.45:688][  0]LogInit: Going up to parent DeviceProfile []
[2020.09.01-19.00.45:688][  0]LogConfig: Applying CVar settings from Section [ViewDistanceQuality@3] File [S:/Documents/Unreal/HadoukenVR/HadoukenVR/Saved/Config/Windows/Scalability.ini]
[2020.09.01-19.00.45:688][  0]LogConfig: Setting CVar [[r.SkeletalMeshLODBias:0]]
[2020.09.01-19.00.45:688][  0]LogConfig: Setting CVar [[r.ViewDistanceScale:1.0]]
[2020.09.01-19.00.45:688][  0]LogConfig: Applying CVar settings from Section [AntiAliasingQuality@3] File [S:/Documents/Unreal/HadoukenVR/HadoukenVR/Saved/Config/Windows/Scalability.ini]
[2020.09.01-19.00.45:688][  0]LogConfig: Setting CVar [[r.PostProcessAAQuality:3]]
[2020.09.01-19.00.45:688][  0]LogConfig: Applying CVar settings from Section [ShadowQuality@3] File [S:/Documents/Unreal/HadoukenVR/HadoukenVR/Saved/Config/Windows/Scalability.ini]
[2020.09.01-19.00.45:688][  0]LogConfig: Setting CVar [[r.LightFunctionQuality:1]]
[2020.09.01-19.00.45:688][  0]LogConfig: Setting CVar [[r.ShadowQuality:5]]
[2020.09.01-19.00.45:688][  0]LogConfig: Setting CVar [[r.Shadow.CSM.MaxCascades:10]]
[2020.09.01-19.00.45:688][  0]LogConfig: Setting CVar [[r.Shadow.MaxResolution:2048]]
[2020.09.01-19.00.45:688][  0]LogConfig: Setting CVar [[r.Shadow.MaxCSMResolution:2048]]
[2020.09.01-19.00.45:688][  0]LogConfig: Setting CVar [[r.Shadow.RadiusThreshold:0.01]]
[2020.09.01-19.00.45:688][  0]LogConfig: Setting CVar [[r.Shadow.DistanceScale:1.0]]
[2020.09.01-19.00.45:688][  0]LogConfig: Setting CVar [[r.Shadow.CSM.TransitionScale:1.0]]
[2020.09.01-19.00.45:688][  0]LogConfig: Setting CVar [[r.Shadow.PreShadowResolutionFactor:1.0]]
[2020.09.01-19.00.45:688][  0]LogConfig: Setting CVar [[r.DistanceFieldShadowing:1]]
[2020.09.01-19.00.45:688][  0]LogConfig: Setting CVar [[r.DistanceFieldAO:1]]
[2020.09.01-19.00.45:688][  0]LogConfig: Setting CVar [[r.AOQuality:2]]
[2020.09.01-19.00.45:688][  0]LogConfig: Setting CVar [[r.VolumetricFog:1]]
[2020.09.01-19.00.45:688][  0]LogConfig: Setting CVar [[r.VolumetricFog.GridPixelSize:8]]
[2020.09.01-19.00.45:688][  0]LogConfig: Setting CVar [[r.VolumetricFog.GridSizeZ:128]]
[2020.09.01-19.00.45:688][  0]LogConfig: Setting CVar [[r.VolumetricFog.HistoryMissSupersampleCount:4]]
[2020.09.01-19.00.45:688][  0]LogConfig: Setting CVar [[r.LightMaxDrawDistanceScale:1]]
[2020.09.01-19.00.45:688][  0]LogConfig: Setting CVar [[r.CapsuleShadows:1]]
[2020.09.01-19.00.45:689][  0]LogConfig: Applying CVar settings from Section [PostProcessQuality@3] File [S:/Documents/Unreal/HadoukenVR/HadoukenVR/Saved/Config/Windows/Scalability.ini]
[2020.09.01-19.00.45:689][  0]LogConfig: Setting CVar [[r.MotionBlurQuality:0]]
[2020.09.01-19.00.45:689][  0]LogConfig: Setting CVar [[r.AmbientOcclusionMipLevelFactor:0.4]]
[2020.09.01-19.00.45:689][  0]LogConfig: Setting CVar [[r.AmbientOcclusionMaxQuality:100]]
[2020.09.01-19.00.45:689][  0]LogConfig: Setting CVar [[r.AmbientOcclusionLevels:0]]
[2020.09.01-19.00.45:689][  0]LogConfig: Setting CVar [[r.AmbientOcclusionRadiusScale:1.0]]
[2020.09.01-19.00.45:689][  0]LogConfig: Setting CVar [[r.DepthOfFieldQuality:0]]
[2020.09.01-19.00.45:689][  0]LogConfig: Setting CVar [[r.RenderTargetPoolMin:400]]
[2020.09.01-19.00.45:689][  0]LogConfig: Setting CVar [[r.LensFlareQuality:0]]
[2020.09.01-19.00.45:689][  0]LogConfig: Setting CVar [[r.SceneColorFringeQuality:0]]
[2020.09.01-19.00.45:689][  0]LogConfig: Setting CVar [[r.EyeAdaptationQuality:2]]
[2020.09.01-19.00.45:689][  0]LogConfig: Setting CVar [[r.BloomQuality:1]]
[2020.09.01-19.00.45:689][  0]LogConfig: Setting CVar [[r.FastBlurThreshold:0]]
[2020.09.01-19.00.45:689][  0]LogConfig: Setting CVar [[r.Upscale.Quality:3]]
[2020.09.01-19.00.45:689][  0]LogConfig: Setting CVar [[r.Tonemapper.GrainQuantization:1]]
[2020.09.01-19.00.45:689][  0]LogConfig: Setting CVar [[r.LightShaftQuality:1]]
[2020.09.01-19.00.45:689][  0]LogConfig: Setting CVar [[r.Filter.SizeScale:1]]
[2020.09.01-19.00.45:689][  0]LogConfig: Setting CVar [[r.Tonemapper.Quality:5]]
[2020.09.01-19.00.45:689][  0]LogConfig: Setting CVar [[r.DOF.Gather.AccumulatorQuality:1        ; higher gathering accumulator quality]]
[2020.09.01-19.00.45:689][  0]LogConfig: Setting CVar [[r.DOF.Gather.PostfilterMethod:1          ; Median3x3 postfilering method]]
[2020.09.01-19.00.45:689][  0]LogConfig: Setting CVar [[r.DOF.Gather.EnableBokehSettings:0       ; no bokeh simulation when gathering]]
[2020.09.01-19.00.45:689][  0]LogConfig: Setting CVar [[r.DOF.Gather.RingCount:4                 ; medium number of samples when gathering]]
[2020.09.01-19.00.45:689][  0]LogConfig: Setting CVar [[r.DOF.Scatter.ForegroundCompositing:1    ; additive foreground scattering]]
[2020.09.01-19.00.45:689][  0]LogConfig: Setting CVar [[r.DOF.Scatter.BackgroundCompositing:2    ; additive background scattering]]
[2020.09.01-19.00.45:689][  0]LogConfig: Setting CVar [[r.DOF.Scatter.EnableBokehSettings:1      ; bokeh simulation when scattering]]
[2020.09.01-19.00.45:689][  0]LogConfig: Setting CVar [[r.DOF.Scatter.MaxSpriteRatio:0.1         ; only a maximum of 10% of scattered bokeh]]
[2020.09.01-19.00.45:689][  0]LogConfig: Setting CVar [[r.DOF.Recombine.Quality:1                ; cheap slight out of focus]]
[2020.09.01-19.00.45:689][  0]LogConfig: Setting CVar [[r.DOF.Recombine.EnableBokehSettings:0    ; no bokeh simulation on slight out of focus]]
[2020.09.01-19.00.45:689][  0]LogConfig: Setting CVar [[r.DOF.TemporalAAQuality:1                ; more stable temporal accumulation]]
[2020.09.01-19.00.45:689][  0]LogConfig: Setting CVar [[r.DOF.Kernel.MaxForegroundRadius:0.025]]
[2020.09.01-19.00.45:689][  0]LogConfig: Setting CVar [[r.DOF.Kernel.MaxBackgroundRadius:0.025]]
[2020.09.01-19.00.45:689][  0]LogConfig: Applying CVar settings from Section [TextureQuality@3] File [S:/Documents/Unreal/HadoukenVR/HadoukenVR/Saved/Config/Windows/Scalability.ini]
[2020.09.01-19.00.45:689][  0]LogConfig: Setting CVar [[r.Streaming.MipBias:0]]
[2020.09.01-19.00.45:689][  0]LogConfig: Setting CVar [[r.Streaming.AmortizeCPUToGPUCopy:0]]
[2020.09.01-19.00.45:689][  0]LogConfig: Setting CVar [[r.Streaming.MaxNumTexturesToStreamPerFrame:0]]
[2020.09.01-19.00.45:689][  0]LogConfig: Setting CVar [[r.Streaming.Boost:1]]
[2020.09.01-19.00.45:689][  0]LogConfig: Setting CVar [[r.MaxAnisotropy:8]]
[2020.09.01-19.00.45:689][  0]LogConfig: Setting CVar [[r.VT.MaxAnisotropy:8]]
[2020.09.01-19.00.45:689][  0]LogConfig: Setting CVar [[r.Streaming.LimitPoolSizeToVRAM:0]]
[2020.09.01-19.00.45:689][  0]LogConfig: Setting CVar [[r.Streaming.PoolSize:1000]]
[2020.09.01-19.00.45:689][  0]LogConfig: Setting CVar [[r.Streaming.MaxEffectiveScreenSize:0]]
[2020.09.01-19.00.45:689][  0]LogConfig: Applying CVar settings from Section [EffectsQuality@3] File [S:/Documents/Unreal/HadoukenVR/HadoukenVR/Saved/Config/Windows/Scalability.ini]
[2020.09.01-19.00.45:689][  0]LogConfig: Setting CVar [[r.TranslucencyLightingVolumeDim:4]]
[2020.09.01-19.00.45:689][  0]LogConfig: Setting CVar [[r.RefractionQuality:2]]
[2020.09.01-19.00.45:689][  0]LogConfig: Setting CVar [[r.SSR.Quality:0]]
[2020.09.01-19.00.45:689][  0]LogConfig: Setting CVar [[r.SSR.HalfResSceneColor:0]]
[2020.09.01-19.00.45:689][  0]LogConfig: Setting CVar [[r.SceneColorFormat:2]]
[2020.09.01-19.00.45:689][  0]LogConfig: Setting CVar [[r.DetailMode:2]]
[2020.09.01-19.00.45:689][  0]LogConfig: Setting CVar [[r.TranslucencyVolumeBlur:0]]
[2020.09.01-19.00.45:689][  0]LogConfig: Setting CVar [[r.MaterialQualityLevel:1 ; High quality]]
[2020.09.01-19.00.45:689][  0]LogConfig: Setting CVar [[r.SSS.Scale:1]]
[2020.09.01-19.00.45:689][  0]LogConfig: Setting CVar [[r.SSS.SampleSet:2]]
[2020.09.01-19.00.45:689][  0]LogConfig: Setting CVar [[r.SSS.Quality:1]]
[2020.09.01-19.00.45:689][  0]LogConfig: Setting CVar [[r.SSS.HalfRes:0]]
[2020.09.01-19.00.45:689][  0]LogConfig: Setting CVar [[r.SSGI.Quality:3]]
[2020.09.01-19.00.45:689][  0]LogConfig: Setting CVar [[r.EmitterSpawnRateScale:1.0]]
[2020.09.01-19.00.45:689][  0]LogConfig: Setting CVar [[r.ParticleLightQuality:2]]
[2020.09.01-19.00.45:689][  0]LogConfig: Setting CVar [[r.SkyAtmosphere.AerialPerspectiveLUT.FastApplyOnOpaque:1 ; Always have FastSkyLUT 1 in this case to avoid wrong sky]]
[2020.09.01-19.00.45:689][  0]LogConfig: Setting CVar [[r.SkyAtmosphere.AerialPerspectiveLUT.SampleCountPerSlice:1]]
[2020.09.01-19.00.45:689][  0]LogConfig: Setting CVar [[r.SkyAtmosphere.AerialPerspectiveLUT.DepthResolution:16.0]]
[2020.09.01-19.00.45:689][  0]LogConfig: Setting CVar [[r.SkyAtmosphere.FastSkyLUT:1]]
[2020.09.01-19.00.45:689][  0]LogConfig: Setting CVar [[r.SkyAtmosphere.FastSkyLUT.SampleCountMin:4.0]]
[2020.09.01-19.00.45:689][  0]LogConfig: Setting CVar [[r.SkyAtmosphere.FastSkyLUT.SampleCountMax:32.0]]
[2020.09.01-19.00.45:689][  0]LogConfig: Setting CVar [[r.SkyAtmosphere.SampleCountMin:4.0]]
[2020.09.01-19.00.45:689][  0]LogConfig: Setting CVar [[r.SkyAtmosphere.SampleCountMax:32.0]]
[2020.09.01-19.00.45:689][  0]LogConfig: Setting CVar [[r.SkyAtmosphere.TransmittanceLUT.UseSmallFormat:0]]
[2020.09.01-19.00.45:689][  0]LogConfig: Setting CVar [[r.SkyAtmosphere.TransmittanceLUT.SampleCount:10.0]]
[2020.09.01-19.00.45:689][  0]LogConfig: Setting CVar [[r.SkyAtmosphere.MultiScatteringLUT.SampleCount:15.0]]
[2020.09.01-19.00.45:689][  0]LogConfig: Applying CVar settings from Section [FoliageQuality@3] File [S:/Documents/Unreal/HadoukenVR/HadoukenVR/Saved/Config/Windows/Scalability.ini]
[2020.09.01-19.00.45:689][  0]LogConfig: Setting CVar [[foliage.DensityScale:1.0]]
[2020.09.01-19.00.45:689][  0]LogConfig: Setting CVar [[grass.DensityScale:1.0]]
[2020.09.01-19.00.45:689][  0]LogConfig: Applying CVar settings from Section [ShadingQuality@3] File [S:/Documents/Unreal/HadoukenVR/HadoukenVR/Saved/Config/Windows/Scalability.ini]
[2020.09.01-19.00.45:689][  0]LogConfig: Setting CVar [[r.HairStrands.SkyLighting.SampleCount:16]]
[2020.09.01-19.00.45:689][  0]LogConfig: Setting CVar [[r.HairStrands.SkyLighting.JitterIntegration:0]]
[2020.09.01-19.00.45:689][  0]LogConfig: Setting CVar [[r.HairStrands.SkyAO.SampleCount:16]]
[2020.09.01-19.00.45:689][  0]LogConfig: Setting CVar [[r.HairStrands.DeepShadow.SuperSampling:0]]
[2020.09.01-19.00.45:689][  0]LogConfig: Setting CVar [[r.HairStrands.VisibilityPPLL:0]]
[2020.09.01-19.00.45:689][  0]LogConfig: Setting CVar [[r.HairStrands.RasterizationScale:0.5]]
[2020.09.01-19.00.45:689][  0]LogConfig: Setting CVar [[r.HairStrands.VelocityRasterizationScale:1]]
[2020.09.01-19.00.45:689][  0]LogConfig: Applying CVar settings from Section [Startup] File [../../../Engine/Config/ConsoleVariables.ini]
[2020.09.01-19.00.45:706][  0]LogConfig: Setting CVar [[net.UseAdaptiveNetUpdateFrequency:0]]
[2020.09.01-19.00.45:706][  0]LogConfig: Setting CVar [[p.chaos.AllowCreatePhysxBodies:1]]
[2020.09.01-19.00.45:706][  0]LogConfig: Setting CVar [[fx.SkipVectorVMBackendOptimizations:1]]
[2020.09.01-19.00.45:706][  0]LogConfig: Applying CVar settings from Section [ConsoleVariables] File [S:/Documents/Unreal/HadoukenVR/HadoukenVR/Saved/Config/Windows/Engine.ini]
[2020.09.01-19.00.45:729][  0]LogInit: Computer: DOHERTYS-DESKTO
[2020.09.01-19.00.45:729][  0]LogInit: User: Doherty
[2020.09.01-19.00.45:729][  0]LogInit: CPU Page size=4096, Cores=4
[2020.09.01-19.00.45:729][  0]LogInit: High frequency timer resolution =10.000000 MHz
[2020.09.01-19.00.45:729][  0]LogMemory: Memory total: Physical=7.9GB (8GB approx)
[2020.09.01-19.00.45:729][  0]LogMemory: Platform Memory Stats for Windows
[2020.09.01-19.00.45:729][  0]LogMemory: Process Physical Memory: 117.66 MB used, 117.66 MB peak
[2020.09.01-19.00.45:729][  0]LogMemory: Process Virtual Memory: 100.14 MB used, 100.14 MB peak
[2020.09.01-19.00.45:729][  0]LogMemory: Physical Memory: 4523.36 MB used,  3610.80 MB free, 8134.16 MB total
[2020.09.01-19.00.45:729][  0]LogMemory: Virtual Memory: 5185.52 MB used,  134212544.00 MB free, 134217728.00 MB total
[2020.09.01-19.00.45:817][  0]LogWindows: WindowsPlatformFeatures enabled
[2020.09.01-19.00.46:660][  0]LogInit: Physics initialised using underlying interface: PhysX
[2020.09.01-19.00.46:710][  0]LogInit: Using OS detected language (en-US).
[2020.09.01-19.00.46:710][  0]LogInit: Using OS detected locale (en-GB).
[2020.09.01-19.00.46:775][  0]LogTextLocalizationManager: No specific localization for 'en-US' exists, so the 'en' localization will be used.
[2020.09.01-19.00.47:573][  0]LogInit: Setting process to per monitor DPI aware
[2020.09.01-19.00.48:021][  0]LogSlate: New Slate User Created.  User Index 0, Is Virtual User: 0
[2020.09.01-19.00.48:022][  0]LogSlate: Slate User Registered.  User Index 0, Is Virtual User: 0
[2020.09.01-19.00.56:600][  0]LogHMD: Failed to initialize OpenVR with code 108
[2020.09.01-19.00.56:600][  0]LogD3D11RHI: D3D11 min allowed feature level: 11_0
[2020.09.01-19.00.56:600][  0]LogD3D11RHI: D3D11 max allowed feature level: 11_0
[2020.09.01-19.00.56:600][  0]LogD3D11RHI: D3D11 adapters:
[2020.09.01-19.00.56:707][  0]LogD3D11RHI:    0. 'NVIDIA GeForce GTX 1080' (Feature Level 11_0)
[2020.09.01-19.00.56:707][  0]LogD3D11RHI:       8079/0/4067 MB DedicatedVideo/DedicatedSystem/SharedSystem, Outputs:1, VendorId:0x10de
[2020.09.01-19.00.56:709][  0]LogD3D11RHI:    1. 'Microsoft Basic Render Driver' (Feature Level 11_0)
[2020.09.01-19.00.56:709][  0]LogD3D11RHI:       0/0/4067 MB DedicatedVideo/DedicatedSystem/SharedSystem, Outputs:0, VendorId:0x1414
[2020.09.01-19.00.56:709][  0]LogD3D11RHI: Chosen D3D11 Adapter: 0
[2020.09.01-19.00.56:719][  0]LogD3D11RHI: Creating new Direct3DDevice
[2020.09.01-19.00.56:719][  0]LogD3D11RHI:     GPU DeviceId: 0x1b80 (for the marketing name, search the web for "GPU Device Id")
[2020.09.01-19.00.56:719][  0]LogWindows: EnumDisplayDevices:
[2020.09.01-19.00.56:719][  0]LogWindows:    0. 'NVIDIA GeForce GTX 1080' (P:1 D:1)
[2020.09.01-19.00.56:720][  0]LogWindows:    1. 'NVIDIA GeForce GTX 1080' (P:0 D:0)
[2020.09.01-19.00.56:720][  0]LogWindows:    2. 'NVIDIA GeForce GTX 1080' (P:0 D:0)
[2020.09.01-19.00.56:720][  0]LogWindows:    3. 'NVIDIA GeForce GTX 1080' (P:0 D:0)
[2020.09.01-19.00.56:720][  0]LogWindows: DebugString: FoundDriverCount:4 
[2020.09.01-19.00.56:720][  0]LogD3D11RHI:     Adapter Name: NVIDIA GeForce GTX 1080
[2020.09.01-19.00.56:720][  0]LogD3D11RHI:   Driver Version: 451.48 (internal:27.21.14.5148, unified:451.48)
[2020.09.01-19.00.56:720][  0]LogD3D11RHI:      Driver Date: 6-21-2020
[2020.09.01-19.00.56:721][  0]LogRHI: Texture pool is 5655 MB (70% of 8079 MB)
[2020.09.01-19.00.56:786][  0]LogD3D11RHI: RHI has support for 64 bit atomics
[2020.09.01-19.00.56:798][  0]LogD3D11RHI: [Aftermath] Enabled and primed
[2020.09.01-19.00.56:799][  0]LogD3D11RHI: Async texture creation enabled
[2020.09.01-19.00.56:799][  0]LogD3D11RHI: Array index from any shader is supported
[2020.09.01-19.00.57:080][  0]LogD3D11RHI: GPU Timing Frequency: 1000.000000 (Debug: 2 1)
[2020.09.01-19.00.58:005][  0]LogTargetPlatformManager: Display: Loaded TargetPlatform 'AllDesktop'
[2020.09.01-19.00.58:057][  0]LogTargetPlatformManager: Display: Loaded TargetPlatform 'Android'
[2020.09.01-19.00.58:057][  0]LogTargetPlatformManager: Display: Loaded TargetPlatform 'Android_ASTC'
[2020.09.01-19.00.58:057][  0]LogTargetPlatformManager: Display: Loaded TargetPlatform 'Android_DXT'
[2020.09.01-19.00.58:057][  0]LogTargetPlatformManager: Display: Loaded TargetPlatform 'Android_ETC2'
[2020.09.01-19.00.58:057][  0]LogTargetPlatformManager: Display: Loaded TargetPlatform 'AndroidClient'
[2020.09.01-19.00.58:057][  0]LogTargetPlatformManager: Display: Loaded TargetPlatform 'Android_ASTCClient'
[2020.09.01-19.00.58:057][  0]LogTargetPlatformManager: Display: Loaded TargetPlatform 'Android_DXTClient'
[2020.09.01-19.00.58:057][  0]LogTargetPlatformManager: Display: Loaded TargetPlatform 'Android_ETC2Client'
[2020.09.01-19.00.58:057][  0]LogTargetPlatformManager: Display: Loaded TargetPlatform 'Android_Multi'
[2020.09.01-19.00.58:057][  0]LogTargetPlatformManager: Display: Loaded TargetPlatform 'Android_MultiClient'
[2020.09.01-19.00.58:154][  0]LogTargetPlatformManager: Display: Loaded TargetPlatform 'IOSClient'
[2020.09.01-19.00.58:154][  0]LogTargetPlatformManager: Display: Loaded TargetPlatform 'IOS'
[2020.09.01-19.00.58:196][  0]LogTargetPlatformManager: Display: Loaded TargetPlatform 'Linux'
[2020.09.01-19.00.58:224][  0]LogTargetPlatformManager: Display: Loaded TargetPlatform 'LinuxNoEditor'
[2020.09.01-19.00.58:249][  0]LogTargetPlatformManager: Display: Loaded TargetPlatform 'LinuxClient'
[2020.09.01-19.00.58:273][  0]LogTargetPlatformManager: Display: Loaded TargetPlatform 'LinuxServer'
[2020.09.01-19.00.58:309][  0]LogTargetPlatformManager: Display: Loaded TargetPlatform 'LinuxAArch64NoEditor'
[2020.09.01-19.00.58:358][  0]LogTargetPlatformManager: Display: Loaded TargetPlatform 'LinuxAArch64Client'
[2020.09.01-19.00.58:394][  0]LogTargetPlatformManager: Display: Loaded TargetPlatform 'LinuxAArch64Server'
[2020.09.01-19.00.58:444][  0]LogTargetPlatformManager: Display: Loaded TargetPlatform 'Lumin'
[2020.09.01-19.00.58:444][  0]LogTargetPlatformManager: Display: Loaded TargetPlatform 'LuminClient'
[2020.09.01-19.00.58:492][  0]LogTargetPlatformManager: Display: Loaded TargetPlatform 'TVOSClient'
[2020.09.01-19.00.58:492][  0]LogTargetPlatformManager: Display: Loaded TargetPlatform 'TVOS'
[2020.09.01-19.00.58:560][  0]LogTargetPlatformManager: Display: Loaded TargetPlatform 'WindowsNoEditor'
[2020.09.01-19.00.58:596][  0]LogTargetPlatformManager: Display: Loaded TargetPlatform 'Windows'
[2020.09.01-19.00.58:624][  0]LogTargetPlatformManager: Display: Loaded TargetPlatform 'WindowsClient'
[2020.09.01-19.00.58:656][  0]LogTargetPlatformManager: Display: Loaded TargetPlatform 'WindowsServer'
[2020.09.01-19.00.58:656][  0]LogTargetPlatformManager: Display: Building Assets For Windows
[2020.09.01-19.00.58:898][  0]LogAudioDebug: Display: Lib vorbis DLL was dynamically loaded.
[2020.09.01-19.00.59:678][  0]LogShaderCompilers: Guid format shader working directory is -9 characters bigger than the processId version (../../../../../../Documents/Unreal/HadoukenVR/HadoukenVR/Intermediate/Shaders/WorkingDirectory/18988/).
[2020.09.01-19.00.59:678][  0]LogShaderCompilers: Cleaned the shader compiler working directory 'C:/Users/Doherty/AppData/Local/Temp/UnrealShaderWorkingDir/B8BBA922467B4D880CC7E7B370B5A619/'.
[2020.09.01-19.00.59:700][  0]LogXGEController: Cleaning working directory: C:/Users/Doherty/AppData/Local/Temp/UnrealXGEWorkingDir/
[2020.09.01-19.00.59:700][  0]LogXGEController: Cannot use XGE Controller as Incredibuild is not installed on this machine.
[2020.09.01-19.00.59:700][  0]LogShaderCompilers: Cannot use XGE Shader Compiler as Incredibuild is not installed on this machine.
[2020.09.01-19.00.59:700][  0]LogShaderCompilers: Display: Using Local Shader Compiler.
[2020.09.01-19.01.03:739][  0]LogDerivedDataCache: Display: Max Cache Size: 512 MB
[2020.09.01-19.01.04:029][  0]LogDerivedDataCache: Loaded boot cache 0.29s 80MB C:/Users/Doherty/AppData/Local/UnrealEngine/4.25/DerivedDataCache/Boot.ddc.
[2020.09.01-19.01.04:029][  0]LogDerivedDataCache: Display: Loaded Boot cache: C:/Users/Doherty/AppData/Local/UnrealEngine/4.25/DerivedDataCache/Boot.ddc
[2020.09.01-19.01.04:042][  0]LogDerivedDataCache: FDerivedDataBackendGraph:  Pak pak cache file ../../../../../../Documents/Unreal/HadoukenVR/HadoukenVR/DerivedDataCache/DDC.ddp not found, will not use a pak cache.
[2020.09.01-19.01.04:042][  0]LogDerivedDataCache: Unable to find inner node Pak for hierarchical cache Hierarchy.
[2020.09.01-19.01.04:042][  0]LogDerivedDataCache: FDerivedDataBackendGraph:  CompressedPak pak cache file ../../../../../../Documents/Unreal/HadoukenVR/HadoukenVR/DerivedDataCache/Compressed.ddp not found, will not use a pak cache.
[2020.09.01-19.01.04:042][  0]LogDerivedDataCache: Unable to find inner node CompressedPak for hierarchical cache Hierarchy.
[2020.09.01-19.01.04:087][  0]LogDerivedDataCache: Display: Pak cache opened for reading ../../../Engine/DerivedDataCache/Compressed.ddp.
[2020.09.01-19.01.04:087][  0]LogDerivedDataCache: FDerivedDataBackendGraph:  EnterprisePak pak cache file ../../../Enterprise/DerivedDataCache/Compressed.ddp not found, will not use a pak cache.
[2020.09.01-19.01.04:087][  0]LogDerivedDataCache: Unable to find inner node EnterprisePak for hierarchical cache Hierarchy.
[2020.09.01-19.01.04:089][  0]LogDerivedDataCache: Using Local data cache path C:/Users/Doherty/AppData/Local/UnrealEngine/Common/DerivedDataCache: Writable
[2020.09.01-19.01.04:089][  0]LogDerivedDataCache: Shared data cache path not found in *engine.ini, will not use an Shared cache.
[2020.09.01-19.01.04:089][  0]LogDerivedDataCache: Unable to find inner node Shared for hierarchical cache Hierarchy.
[2020.09.01-19.01.04:261][  0]LogSlate: Using FreeType 2.10.0
[2020.09.01-19.01.04:398][  0]LogSlate: SlateFontServices - WITH_FREETYPE: 1, WITH_HARFBUZZ: 1
[2020.09.01-19.01.04:684][  0]LogAssetRegistry: FAssetRegistry took 0.0087 seconds to start up
[2020.09.01-19.01.07:775][  0]LogInit: Selected Device Profile: [Windows]
[2020.09.01-19.01.09:004][  0]LogMeshReduction: Using QuadricMeshReduction for automatic static mesh reduction
[2020.09.01-19.01.09:004][  0]LogMeshReduction: Using SimplygonMeshReduction for automatic skeletal mesh reduction
[2020.09.01-19.01.09:004][  0]LogMeshReduction: Using ProxyLODMeshReduction for automatic mesh merging
[2020.09.01-19.01.09:004][  0]LogMeshReduction: No distributed automatic mesh merging module available
[2020.09.01-19.01.09:013][  0]LogMeshMerging: No distributed automatic mesh merging module available
[2020.09.01-19.01.09:268][  0]LogNetVersion: HadoukenVR 1.0.0, NetCL: 13144385, EngineNetVer: 14, GameNetVer: 0 (Checksum: 723550611)
[2020.09.01-19.01.15:590][  0]LogAISub: UAISubsystem::UAISubsystem AISubsystem (000002A5FBFAFFC0), frame # 0
[2020.09.01-19.01.15:590][  0]LogAISub: UAISubsystem::UAISubsystem AIPerceptionSystem (000002A5FBFCAAC0), frame # 0
[2020.09.01-19.01.15:608][  0]LogAISub: UAISubsystem::UAISubsystem EnvQueryManager (000002A5FC029C00), frame # 0
[2020.09.01-19.01.16:081][  0]LogPackageLocalizationCache: Processed 19 localized package path(s) for 1 prioritized culture(s) in 0.139467 seconds
[2020.09.01-19.01.16:096][  0]LogUObjectArray: 15917 objects as part of root set at end of initial load.
[2020.09.01-19.01.16:096][  0]LogUObjectAllocator: 3965568 out of 0 bytes used by permanent object pool.
[2020.09.01-19.01.16:096][  0]LogUObjectArray: CloseDisregardForGC: 0/0 objects in disregard for GC pool
[2020.09.01-19.01.20:925][  0]LogTcpMessaging: Initializing TcpMessaging bridge
[2020.09.01-19.01.21:004][  0]LogUdpMessaging: Initializing bridge on interface 0.0.0.0:0 to multicast group 230.0.0.1:6666.
[2020.09.01-19.01.21:980][  0]SourceControl: Source control is disabled
[2020.09.01-19.01.21:980][  0]SourceControl: Source control is disabled
[2020.09.01-19.01.22:085][  0]SourceControl: Source control is disabled
[2020.09.01-19.01.22:116][  0]SourceControl: Source control is disabled
[2020.09.01-19.01.22:178][  0]SourceControl: Source control is disabled
[2020.09.01-19.01.25:098][  0]LogAndroidPermission: UAndroidPermissionCallbackProxy::GetInstance
[2020.09.01-19.01.25:287][  0]LogAudioCaptureCore: Display: No Audio Capture implementations found. Audio input will be silent.
[2020.09.01-19.01.25:287][  0]LogAudioCaptureCore: Display: No Audio Capture implementations found. Audio input will be silent.
[2020.09.01-19.01.25:650][  0]LogOcInput: OculusInput pre-init called
[2020.09.01-19.01.28:304][  0]LogEngine: Initializing Engine...
[2020.09.01-19.01.28:401][  0]LogHMD: Failed to initialize OpenVR with code 108
[2020.09.01-19.01.28:417][  0]LogMagicLeap: Warning: VR disabled because ZI is not enabled.  To enable, in the editor, Edit -> Project Settings -> Plugins -> Magic Leap Plugin -> Enable Zero Iteration
[2020.09.01-19.01.28:522][  0]LogStats: UGameplayTagsManager::InitializeManager -  0.058 s
[2020.09.01-19.01.29:107][  0]LogInit: Initializing FReadOnlyCVARCache
[2020.09.01-19.01.29:504][  0]LogAIModule: Creating AISystem for world Untitled
[2020.09.01-19.01.29:504][  0]LogAISub: UAISubsystem::UAISubsystem EnvQueryManager (000002A588C65E00), frame # 0
[2020.09.01-19.01.29:504][  0]LogAISub: UAISubsystem::UAISubsystem AIPerceptionSystem (000002A588C4BB00), frame # 0
[2020.09.01-19.01.29:630][  0]LogAudioMixer: Display: Audio Mixer Platform Settings:
[2020.09.01-19.01.29:630][  0]LogAudioMixer: Display: 	Sample Rate:						  48000
[2020.09.01-19.01.29:630][  0]LogAudioMixer: Display: 	Callback Buffer Frame Size Requested: 1024
[2020.09.01-19.01.29:630][  0]LogAudioMixer: Display: 	Callback Buffer Frame Size To Use:	  1024
[2020.09.01-19.01.29:630][  0]LogAudioMixer: Display: 	Number of buffers to queue:			  2
[2020.09.01-19.01.29:630][  0]LogAudioMixer: Display: 	Max Channels (voices):				  32
[2020.09.01-19.01.29:631][  0]LogAudioMixer: Display: 	Number of Async Source Workers:		  0
[2020.09.01-19.01.29:631][  0]LogAudio: Display: AudioDevice MaxSources: 32
[2020.09.01-19.01.29:634][  0]LogAudio: Display: Using built-in audio occlusion.
[2020.09.01-19.01.29:635][  0]LogAudioMixer: Display: Initializing audio mixer.
[2020.09.01-19.01.29:722][  0]LogAudioMixer: Display: 0: FrontLeft
[2020.09.01-19.01.29:722][  0]LogAudioMixer: Display: 1: FrontRight
[2020.09.01-19.01.29:834][  0]LogAudioMixer: Display: Using Audio Device VX238 (NVIDIA High Definition Audio)
[2020.09.01-19.01.29:846][  0]LogAudioMixer: Display: Initializing Sound Submixes...
[2020.09.01-19.01.29:879][  0]LogAudioMixer: Display: Creating Master Submix 'MasterSubmixDefault'
[2020.09.01-19.01.29:879][  0]LogAudioMixer: Display: Creating Master Submix 'MasterReverbSubmixDefault'
[2020.09.01-19.01.29:881][  0]LogAudioMixer: Display: Creating Master Submix 'MasterEQSubmixDefault'
[2020.09.01-19.01.29:882][  0]LogInit: FAudioDevice initialized.
[2020.09.01-19.01.29:884][  0]LogNetVersion: Set ProjectVersion to 1.0.0.0. Version Checksum will be recalculated on next use.
[2020.09.01-19.01.30:032][  0]LogDerivedDataCache: Saved boot cache 0.15s 80MB C:/Users/Doherty/AppData/Local/UnrealEngine/4.25/DerivedDataCache/Boot.ddc.
[2020.09.01-19.01.30:039][  0]LogInit: Texture streaming: Enabled
[2020.09.01-19.01.30:208][  0]LogEngineSessionManager: EngineSessionManager initialized
[2020.09.01-19.01.30:208][  0]LogEngineSessionManager: EngineSessionManager sent abnormal shutdown report. Type=AbnormalShutdown, SessionId={4D78A130-4EC9-DFF5-5FCC-578019577C3E}
[2020.09.01-19.01.30:208][  0]LogEditorSessionSummary: Verbose: Initializing EditorSessionSummaryWriter for editor session tracking
[2020.09.01-19.01.30:228][  0]LogEditorSessionSummary: EditorSessionSummaryWriter initialized
[2020.09.01-19.01.30:570][  0]LogInit: Transaction tracking system initialized
[2020.09.01-19.01.30:893][  0]BlueprintLog: New page: Editor Load
[2020.09.01-19.01.32:107][  0]LocalizationService: Localization service is disabled
[2020.09.01-19.01.34:622][  0]LogFileCache: Scanning file cache for directory 'S:/Documents/Unreal/HadoukenVR/HadoukenVR/Content/' took 0.02s
[2020.09.01-19.01.34:622][  0]LogCook: Display: Max memory allowance for cook 16384mb min free memory 0mb
[2020.09.01-19.01.34:623][  0]LogCook: Display: Mobile HDR setting 0
[2020.09.01-19.01.37:149][  0]SourceControl: Source control is disabled
[2020.09.01-19.01.37:171][  0]LogUnrealEdMisc: Loading editor; pre map load, took 68.683
[2020.09.01-19.01.37:213][  0]Cmd: MAP LOAD FILE="../../../../../../Documents/Unreal/HadoukenVR/HadoukenVR/Content/VirtualRealityBP/Maps/01_BasicFire.umap" TEMPLATE=0 SHOWPROGRESS=1 FEATURELEVEL=3
[2020.09.01-19.01.37:315][  0]LightingResults: New page: Lighting Build
[2020.09.01-19.01.37:445][  0]LogWorld: UWorld::CleanupWorld for Untitled, bSessionEnded=true, bCleanupResources=true
[2020.09.01-19.01.37:503][  0]LogSlate: InvalidateAllWidgets triggered.  All widgets were invalidated
[2020.09.01-19.01.37:531][  0]MapCheck: New page: Map Check
[2020.09.01-19.01.37:531][  0]LightingResults: New page: Lighting Build
[2020.09.01-19.01.37:879][  0]LogAISub: UAISubsystem::~UAISubsystem EnvQueryManager (000002A588C65E00), frame # 0
[2020.09.01-19.01.37:879][  0]LogAISub: UAISubsystem::~UAISubsystem AIPerceptionSystem (000002A588C4BB00), frame # 0
[2020.09.01-19.01.37:881][  0]LogUObjectHash: Compacting FUObjectHashTables data took   0.60ms
[2020.09.01-19.01.40:487][  0]LogAIModule: Creating AISystem for world 01_BasicFire
[2020.09.01-19.01.40:487][  0]LogAISub: UAISubsystem::UAISubsystem EnvQueryManager (000002A59624F200), frame # 0
[2020.09.01-19.01.40:487][  0]LogAISub: UAISubsystem::UAISubsystem AIPerceptionSystem (000002A59629CCC0), frame # 0
[2020.09.01-19.01.41:038][  0]LogEditorServer: Finished looking for orphan Actors (0.000 secs)
[2020.09.01-19.01.41:196][  0]LogUObjectHash: Compacting FUObjectHashTables data took   0.79ms
[2020.09.01-19.01.41:209][  0]Cmd: MAP CHECKDEP NOCLEARLOG
[2020.09.01-19.01.41:211][  0]MapCheck: Map check complete: 0 Error(s), 0 Warning(s), took 2.509ms to complete.
[2020.09.01-19.01.41:211][  0]LogFileHelpers: Loading map '01_BasicFire' took 4.032
[2020.09.01-19.01.42:605][  0]LogUnrealEdMisc: Total Editor Startup Time, took 74.118
[2020.09.01-19.01.43:364][  0]LogSlate: Updating window title bar state: overlay mode, drag disabled, window buttons hidden, title bar hidden
[2020.09.01-19.01.43:372][  0]LogSlate: Updating window title bar state: overlay mode, drag disabled, window buttons hidden, title bar hidden
[2020.09.01-19.01.43:378][  0]LogSlate: Updating window title bar state: overlay mode, drag disabled, window buttons hidden, title bar hidden
[2020.09.01-19.01.43:384][  0]LogSlate: Updating window title bar state: overlay mode, drag disabled, window buttons hidden, title bar hidden
[2020.09.01-19.01.43:447][  0]LogCollectionManager: Loaded 0 collections in 0.000733 seconds
[2020.09.01-19.01.43:637][  0]LogFileCache: Scanning file cache for directory 'S:/Documents/Unreal/HadoukenVR/HadoukenVR/Saved/Collections/' took 0.00s
[2020.09.01-19.01.43:637][  0]LogFileCache: Scanning file cache for directory 'S:/Documents/Unreal/HadoukenVR/HadoukenVR/Content/Developers/Doherty/Collections/' took 0.00s
[2020.09.01-19.01.43:637][  0]LogFileCache: Scanning file cache for directory 'S:/Documents/Unreal/HadoukenVR/HadoukenVR/Content/Collections/' took 0.00s
[2020.09.01-19.01.43:637][  0]LogContentBrowser: Native class hierarchy populated in 0.0095 seconds. Added 3427 classes and 821 folders.
[2020.09.01-19.01.43:839][  0]LogContentBrowser: Native class hierarchy updated for 'WidgetCarousel' in 0.0003 seconds. Added 0 classes and 0 folders.
[2020.09.01-19.01.46:222][  0]LogContentBrowser: Native class hierarchy updated for 'AddContentDialog' in 0.0002 seconds. Added 0 classes and 0 folders.
[2020.09.01-19.01.46:303][  0]LogContentBrowser: Native class hierarchy updated for 'SceneOutliner' in 0.0004 seconds. Added 2 classes and 0 folders.
[2020.09.01-19.01.46:796][  0]LogSlate: Took 0.021057 seconds to synchronously load lazily loaded font '../../../Engine/Content/Slate/Fonts/Roboto-Regular.ttf' (155K)
[2020.09.01-19.01.46:819][  0]LogSlate: Took 0.020383 seconds to synchronously load lazily loaded font '../../../Engine/Content/Slate/Fonts/Roboto-Bold.ttf' (160K)
[2020.09.01-19.01.46:907][  0]LogSlate: Took 0.035028 seconds to synchronously load lazily loaded font '../../../Engine/Content/Editor/Slate/Fonts/FontAwesome.ttf' (139K)
[2020.09.01-19.01.47:441][  0]LogRenderer: Reallocating scene render targets to support 1136x572 Format 26 NumSamples 1 (Frame:1).
[2020.09.01-19.01.47:931][  0]LogContentBrowser: Native class hierarchy updated for 'HierarchicalLODOutliner' in 0.0003 seconds. Added 0 classes and 0 folders.
[2020.09.01-19.01.47:931][  0]LogLoad: (Engine Initialization) Total time: 79.44 seconds
[2020.09.01-19.01.47:931][  0]LogLoad: (Engine Initialization) Total Blueprint compile time: 0.00 seconds
[2020.09.01-19.01.48:284][  0]LogAssetRegistry: Asset discovery search completed in 43.6031 seconds
[2020.09.01-19.01.48:298][  0]LogCollectionManager: Fixed up redirectors for 0 collections in 0.000005 seconds (updated 0 objects)
[2020.09.01-19.01.48:511][  0]LogContentStreaming: Texture pool size now 1000 MB
[2020.09.01-19.01.48:787][  0]LogSlate: Took 0.006841 seconds to synchronously load lazily loaded font '../../../Engine/Content/Slate/Fonts/Roboto-Light.ttf' (167K)
[2020.09.01-20.11.14:202][715]LogUObjectHash: Compacting FUObjectHashTables data took   0.81ms
[2020.09.01-20.11.14:361][715]LogSlate: Window 'HadoukenVR - Unreal Editor' being destroyed
[2020.09.01-20.11.14:382][715]LogWindowsTextInputMethodSystem: Display: IME system now deactivated.
[2020.09.01-20.11.14:386][715]LogWindowsTextInputMethodSystem: Display: IME system now deactivated.
[2020.09.01-20.11.14:795][716]Cmd: QUIT_EDITOR
[2020.09.01-20.11.14:795][716]LogCore: Engine exit requested (reason: UUnrealEdEngine::CloseEditor())
[2020.09.01-20.11.14:851][716]LogCore: Engine exit requested (reason: EngineExit() was called; note: exit was already requested)
[2020.09.01-20.11.15:228][716]LogExit: Preparing to exit.
[2020.09.01-20.11.17:242][716]LogDemo: Cleaned up 0 splitscreen connections with owner deletion
[2020.09.01-20.11.17:329][716]LogWorld: UWorld::CleanupWorld for None, bSessionEnded=true, bCleanupResources=true
[2020.09.01-20.11.17:329][716]LogExit: Editor shut down
[2020.09.01-20.11.17:368][716]LogExit: Transaction tracking system shut down
[2020.09.01-20.11.18:783][716]LogAISub: UAISubsystem::~UAISubsystem AISubsystem (000002A5FBFAFFC0), frame # 499716
[2020.09.01-20.11.18:783][716]LogAISub: UAISubsystem::~UAISubsystem AIPerceptionSystem (000002A5FBFCAAC0), frame # 499716
[2020.09.01-20.11.18:787][716]LogAISub: UAISubsystem::~UAISubsystem EnvQueryManager (000002A5FC029C00), frame # 499716
[2020.09.01-20.11.19:253][716]LogAISub: UAISubsystem::~UAISubsystem EnvQueryManager (000002A59624F200), frame # 499716
[2020.09.01-20.11.19:253][716]LogAISub: UAISubsystem::~UAISubsystem AIPerceptionSystem (000002A59629CCC0), frame # 499716
[2020.09.01-20.11.19:316][716]LogExit: Object subsystem successfully closed.
[2020.09.01-20.11.19:515][716]LogShaderCompilers: Display: Shaders left to compile 0
[2020.09.01-20.11.20:620][716]LogModuleManager: Shutting down and abandoning module HierarchicalLODOutliner (790)
[2020.09.01-20.11.20:620][716]LogModuleManager: Shutting down and abandoning module SceneOutliner (788)
[2020.09.01-20.11.20:634][716]LogModuleManager: Shutting down and abandoning module AddContentDialog (786)
[2020.09.01-20.11.20:669][716]LogModuleManager: Shutting down and abandoning module WidgetCarousel (785)
[2020.09.01-20.11.20:669][716]LogModuleManager: Shutting down and abandoning module EditorWidgets (782)
[2020.09.01-20.11.20:669][716]LogModuleManager: Shutting down and abandoning module CollectionManager (780)
[2020.09.01-20.11.20:670][716]LogModuleManager: Shutting down and abandoning module StatsViewer (778)
[2020.09.01-20.11.20:671][716]LogModuleManager: Shutting down and abandoning module VirtualTexturingEditor (776)
[2020.09.01-20.11.20:671][716]LogModuleManager: Shutting down and abandoning module FoliageEdit (774)
[2020.09.01-20.11.20:681][716]LogModuleManager: Shutting down and abandoning module LandscapeEditor (772)
[2020.09.01-20.11.20:684][716]LogModuleManager: Shutting down and abandoning module MeshPaintMode (770)
[2020.09.01-20.11.20:684][716]LogModuleManager: Shutting down and abandoning module SceneDepthPickerMode (768)
[2020.09.01-20.11.20:684][716]LogModuleManager: Shutting down and abandoning module ActorPickerMode (766)
[2020.09.01-20.11.20:684][716]LogModuleManager: Shutting down and abandoning module PIEPreviewDeviceProfileSelector (764)
[2020.09.01-20.11.20:696][716]LogModuleManager: Shutting down and abandoning module SequenceRecorderSections (762)
[2020.09.01-20.11.20:706][716]LogModuleManager: Shutting down and abandoning module AutomationWorker (760)
[2020.09.01-20.11.20:716][716]LogModuleManager: Shutting down and abandoning module SteamVREditor (758)
[2020.09.01-20.11.20:716][716]LogModuleManager: Shutting down and abandoning module OculusMR (756)
[2020.09.01-20.11.20:716][716]LogModuleManager: Shutting down and abandoning module GooglePADEditor (754)
[2020.09.01-20.11.20:716][716]LogModuleManager: Shutting down and abandoning module AudioCaptureEditor (752)
[2020.09.01-20.11.20:716][716]LogModuleManager: Shutting down and abandoning module TemplateSequenceEditor (750)
[2020.09.01-20.11.20:731][716]LogModuleManager: Shutting down and abandoning module MatineeToLevelSequence (748)
[2020.09.01-20.11.20:744][716]LogModuleManager: Shutting down and abandoning module LevelSequenceEditor (746)
[2020.09.01-20.11.20:746][716]LogModuleManager: Shutting down and abandoning module ActorSequenceEditor (744)
[2020.09.01-20.11.20:755][716]LogModuleManager: Shutting down and abandoning module WmfMediaFactory (742)
[2020.09.01-20.11.20:755][716]LogModuleManager: Shutting down and abandoning module WmfMediaEditor (740)
[2020.09.01-20.11.20:755][716]LogModuleManager: Shutting down and abandoning module WebMMediaFactory (738)
[2020.09.01-20.11.20:755][716]LogModuleManager: Shutting down and abandoning module WebMMediaEditor (736)
[2020.09.01-20.11.20:755][716]LogModuleManager: Shutting down and abandoning module WebMMedia (734)
[2020.09.01-20.11.20:759][716]LogModuleManager: Shutting down and abandoning module MediaPlayerEditor (732)
[2020.09.01-20.11.20:761][716]LogModuleManager: Shutting down and abandoning module MediaCompositingEditor (730)
[2020.09.01-20.11.20:773][716]LogModuleManager: Shutting down and abandoning module SequenceRecorder (729)
[2020.09.01-20.11.20:776][716]LogModuleManager: Shutting down and abandoning module OpenExrWrapper (726)
[2020.09.01-20.11.20:776][716]LogModuleManager: Shutting down and abandoning module ImgMediaFactory (724)
[2020.09.01-20.11.20:776][716]LogModuleManager: Shutting down and abandoning module ImgMediaEditor (722)
[2020.09.01-20.11.20:776][716]LogModuleManager: Shutting down and abandoning module AvfMediaFactory (720)
[2020.09.01-20.11.20:776][716]LogModuleManager: Shutting down and abandoning module AvfMediaEditor (718)
[2020.09.01-20.11.20:776][716]LogModuleManager: Shutting down and abandoning module AndroidMediaFactory (716)
[2020.09.01-20.11.20:776][716]LogModuleManager: Shutting down and abandoning module AndroidMediaEditor (714)
[2020.09.01-20.11.20:776][716]LogModuleManager: Shutting down and abandoning module MagicLeapMediaCodecFactory (712)
[2020.09.01-20.11.20:776][716]LogModuleManager: Shutting down and abandoning module MagicLeapMediaFactory (710)
[2020.09.01-20.11.20:776][716]LogModuleManager: Shutting down and abandoning module MagicLeapMediaEditor (708)
[2020.09.01-20.11.20:776][716]LogModuleManager: Shutting down and abandoning module PlanarCut (706)
[2020.09.01-20.11.20:791][716]LogModuleManager: Shutting down and abandoning module CharacterAI (704)
[2020.09.01-20.11.20:791][716]LogModuleManager: Shutting down and abandoning module TextureAlignMode (702)
[2020.09.01-20.11.20:791][716]LogModuleManager: Shutting down and abandoning module BspMode (700)
[2020.09.01-20.11.20:791][716]LogModuleManager: Shutting down and abandoning module PlacementMode (699)
[2020.09.01-20.11.20:791][716]LogModuleManager: Shutting down and abandoning module GeometryMode (696)
[2020.09.01-20.11.20:791][716]LogModuleManager: Shutting down and abandoning module CameraShakePreviewer (694)
[2020.09.01-20.11.20:801][716]LogModuleManager: Shutting down and abandoning module SmartSnapping (692)
[2020.09.01-20.11.20:802][716]LogModuleManager: Shutting down and abandoning module SessionServices (690)
[2020.09.01-20.11.20:802][716]LogModuleManager: Shutting down and abandoning module MeshPaint (688)
[2020.09.01-20.11.20:814][716]LogModuleManager: Shutting down and abandoning module ViewportSnapping (686)
[2020.09.01-20.11.20:814][716]LogModuleManager: Shutting down and abandoning module ViewportInteraction (684)
[2020.09.01-20.11.20:814][716]LogModuleManager: Shutting down and abandoning module ClothPainter (682)
[2020.09.01-20.11.20:842][716]LogModuleManager: Shutting down and abandoning module SkeletalMeshEditor (681)
[2020.09.01-20.11.20:869][716]LogModuleManager: Shutting down and abandoning module LogVisualizer (678)
[2020.09.01-20.11.20:909][716]LogModuleManager: Shutting down and abandoning module IntroTutorials (676)
[2020.09.01-20.11.20:922][716]LogModuleManager: Shutting down and abandoning module GameProjectGeneration (675)
[2020.09.01-20.11.20:930][716]LogModuleManager: Shutting down and abandoning module LuminPlatformEditor (672)
[2020.09.01-20.11.20:930][716]LogModuleManager: Shutting down and abandoning module IOSPlatformEditor (670)
[2020.09.01-20.11.20:942][716]LogModuleManager: Shutting down and abandoning module AndroidPlatformEditor (668)
[2020.09.01-20.11.20:942][716]LogModuleManager: Shutting down and abandoning module AndroidDeviceDetection (667)
[2020.09.01-20.11.22:238][716]LogModuleManager: Shutting down and abandoning module WindowsPlatformEditor (664)
[2020.09.01-20.11.22:238][716]LogModuleManager: Shutting down and abandoning module LuminRuntimeSettings (662)
[2020.09.01-20.11.22:238][716]LogModuleManager: Shutting down and abandoning module IOSRuntimeSettings (660)
[2020.09.01-20.11.22:238][716]LogModuleManager: Shutting down and abandoning module AndroidRuntimeSettings (658)
[2020.09.01-20.11.22:238][716]LogModuleManager: Shutting down and abandoning module TraceInsights (656)
[2020.09.01-20.11.22:290][716]LogModuleManager: Shutting down and abandoning module TraceServices (655)
[2020.09.01-20.11.22:291][716]LogModuleManager: Shutting down and abandoning module EditorInteractiveToolsFramework (652)
[2020.09.01-20.11.22:299][716]LogModuleManager: Shutting down and abandoning module TimeManagementEditor (650)
[2020.09.01-20.11.22:299][716]LogModuleManager: Shutting down and abandoning module InputBindingEditor (648)
[2020.09.01-20.11.22:300][716]LogModuleManager: Shutting down and abandoning module MergeActors (646)
[2020.09.01-20.11.22:306][716]LogModuleManager: Shutting down and abandoning module LocalizationDashboard (644)
[2020.09.01-20.11.22:319][716]LogModuleManager: Shutting down and abandoning module LocalizationService (643)
[2020.09.01-20.11.22:330][716]LogModuleManager: Shutting down and abandoning module HardwareTargeting (640)
[2020.09.01-20.11.22:330][716]LogModuleManager: Shutting down and abandoning module DeviceProfileEditor (638)
[2020.09.01-20.11.22:335][716]LogModuleManager: Shutting down and abandoning module UndoHistory (636)
[2020.09.01-20.11.22:344][716]LogModuleManager: Shutting down and abandoning module XmlParser (634)
[2020.09.01-20.11.22:344][716]LogModuleManager: Shutting down and abandoning module Blutility (632)
[2020.09.01-20.11.22:344][716]LogModuleManager: Shutting down and abandoning module ProjectSettingsViewer (630)
[2020.09.01-20.11.22:344][716]LogModuleManager: Shutting down and abandoning module ProjectTargetPlatformEditor (629)
[2020.09.01-20.11.22:345][716]LogModuleManager: Shutting down and abandoning module EditorSettingsViewer (626)
[2020.09.01-20.11.22:345][716]LogModuleManager: Shutting down and abandoning module SettingsEditor (624)
[2020.09.01-20.11.22:346][716]LogModuleManager: Shutting down and abandoning module ProjectLauncher (622)
[2020.09.01-20.11.22:346][716]LogModuleManager: Shutting down and abandoning module SessionFrontend (620)
[2020.09.01-20.11.22:362][716]LogModuleManager: Shutting down and abandoning module ProfilerClient (618)
[2020.09.01-20.11.22:368][716]LogModuleManager: Shutting down and abandoning module DeviceManager (616)
[2020.09.01-20.11.22:407][716]LogModuleManager: Shutting down and abandoning module TargetDeviceServices (615)
[2020.09.01-20.11.22:439][716]LogModuleManager: Shutting down and abandoning module AutomationController (612)
[2020.09.01-20.11.22:440][716]LogModuleManager: Shutting down and abandoning module AutomationWindow (610)
[2020.09.01-20.11.22:448][716]LogModuleManager: Shutting down and abandoning module Layers (608)
[2020.09.01-20.11.22:455][716]LogModuleManager: Shutting down and abandoning module ComponentVisualizers (606)
[2020.09.01-20.11.22:455][716]LogModuleManager: Shutting down and abandoning module DetailCustomizations (604)
[2020.09.01-20.11.22:469][716]LogModuleManager: Shutting down and abandoning module PackagesDialog (602)
[2020.09.01-20.11.22:476][716]LogModuleManager: Shutting down and abandoning module AnimationBlueprintEditor (600)
[2020.09.01-20.11.22:506][716]LogModuleManager: Shutting down and abandoning module Persona (598)
[2020.09.01-20.11.22:527][716]LogModuleManager: Shutting down and abandoning module AdvancedPreviewScene (597)
[2020.09.01-20.11.22:527][716]LogModuleManager: Shutting down and abandoning module AnimGraph (595)
[2020.09.01-20.11.22:541][716]LogModuleManager: Shutting down and abandoning module Kismet (592)
[2020.09.01-20.11.22:553][716]LogModuleManager: Shutting down and abandoning module KismetWidgets (591)
[2020.09.01-20.11.22:554][716]LogModuleManager: Shutting down and abandoning module GraphEditor (588)
[2020.09.01-20.11.22:566][716]LogModuleManager: Shutting down and abandoning module StructViewer (586)
[2020.09.01-20.11.22:566][716]LogModuleManager: Shutting down and abandoning module ClassViewer (584)
[2020.09.01-20.11.22:566][716]LogModuleManager: Shutting down and abandoning module Toolbox (582)
[2020.09.01-20.11.22:566][716]LogModuleManager: Shutting down and abandoning module ModuleUI (580)
[2020.09.01-20.11.22:566][716]LogModuleManager: Shutting down and abandoning module OutputLog (578)
[2020.09.01-20.11.22:579][716]LogModuleManager: Shutting down and abandoning module GammaUI (576)
[2020.09.01-20.11.22:593][716]LogModuleManager: Shutting down and abandoning module Documentation (574)
[2020.09.01-20.11.22:593][716]LogModuleManager: Shutting down and abandoning module LiveCoding (572)
[2020.09.01-20.11.22:607][716]LogModuleManager: Shutting down and abandoning module LevelSequence (570)
[2020.09.01-20.11.22:607][716]LogModuleManager: Shutting down and abandoning module MovieSceneTracks (568)
[2020.09.01-20.11.22:607][716]LogModuleManager: Shutting down and abandoning module MovieScene (566)
[2020.09.01-20.11.22:632][716]LogModuleManager: Shutting down and abandoning module StreamingPauseRendering (564)
[2020.09.01-20.11.22:647][716]LogModuleManager: Shutting down and abandoning module LauncherPlatform (562)
[2020.09.01-20.11.22:647][716]LogModuleManager: Shutting down and abandoning module AnalyticsET (560)
[2020.09.01-20.11.22:647][716]LogModuleManager: Shutting down and abandoning module PortalServices (558)
[2020.09.01-20.11.22:647][716]LogModuleManager: Shutting down and abandoning module PortalRpc (556)
[2020.09.01-20.11.22:647][716]LogModuleManager: Shutting down and abandoning module MessagingRpc (554)
[2020.09.01-20.11.22:647][716]LogModuleManager: Shutting down and abandoning module AudioMixerXAudio2 (552)
[2020.09.01-20.11.22:647][716]LogModuleManager: Shutting down and abandoning module AudioMixerCore (551)
[2020.09.01-20.11.22:647][716]LogModuleManager: Shutting down and abandoning module AIModule (548)
[2020.09.01-20.11.22:669][716]LogModuleManager: Shutting down and abandoning module GameplayDebugger (547)
[2020.09.01-20.11.22:670][716]LogModuleManager: Shutting down and abandoning module AITestSuite (545)
[2020.09.01-20.11.22:670][716]LogModuleManager: Shutting down and abandoning module NavigationSystem (543)
[2020.09.01-20.11.22:670][716]LogModuleManager: Shutting down and abandoning module ProfilerService (540)
[2020.09.01-20.11.22:823][716]LogModuleManager: Shutting down and abandoning module TaskGraph (538)
[2020.09.01-20.11.22:833][716]LogModuleManager: Shutting down and abandoning module ScreenshotTools (536)
[2020.09.01-20.11.22:833][716]LogModuleManager: Shutting down and abandoning module SynthesisEditor (534)
[2020.09.01-20.11.22:833][716]LogModuleManager: Shutting down and abandoning module Synthesis (532)
[2020.09.01-20.11.22:834][716]LogModuleManager: Shutting down and abandoning module ProceduralMeshComponentEditor (530)
[2020.09.01-20.11.22:834][716]LogModuleManager: Shutting down and abandoning module ProceduralMeshComponent (528)
[2020.09.01-20.11.22:834][716]LogModuleManager: Shutting down and abandoning module OculusEditor (526)
[2020.09.01-20.11.22:835][716]LogModuleManager: Shutting down and abandoning module OculusInput (524)
[2020.09.01-20.11.22:835][716]LogModuleManager: Shutting down and abandoning module MobilePatchingUtils (522)
[2020.09.01-20.11.22:835][716]LogModuleManager: Shutting down and abandoning module GooglePAD (520)
[2020.09.01-20.11.22:835][716]LogModuleManager: Shutting down and abandoning module EditableMesh (518)
[2020.09.01-20.11.22:836][716]LogModuleManager: Shutting down and abandoning module CustomMeshComponent (516)
[2020.09.01-20.11.22:836][716]LogModuleManager: Shutting down and abandoning module CableComponent (514)
[2020.09.01-20.11.22:873][716]LogModuleManager: Shutting down and abandoning module AudioCapture (512)
[2020.09.01-20.11.22:873][716]LogModuleManager: Shutting down and abandoning module AudioCaptureRtAudio (511)
[2020.09.01-20.11.22:884][716]LogModuleManager: Shutting down and abandoning module AssetTags (508)
[2020.09.01-20.11.22:884][716]LogModuleManager: Shutting down and abandoning module ArchVisCharacter (506)
[2020.09.01-20.11.22:884][716]LogModuleManager: Shutting down and abandoning module AppleImageUtilsBlueprintSupport (504)
[2020.09.01-20.11.22:884][716]LogModuleManager: Shutting down and abandoning module AppleImageUtils (502)
[2020.09.01-20.11.22:884][716]LogModuleManager: Shutting down and abandoning module AndroidPermission (500)
[2020.09.01-20.11.22:884][716]LogModuleManager: Shutting down and abandoning module NUTUnrealEngine4 (498)
[2020.09.01-20.11.22:884][716]LogModuleManager: Shutting down and abandoning module NetcodeUnitTest (496)
[2020.09.01-20.11.22:885][716]LogModuleManager: Shutting down and abandoning module TemplateSequence (494)
[2020.09.01-20.11.22:885][716]LogModuleManager: Shutting down and abandoning module MovieRenderPipelineEditor (492)
[2020.09.01-20.11.22:885][716]LogModuleManager: Shutting down and abandoning module MovieRenderPipelineRenderPasses (490)
[2020.09.01-20.11.22:898][716]LogModuleManager: Shutting down and abandoning module MovieRenderPipelineSettings (488)
[2020.09.01-20.11.22:898][716]LogModuleManager: Shutting down and abandoning module MovieRenderPipelineCore (486)
[2020.09.01-20.11.22:898][716]LogModuleManager: Shutting down and abandoning module ImageWriteQueue (485)
[2020.09.01-20.11.22:898][716]LogModuleManager: Shutting down and abandoning module MeshPaintingToolset (482)
[2020.09.01-20.11.22:898][716]LogModuleManager: Shutting down and abandoning module MeshPaintEditorMode (480)
[2020.09.01-20.11.22:902][716]LogModuleManager: Shutting down and abandoning module MediaCompositing (478)
[2020.09.01-20.11.22:902][716]LogModuleManager: Shutting down and abandoning module ImgMedia (476)
[2020.09.01-20.11.22:902][716]LogModuleManager: Shutting down and abandoning module MagicLeapSharedWorld (474)
[2020.09.01-20.11.22:902][716]LogModuleManager: Shutting down and abandoning module MagicLeapLightEstimation (472)
[2020.09.01-20.11.22:902][716]LogModuleManager: Shutting down and abandoning module MagicLeapHelperVulkan (470)
[2020.09.01-20.11.22:902][716]LogModuleManager: Shutting down and abandoning module MagicLeapHelperOpenGL (468)
[2020.09.01-20.11.22:902][716]LogModuleManager: Shutting down and abandoning module MagicLeapAudio (466)
[2020.09.01-20.11.22:912][716]LogModuleManager: Shutting down and abandoning module NiagaraEditorWidgets (464)
[2020.09.01-20.11.22:956][716]LogModuleManager: Shutting down and abandoning module MeshSolverUtilities (462)
[2020.09.01-20.11.22:976][716]LogModuleManager: Shutting down and abandoning module MeshConversion (460)
[2020.09.01-20.11.22:984][716]LogModuleManager: Shutting down and abandoning module DynamicMesh (458)
[2020.09.01-20.11.23:005][716]LogModuleManager: Shutting down and abandoning module GeometryAlgorithms (456)
[2020.09.01-20.11.23:006][716]LogModuleManager: Shutting down and abandoning module GeometricObjects (454)
[2020.09.01-20.11.23:006][716]LogModuleManager: Shutting down and abandoning module GeometryCollectionTracks (452)
[2020.09.01-20.11.23:006][716]LogModuleManager: Shutting down and abandoning module GeometryCollectionSequencer (451)
[2020.09.01-20.11.23:006][716]LogModuleManager: Shutting down and abandoning module GeometryCollectionEditor (448)
[2020.09.01-20.11.23:006][716]LogModuleManager: Shutting down and abandoning module GeometryCacheTracks (446)
[2020.09.01-20.11.23:006][716]LogModuleManager: Shutting down and abandoning module GeometryCacheSequencer (444)
[2020.09.01-20.11.23:006][716]LogModuleManager: Shutting down and abandoning module ChaosSolverEditor (442)
[2020.09.01-20.11.23:006][716]LogModuleManager: Shutting down and abandoning module ChaosNiagara (440)
[2020.09.01-20.11.23:006][716]LogModuleManager: Shutting down and abandoning module FractureEditor (438)
[2020.09.01-20.11.23:013][716]LogModuleManager: Shutting down and abandoning module ChaosClothEditor (436)
[2020.09.01-20.11.23:013][716]LogModuleManager: Shutting down and abandoning module ChaosCloth (434)
[2020.09.01-20.11.23:014][716]LogModuleManager: Shutting down and abandoning module BackChannel (432)
[2020.09.01-20.11.23:032][716]LogModuleManager: Shutting down and abandoning module AutomationUtilsEditor (430)
[2020.09.01-20.11.23:032][716]LogModuleManager: Shutting down and abandoning module AutomationUtils (428)
[2020.09.01-20.11.23:032][716]LogModuleManager: Shutting down and abandoning module AlembicImporter (426)
[2020.09.01-20.11.23:032][716]LogModuleManager: Shutting down and abandoning module AlembicLibrary (425)
[2020.09.01-20.11.23:032][716]LogModuleManager: Shutting down and abandoning module GeometryCache (424)
[2020.09.01-20.11.23:032][716]LogModuleManager: Shutting down and abandoning module GeometryCacheEd (423)
[2020.09.01-20.11.23:032][716]LogModuleManager: Shutting down and abandoning module VariantManagerContentEditor (418)
[2020.09.01-20.11.23:033][716]LogModuleManager: Shutting down and abandoning module DatasmithContentEditor (416)
[2020.09.01-20.11.23:034][716]LogModuleManager: Shutting down and abandoning module SpeedTreeImporter (414)
[2020.09.01-20.11.23:034][716]LogModuleManager: Shutting down and abandoning module PluginBrowser (412)
[2020.09.01-20.11.23:056][716]LogModuleManager: Shutting down and abandoning module MobileLauncherProfileWizard (410)
[2020.09.01-20.11.23:063][716]LogModuleManager: Shutting down and abandoning module MaterialAnalyzer (408)
[2020.09.01-20.11.23:068][716]LogModuleManager: Shutting down and abandoning module EditorScriptingUtilities (406)
[2020.09.01-20.11.23:069][716]LogModuleManager: Shutting down and abandoning module CurveEditorTools (404)
[2020.09.01-20.11.23:115][716]LogModuleManager: Shutting down and abandoning module CryptoKeysOpenSSL (402)
[2020.09.01-20.11.23:115][716]LogModuleManager: Shutting down and abandoning module CryptoKeys (400)
[2020.09.01-20.11.23:115][716]LogModuleManager: Shutting down and abandoning module VisualStudioSourceCodeAccess (398)
[2020.09.01-20.11.23:119][716]LogModuleManager: Shutting down and abandoning module VisualStudioCodeSourceCodeAccess (396)
[2020.09.01-20.11.23:119][716]LogModuleManager: Shutting down and abandoning module UObjectPlugin (394)
[2020.09.01-20.11.23:119][716]LogModuleManager: Shutting down and abandoning module SubversionSourceControl (392)
[2020.09.01-20.11.23:149][716]LogModuleManager: Shutting down and abandoning module RiderSourceCodeAccess (390)
[2020.09.01-20.11.23:149][716]LogModuleManager: Shutting down and abandoning module PlasticSourceControl (388)
[2020.09.01-20.11.23:168][716]LogModuleManager: Shutting down and abandoning module PerforceSourceControl (386)
[2020.09.01-20.11.23:181][716]LogModuleManager: Shutting down and abandoning module GitSourceControl (384)
[2020.09.01-20.11.23:194][716]LogModuleManager: Shutting down and abandoning module SourceControl (383)
[2020.09.01-20.11.23:202][716]LogModuleManager: Shutting down and abandoning module CLionSourceCodeAccess (380)
[2020.09.01-20.11.23:202][716]LogModuleManager: Shutting down and abandoning module AnimationSharingEd (378)
[2020.09.01-20.11.23:202][716]LogModuleManager: Shutting down and abandoning module ActorLayerUtilitiesEditor (376)
[2020.09.01-20.11.23:202][716]LogModuleManager: Shutting down and abandoning module ActorLayerUtilities (374)
[2020.09.01-20.11.23:202][716]LogModuleManager: Shutting down and abandoning module LightPropagationVolumeEditor (372)
[2020.09.01-20.11.23:202][716]LogModuleManager: Shutting down and abandoning module PaperTiledImporter (370)
[2020.09.01-20.11.23:202][716]LogModuleManager: Shutting down and abandoning module PaperSpriteSheetImporter (368)
[2020.09.01-20.11.23:202][716]LogModuleManager: Shutting down and abandoning module Paper2DEditor (366)
[2020.09.01-20.11.23:216][716]LogModuleManager: Shutting down and abandoning module SoundFields (364)
[2020.09.01-20.11.23:216][716]LogModuleManager: Shutting down and abandoning module SignificanceManager (362)
[2020.09.01-20.11.23:216][716]LogModuleManager: Shutting down and abandoning module RuntimePhysXCooking (360)
[2020.09.01-20.11.23:216][716]LogModuleManager: Shutting down and abandoning module PhysXVehiclesEditor (358)
[2020.09.01-20.11.23:216][716]LogModuleManager: Shutting down and abandoning module LocationServicesBPLibrary (354)
[2020.09.01-20.11.23:216][716]LogModuleManager: Shutting down and abandoning module ActorSequence (352)
[2020.09.01-20.11.23:216][716]LogModuleManager: Shutting down and abandoning module UdpMessaging (350)
[2020.09.01-20.11.23:316][716]LogModuleManager: Shutting down and abandoning module TcpMessaging (348)
[2020.09.01-20.11.23:442][716]LogModuleManager: Shutting down and abandoning module MagicLeapARPin (346)
[2020.09.01-20.11.23:442][716]LogModuleManager: Shutting down and abandoning module MagicLeapHandMeshing (344)
[2020.09.01-20.11.23:442][716]LogModuleManager: Shutting down and abandoning module MagicLeapSecureStorage (342)
[2020.09.01-20.11.23:442][716]LogModuleManager: Shutting down and abandoning module MagicLeapPrivileges (340)
[2020.09.01-20.11.23:442][716]LogModuleManager: Shutting down and abandoning module MagicLeapPlanes (338)
[2020.09.01-20.11.23:449][716]LogMagicLeapPlanes: Planes tracker already destroyed.
[2020.09.01-20.11.23:449][716]LogModuleManager: Shutting down and abandoning module MagicLeapImageTracker (336)
[2020.09.01-20.11.23:450][716]LogModuleManager: Shutting down and abandoning module MagicLeapIdentity (334)
[2020.09.01-20.11.23:450][716]LogModuleManager: Shutting down and abandoning module MagicLeapHandTracking (332)
[2020.09.01-20.11.23:450][716]LogModuleManager: Shutting down and abandoning module MagicLeapEyeTracker (330)
[2020.09.01-20.11.23:450][716]LogModuleManager: Shutting down and abandoning module MagicLeapController (328)
[2020.09.01-20.11.23:466][716]LogSlate: Slate User Destroyed.  User Index 0, Is Virtual User: 0
[2020.09.01-20.11.23:466][716]LogModuleManager: Shutting down and abandoning module MagicLeapARPinImpl (326)
[2020.09.01-20.11.23:479][716]LogModuleManager: Shutting down and abandoning module MagicLeapAR (324)
[2020.09.01-20.11.23:479][716]LogModuleManager: Shutting down and abandoning module AugmentedReality (323)
[2020.09.01-20.11.23:479][716]LogModuleManager: Shutting down and abandoning module NiagaraAnimNotifies (320)
[2020.09.01-20.11.23:479][716]LogModuleManager: Shutting down and abandoning module Niagara (318)
