Log file open, 09/02/20 17:24:06
LogInit: Display: Running engine for game: HadoukenVR
LogPlatformFile: Not using cached read wrapper
LogTaskGraph: Started task graph with 5 named threads and 23 total threads with 3 sets of task threads.
LogStats: Stats thread started at 1.527886
LogD3D11RHI: Loaded GFSDK_Aftermath_Lib.x64.dll
LogICUInternationalization: ICU TimeZone Detection - Raw Offset: +1:00, Platform Override: ''
LogPluginManager: Mounting plugin Paper2D
LogPluginManager: Mounting plugin AISupport
LogPluginManager: Mounting plugin LightPropagationVolume
LogPluginManager: Mounting plugin CameraShakePreviewer
LogPluginManager: Mounting plugin ActorLayerUtilities
LogPluginManager: Mounting plugin AnimationSharing
LogPluginManager: Mounting plugin CLionSourceCodeAccess
LogPluginManager: Mounting plugin CodeLiteSourceCodeAccess
LogPluginManager: Mounting plugin GitSourceControl
LogPluginManager: Mounting plugin KDevelopSourceCodeAccess
LogPluginManager: Mounting plugin NullSourceCodeAccess
LogPluginManager: Mounting plugin PerforceSourceControl
LogPluginManager: Mounting plugin PlasticSourceControl
LogPluginManager: Mounting plugin RiderSourceCodeAccess
LogPluginManager: Mounting plugin SubversionSourceControl
LogPluginManager: Mounting plugin UObjectPlugin
LogPluginManager: Mounting plugin VisualStudioCodeSourceCodeAccess
LogPluginManager: Mounting plugin VisualStudioSourceCodeAccess
LogPluginManager: Mounting plugin XCodeSourceCodeAccess
LogPluginManager: Mounting plugin AssetManagerEditor
LogPluginManager: Mounting plugin CryptoKeys
LogPluginManager: Mounting plugin CurveEditorTools
LogPluginManager: Mounting plugin DataValidation
LogPluginManager: Mounting plugin EditorScriptingUtilities
LogPluginManager: Mounting plugin FacialAnimation
LogPluginManager: Mounting plugin GameplayTagsEditor
LogPluginManager: Mounting plugin GeometryMode
LogPluginManager: Mounting plugin MacGraphicsSwitching
LogPluginManager: Mounting plugin MaterialAnalyzer
LogPluginManager: Mounting plugin MobileLauncherProfileWizard
LogPluginManager: Mounting plugin PluginBrowser
LogPluginManager: Mounting plugin SpeedTreeImporter
LogPluginManager: Mounting plugin DatasmithContent
LogPluginManager: Mounting plugin VariantManagerContent
LogPluginManager: Mounting plugin AlembicImporter
LogPluginManager: Mounting plugin AutomationUtils
LogPluginManager: Mounting plugin BackChannel
LogPluginManager: Mounting plugin ChaosCloth
LogPluginManager: Mounting plugin ChaosClothEditor
LogPluginManager: Mounting plugin ChaosEditor
LogPluginManager: Mounting plugin ChaosNiagara
LogPluginManager: Mounting plugin ChaosSolverPlugin
LogPluginManager: Mounting plugin CharacterAI
LogPluginManager: Mounting plugin GeometryCache
LogPluginManager: Mounting plugin GeometryCollectionPlugin
LogPluginManager: Mounting plugin GeometryProcessing
LogPluginManager: Mounting plugin PlanarCut
LogPluginManager: Mounting plugin PlatformCrypto
LogPluginManager: Mounting plugin ProxyLODPlugin
LogPluginManager: Mounting plugin SkeletalReduction
LogPluginManager: Mounting plugin Niagara
LogPluginManager: Mounting plugin MagicLeap
LogPluginManager: Mounting plugin MagicLeapLightEstimation
LogPluginManager: Mounting plugin MagicLeapMedia
LogPluginManager: Mounting plugin MagicLeapPassableWorld
LogPluginManager: Mounting plugin MLSDK
LogPluginManager: Mounting plugin AndroidMedia
LogPluginManager: Mounting plugin AvfMedia
LogPluginManager: Mounting plugin ImgMedia
LogPluginManager: Mounting plugin MediaCompositing
LogPluginManager: Mounting plugin MediaPlayerEditor
LogPluginManager: Mounting plugin WebMMedia
LogPluginManager: Mounting plugin WmfMedia
LogPluginManager: Mounting plugin MeshPainting
LogPluginManager: Mounting plugin TcpMessaging
LogPluginManager: Mounting plugin UdpMessaging
LogPluginManager: Mounting plugin ActorSequence
LogPluginManager: Mounting plugin LevelSequenceEditor
LogPluginManager: Mounting plugin MatineeToLevelSequence
LogPluginManager: Mounting plugin MovieRenderPipeline
LogPluginManager: Mounting plugin TemplateSequence
LogPluginManager: Mounting plugin NetcodeUnitTest
LogPluginManager: Mounting plugin NUTUnrealEngine4
LogPluginManager: Mounting plugin OnlineSubsystemGooglePlay
LogPluginManager: Mounting plugin OnlineSubsystemIOS
LogPluginManager: Mounting plugin OnlineSubsystem
LogPluginManager: Mounting plugin OnlineSubsystemNull
LogPluginManager: Mounting plugin OnlineSubsystemUtils
LogPluginManager: Mounting plugin LauncherChunkInstaller
LogPluginManager: Mounting plugin AndroidDeviceProfileSelector
LogPluginManager: Mounting plugin AndroidMoviePlayer
LogPluginManager: Mounting plugin AndroidPermission
LogPluginManager: Mounting plugin AppleImageUtils
LogPluginManager: Mounting plugin AppleMoviePlayer
LogPluginManager: Mounting plugin ArchVisCharacter
LogPluginManager: Mounting plugin AssetTags
LogPluginManager: Mounting plugin AudioCapture
LogPluginManager: Mounting plugin CableComponent
LogPluginManager: Mounting plugin CustomMeshComponent
LogPluginManager: Mounting plugin EditableMesh
LogPluginManager: Mounting plugin ExampleDeviceProfileSelector
LogPluginManager: Mounting plugin GoogleCloudMessaging
LogPluginManager: Mounting plugin GooglePAD
LogPluginManager: Mounting plugin IOSDeviceProfileSelector
LogPluginManager: Mounting plugin LinuxDeviceProfileSelector
LogPluginManager: Mounting plugin LocationServicesBPLibrary
LogPluginManager: Mounting plugin MobilePatchingUtils
LogPluginManager: Mounting plugin OculusVR
LogPluginManager: Mounting plugin PhysXVehicles
LogPluginManager: Mounting plugin PostSplashScreen
LogPluginManager: Mounting plugin ProceduralMeshComponent
LogPluginManager: Mounting plugin RuntimePhysXCooking
LogPluginManager: Mounting plugin SignificanceManager
LogPluginManager: Mounting plugin SoundFields
LogPluginManager: Mounting plugin SteamVR
LogPluginManager: Mounting plugin Synthesis
LogPluginManager: Mounting plugin WebMMoviePlayer
LogPluginManager: Mounting plugin WindowsMoviePlayer
LogPluginManager: Mounting plugin ScreenshotTools
LogInit: Using libcurl 7.55.1-DEV
LogInit:  - built for x86_64-pc-win32
LogInit:  - supports SSL with OpenSSL/1.1.1
LogInit:  - supports HTTP deflate (compression) using libz 1.2.8
LogInit:  - other features:
LogInit:      CURL_VERSION_SSL
LogInit:      CURL_VERSION_LIBZ
LogInit:      CURL_VERSION_IPV6
LogInit:      CURL_VERSION_ASYNCHDNS
LogInit:      CURL_VERSION_LARGEFILE
LogInit:      CURL_VERSION_IDN
LogInit:  CurlRequestOptions (configurable via config and command line):
LogInit:  - bVerifyPeer = true  - Libcurl will verify peer certificate
LogInit:  - bUseHttpProxy = false  - Libcurl will NOT use HTTP proxy
LogInit:  - bDontReuseConnections = false  - Libcurl will reuse connections
LogInit:  - MaxHostConnections = 16  - Libcurl will limit the number of connections to a host
LogInit:  - LocalHostAddr = Default
LogInit:  - BufferSize = 65536
LogOnline: OSS: Creating online subsystem instance for: NULL
LogInit: WinSock: version 1.1 (2.2), MaxSocks=32767, MaxUdp=65467
LogOnline: OSS: TryLoadSubsystemAndSetDefault: Loaded subsystem for module [NULL]
LogOculusPluginWrapper: OculusPlugin initialized successfully
LogHMD: Failed initializing OVRPlugin 1.44.0
LogInit: Build: ++UE4+Release-4.25-CL-13594126
LogInit: Engine Version: 4.25.1-13594126+++UE4+Release-4.25
LogInit: Compatible Engine Version: 4.25.0-13144385+++UE4+Release-4.25
LogInit: Net CL: 13144385
LogInit: OS: Windows 10 (Release 1909) (), CPU: Intel(R) Core(TM) i7-7700 CPU @ 3.60GHz, GPU: NVIDIA GeForce GTX 1080
LogInit: Compiled (64-bit): Jun  2 2020 02:10:36
LogInit: Compiled with Visual C++: 19.24.28315.00
LogInit: Build Configuration: Development
LogInit: Branch Name: ++UE4+Release-4.25
LogInit: Command Line: 
LogInit: Base Directory: S:/Programs/Unreal/UE_4.25/Engine/Binaries/Win64/
LogInit: Allocator: TBB
LogInit: Installed Engine Build: 1
LogDevObjectVersion: Number of dev versions registered: 26
LogDevObjectVersion:   Dev-Blueprints (B0D832E4-1F89-4F0D-ACCF-7EB736FD4AA2): 10
LogDevObjectVersion:   Dev-Build (E1C64328-A22C-4D53-A36C-8E866417BD8C): 0
LogDevObjectVersion:   Dev-Core (375EC13C-06E4-48FB-B500-84F0262A717E): 4
LogDevObjectVersion:   Dev-Editor (E4B068ED-F494-42E9-A231-DA0B2E46BB41): 38
LogDevObjectVersion:   Dev-Framework (CFFC743F-43B0-4480-9391-14DF171D2073): 37
LogDevObjectVersion:   Dev-Mobile (B02B49B5-BB20-44E9-A304-32B752E40360): 2
LogDevObjectVersion:   Dev-Networking (A4E4105C-59A1-49B5-A7C5-40C4547EDFEE): 0
LogDevObjectVersion:   Dev-Online (39C831C9-5AE6-47DC-9A44-9C173E1C8E7C): 0
LogDevObjectVersion:   Dev-Physics (78F01B33-EBEA-4F98-B9B4-84EACCB95AA2): 4
LogDevObjectVersion:   Dev-Platform (6631380F-2D4D-43E0-8009-CF276956A95A): 0
LogDevObjectVersion:   Dev-Rendering (12F88B9F-8875-4AFC-A67C-D90C383ABD29): 43
LogDevObjectVersion:   Dev-Sequencer (7B5AE74C-D270-4C10-A958-57980B212A5A): 12
LogDevObjectVersion:   Dev-VR (D7296918-1DD6-4BDD-9DE2-64A83CC13884): 3
LogDevObjectVersion:   Dev-LoadTimes (C2A15278-BFE7-4AFE-6C17-90FF531DF755): 1
LogDevObjectVersion:   Private-Geometry (6EACA3D4-40EC-4CC1-B786-8BED09428FC5): 3
LogDevObjectVersion:   Dev-AnimPhys (29E575DD-E0A3-4627-9D10-D276232CDCEA): 17
LogDevObjectVersion:   Dev-Anim (AF43A65D-7FD3-4947-9873-3E8ED9C1BB05): 7
LogDevObjectVersion:   Dev-ReflectionCapture (6B266CEC-1EC7-4B8F-A30B-E4D90942FC07): 1
LogDevObjectVersion:   Dev-Automation (0DF73D61-A23F-47EA-B727-89E90C41499A): 1
LogDevObjectVersion:   FortniteMain (601D1886-AC64-4F84-AA16-D3DE0DEAC7D6): 31
LogDevObjectVersion:   Dev-Enterprise (9DFFBCD6-494F-0158-E221-12823C92A888): 10
LogDevObjectVersion:   Dev-Niagara (F2AED0AC-9AFE-416F-8664-AA7FFA26D6FC): 1
LogDevObjectVersion:   Dev-Destruction (174F1F0B-B4C6-45A5-B13F-2EE8D0FB917D): 10
LogDevObjectVersion:   Dev-Physics-Ext (35F94A83-E258-406C-A318-09F59610247C): 37
LogDevObjectVersion:   Dev-PhysicsMaterial-Chaos (B68FC16E-8B1B-42E2-B453-215C058844FE): 1
LogDevObjectVersion:   Dev-CineCamera (B2E18506-4273-CFC2-A54E-F4BB758BBA07): 1
LogInit: Presizing for max 25165824 objects, including 0 objects not considered by GC, pre-allocating 0 bytes for permanent pool.
LogConfig: Applying CVar settings from Section [/Script/Engine.StreamingSettings] File [S:/Documents/Unreal/HadoukenVR/HadoukenVR/Saved/Config/Windows/Engine.ini]
LogConfig: Setting CVar [[s.MinBulkDataSizeForAsyncLoading:131072]]
LogConfig: Setting CVar [[s.AsyncLoadingThreadEnabled:0]]
LogConfig: Setting CVar [[s.EventDrivenLoaderEnabled:1]]
LogConfig: Setting CVar [[s.WarnIfTimeLimitExceeded:0]]
LogConfig: Setting CVar [[s.TimeLimitExceededMultiplier:1.5]]
LogConfig: Setting CVar [[s.TimeLimitExceededMinTime:0.005]]
LogConfig: Setting CVar [[s.UseBackgroundLevelStreaming:1]]
LogConfig: Setting CVar [[s.PriorityAsyncLoadingExtraTime:15.0]]
LogConfig: Setting CVar [[s.LevelStreamingActorsUpdateTimeLimit:5.0]]
LogConfig: Setting CVar [[s.PriorityLevelStreamingActorsUpdateExtraTime:5.0]]
LogConfig: Setting CVar [[s.LevelStreamingComponentsRegistrationGranularity:10]]
LogConfig: Setting CVar [[s.UnregisterComponentsTimeLimit:1.0]]
LogConfig: Setting CVar [[s.LevelStreamingComponentsUnregistrationGranularity:5]]
LogConfig: Setting CVar [[s.FlushStreamingOnExit:1]]
LogInit: Object subsystem initialized
LogConfig: Setting CVar [[con.DebugEarlyDefault:1]]
LogConfig: Setting CVar [[r.setres:1280x720]]
[2020.09.02-15.24.08:920][  0]LogConfig: Setting CVar [[r.VSync:0]]
[2020.09.02-15.24.08:920][  0]LogConfig: Setting CVar [[r.RHICmdBypass:0]]
[2020.09.02-15.24.08:920][  0]LogConfig: Applying CVar settings from Section [/Script/Engine.RendererSettings] File [S:/Documents/Unreal/HadoukenVR/HadoukenVR/Saved/Config/Windows/Engine.ini]
[2020.09.02-15.24.08:920][  0]LogConfig: Setting CVar [[r.GPUCrashDebugging:0]]
[2020.09.02-15.24.08:920][  0]LogConfig: Setting CVar [[r.Mobile.DisableVertexFog:1]]
[2020.09.02-15.24.08:920][  0]LogConfig: Setting CVar [[r.Shadow.CSM.MaxMobileCascades:2]]
[2020.09.02-15.24.08:920][  0]LogConfig: Setting CVar [[r.MobileMSAA:1]]
[2020.09.02-15.24.08:920][  0]LogConfig: Setting CVar [[r.Mobile.UseLegacyShadingModel:0]]
[2020.09.02-15.24.08:920][  0]LogConfig: Setting CVar [[r.Mobile.AllowDitheredLODTransition:0]]
[2020.09.02-15.24.08:920][  0]LogConfig: Setting CVar [[r.Mobile.AllowSoftwareOcclusion:0]]
[2020.09.02-15.24.08:920][  0]LogConfig: Setting CVar [[r.Mobile.VirtualTextures:0]]
[2020.09.02-15.24.08:920][  0]LogConfig: Setting CVar [[r.DiscardUnusedQuality:0]]
[2020.09.02-15.24.08:920][  0]LogConfig: Setting CVar [[r.AllowOcclusionQueries:1]]
[2020.09.02-15.24.08:920][  0]LogConfig: Setting CVar [[r.MinScreenRadiusForLights:0.030000]]
[2020.09.02-15.24.08:920][  0]LogConfig: Setting CVar [[r.MinScreenRadiusForDepthPrepass:0.030000]]
[2020.09.02-15.24.08:920][  0]LogConfig: Setting CVar [[r.MinScreenRadiusForCSMDepth:0.010000]]
[2020.09.02-15.24.08:920][  0]LogConfig: Setting CVar [[r.PrecomputedVisibilityWarning:0]]
[2020.09.02-15.24.08:920][  0]LogConfig: Setting CVar [[r.TextureStreaming:1]]
[2020.09.02-15.24.08:920][  0]LogConfig: Setting CVar [[Compat.UseDXT5NormalMaps:0]]
[2020.09.02-15.24.08:920][  0]LogConfig: Setting CVar [[r.VirtualTextures:0]]
[2020.09.02-15.24.08:920][  0]LogConfig: Setting CVar [[r.VirtualTexturedLightmaps:0]]
[2020.09.02-15.24.08:920][  0]LogConfig: Setting CVar [[r.VT.TileSize:128]]
[2020.09.02-15.24.08:920][  0]LogConfig: Setting CVar [[r.VT.TileBorderSize:4]]
[2020.09.02-15.24.08:920][  0]LogConfig: Setting CVar [[r.vt.FeedbackFactor:16]]
[2020.09.02-15.24.08:920][  0]LogConfig: Setting CVar [[r.VT.EnableCompressZlib:1]]
[2020.09.02-15.24.08:920][  0]LogConfig: Setting CVar [[r.VT.EnableCompressCrunch:0]]
[2020.09.02-15.24.08:920][  0]LogConfig: Setting CVar [[r.ClearCoatNormal:0]]
[2020.09.02-15.24.08:920][  0]LogConfig: Setting CVar [[r.AnisotropicBRDF:0]]
[2020.09.02-15.24.08:920][  0]LogConfig: Setting CVar [[r.ReflectionCaptureResolution:128]]
[2020.09.02-15.24.08:920][  0]LogConfig: Setting CVar [[r.ReflectionEnvironmentLightmapMixBasedOnRoughness:1]]
[2020.09.02-15.24.08:920][  0]LogConfig: Setting CVar [[r.ForwardShading:0]]
[2020.09.02-15.24.08:920][  0]LogConfig: Setting CVar [[r.VertexFoggingForOpaque:1]]
[2020.09.02-15.24.08:920][  0]LogConfig: Setting CVar [[r.AllowStaticLighting:1]]
[2020.09.02-15.24.08:920][  0]LogConfig: Setting CVar [[r.NormalMapsForStaticLighting:0]]
[2020.09.02-15.24.08:921][  0]LogConfig: Setting CVar [[r.GenerateMeshDistanceFields:0]]
[2020.09.02-15.24.08:921][  0]LogConfig: Setting CVar [[r.DistanceFieldBuild.EightBit:0]]
[2020.09.02-15.24.08:921][  0]LogConfig: Setting CVar [[r.GenerateLandscapeGIData:0]]
[2020.09.02-15.24.08:921][  0]LogConfig: Setting CVar [[r.DistanceFieldBuild.Compress:0]]
[2020.09.02-15.24.08:921][  0]LogConfig: Setting CVar [[r.TessellationAdaptivePixelsPerTriangle:48.000000]]
[2020.09.02-15.24.08:921][  0]LogConfig: Setting CVar [[r.SeparateTranslucency:0]]
[2020.09.02-15.24.08:921][  0]LogConfig: Setting CVar [[r.TranslucentSortPolicy:0]]
[2020.09.02-15.24.08:921][  0]LogConfig: Setting CVar [[r.CustomDepth:1]]
[2020.09.02-15.24.08:921][  0]LogConfig: Setting CVar [[r.CustomDepthTemporalAAJitter:1]]
[2020.09.02-15.24.08:921][  0]LogConfig: Setting CVar [[r.PostProcessing.PropagateAlpha:0]]
[2020.09.02-15.24.08:921][  0]LogConfig: Setting CVar [[r.DefaultFeature.Bloom:0]]
[2020.09.02-15.24.08:921][  0]LogConfig: Setting CVar [[r.DefaultFeature.AmbientOcclusion:0]]
[2020.09.02-15.24.08:921][  0]LogConfig: Setting CVar [[r.DefaultFeature.AmbientOcclusionStaticFraction:0]]
[2020.09.02-15.24.08:921][  0]LogConfig: Setting CVar [[r.DefaultFeature.AutoExposure:0]]
[2020.09.02-15.24.08:921][  0]LogConfig: Setting CVar [[r.DefaultFeature.AutoExposure.Method:0]]
[2020.09.02-15.24.08:921][  0]LogConfig: Setting CVar [[r.DefaultFeature.AutoExposure.Bias:1.000000]]
[2020.09.02-15.24.08:921][  0]LogConfig: Setting CVar [[r.DefaultFeature.AutoExposure.ExtendDefaultLuminanceRange:0]]
[2020.09.02-15.24.08:921][  0]LogConfig: Setting CVar [[r.UsePreExposure:1]]
[2020.09.02-15.24.08:921][  0]LogConfig: Setting CVar [[r.EyeAdaptation.EditorOnly:0]]
[2020.09.02-15.24.08:921][  0]LogConfig: Setting CVar [[r.DefaultFeature.MotionBlur:0]]
[2020.09.02-15.24.08:921][  0]LogConfig: Setting CVar [[r.DefaultFeature.LensFlare:0]]
[2020.09.02-15.24.08:921][  0]LogConfig: Setting CVar [[r.TemporalAA.Upsampling:0]]
[2020.09.02-15.24.08:921][  0]LogConfig: Setting CVar [[r.SSGI.Enable:0]]
[2020.09.02-15.24.08:921][  0]LogConfig: Setting CVar [[r.DefaultFeature.AntiAliasing:0]]
[2020.09.02-15.24.08:921][  0]LogConfig: Setting CVar [[r.DefaultFeature.LightUnits:1]]
[2020.09.02-15.24.08:921][  0]LogConfig: Setting CVar [[r.DefaultBackBufferPixelFormat:4]]
[2020.09.02-15.24.08:921][  0]LogConfig: Setting CVar [[r.Shadow.UnbuiltPreviewInGame:1]]
[2020.09.02-15.24.08:921][  0]LogConfig: Setting CVar [[r.StencilForLODDither:0]]
[2020.09.02-15.24.08:921][  0]LogConfig: Setting CVar [[r.EarlyZPass:3]]
[2020.09.02-15.24.08:921][  0]LogConfig: Setting CVar [[r.EarlyZPassOnlyMaterialMasking:0]]
[2020.09.02-15.24.08:921][  0]LogConfig: Setting CVar [[r.DBuffer:1]]
[2020.09.02-15.24.08:921][  0]LogConfig: Setting CVar [[r.ClearSceneMethod:1]]
[2020.09.02-15.24.08:921][  0]LogConfig: Setting CVar [[r.BasePassOutputsVelocity:0]]
[2020.09.02-15.24.08:921][  0]LogConfig: Setting CVar [[r.VertexDeformationOutputsVelocity:0]]
[2020.09.02-15.24.08:921][  0]LogConfig: Setting CVar [[r.SelectiveBasePassOutputs:0]]
[2020.09.02-15.24.08:921][  0]LogConfig: Setting CVar [[fx.GPUSimulationTextureSizeX:1024]]
[2020.09.02-15.24.08:921][  0]LogConfig: Setting CVar [[fx.GPUSimulationTextureSizeY:1024]]
[2020.09.02-15.24.08:921][  0]LogConfig: Setting CVar [[r.AllowGlobalClipPlane:0]]
[2020.09.02-15.24.08:921][  0]LogConfig: Setting CVar [[r.GBufferFormat:1]]
[2020.09.02-15.24.08:921][  0]LogConfig: Setting CVar [[r.MorphTarget.Mode:1]]
[2020.09.02-15.24.08:921][  0]LogConfig: Setting CVar [[vr.InstancedStereo:1]]
[2020.09.02-15.24.08:921][  0]LogConfig: Setting CVar [[r.MobileHDR:0]]
[2020.09.02-15.24.08:921][  0]LogConfig: Setting CVar [[vr.MobileMultiView:0]]
[2020.09.02-15.24.08:921][  0]LogConfig: Setting CVar [[r.Mobile.UseHWsRGBEncoding:1]]
[2020.09.02-15.24.08:921][  0]LogConfig: Setting CVar [[vr.RoundRobinOcclusion:0]]
[2020.09.02-15.24.08:921][  0]LogConfig: Setting CVar [[vr.ODSCapture:0]]
[2020.09.02-15.24.08:921][  0]LogConfig: Setting CVar [[r.MeshStreaming:0]]
[2020.09.02-15.24.08:921][  0]LogConfig: Setting CVar [[r.WireframeCullThreshold:5.000000]]
[2020.09.02-15.24.08:921][  0]LogConfig: Setting CVar [[r.RayTracing:0]]
[2020.09.02-15.24.08:921][  0]LogConfig: Setting CVar [[r.RayTracing.UseTextureLod:0]]
[2020.09.02-15.24.08:921][  0]LogConfig: Setting CVar [[r.SupportStationarySkylight:1]]
[2020.09.02-15.24.08:921][  0]LogConfig: Setting CVar [[r.SupportLowQualityLightmaps:1]]
[2020.09.02-15.24.08:921][  0]LogConfig: Setting CVar [[r.SupportPointLightWholeSceneShadows:1]]
[2020.09.02-15.24.08:921][  0]LogConfig: Setting CVar [[r.SupportAtmosphericFog:1]]
[2020.09.02-15.24.08:921][  0]LogConfig: Setting CVar [[r.SupportSkyAtmosphere:1]]
[2020.09.02-15.24.08:921][  0]LogConfig: Setting CVar [[r.SupportSkyAtmosphereAffectsHeightFog:0]]
[2020.09.02-15.24.08:921][  0]LogConfig: Setting CVar [[r.SkinCache.CompileShaders:0]]
[2020.09.02-15.24.08:921][  0]LogConfig: Setting CVar [[r.SkinCache.DefaultBehavior:1]]
[2020.09.02-15.24.08:921][  0]LogConfig: Setting CVar [[r.SkinCache.SceneMemoryLimitInMB:128.000000]]
[2020.09.02-15.24.08:921][  0]LogConfig: Setting CVar [[r.Mobile.EnableStaticAndCSMShadowReceivers:1]]
[2020.09.02-15.24.08:921][  0]LogConfig: Setting CVar [[r.Mobile.EnableMovableLightCSMShaderCulling:1]]
[2020.09.02-15.24.08:921][  0]LogConfig: Setting CVar [[r.Mobile.AllowDistanceFieldShadows:1]]
[2020.09.02-15.24.08:921][  0]LogConfig: Setting CVar [[r.Mobile.AllowMovableDirectionalLights:1]]
[2020.09.02-15.24.08:921][  0]LogConfig: Setting CVar [[r.MobileNumDynamicPointLights:4]]
[2020.09.02-15.24.08:921][  0]LogConfig: Setting CVar [[r.MobileDynamicPointLightsUseStaticBranch:1]]
[2020.09.02-15.24.08:921][  0]LogConfig: Setting CVar [[r.Mobile.EnableMovableSpotlights:0]]
[2020.09.02-15.24.08:921][  0]LogConfig: Setting CVar [[r.GPUSkin.Support16BitBoneIndex:0]]
[2020.09.02-15.24.08:921][  0]LogConfig: Setting CVar [[r.GPUSkin.Limit2BoneInfluences:0]]
[2020.09.02-15.24.08:921][  0]LogConfig: Setting CVar [[r.SupportDepthOnlyIndexBuffers:1]]
[2020.09.02-15.24.08:921][  0]LogConfig: Setting CVar [[r.SupportReversedIndexBuffers:1]]
[2020.09.02-15.24.08:921][  0]LogConfig: Setting CVar [[r.SupportMaterialLayers:0]]
[2020.09.02-15.24.08:921][  0]LogConfig: Setting CVar [[r.LightPropagationVolume:0]]
[2020.09.02-15.24.08:921][  0]LogConfig: Applying CVar settings from Section [/Script/Engine.RendererOverrideSettings] File [S:/Documents/Unreal/HadoukenVR/HadoukenVR/Saved/Config/Windows/Engine.ini]
[2020.09.02-15.24.08:921][  0]LogConfig: Applying CVar settings from Section [/Script/Engine.StreamingSettings] File [S:/Documents/Unreal/HadoukenVR/HadoukenVR/Saved/Config/Windows/Engine.ini]
[2020.09.02-15.24.08:921][  0]LogConfig: Setting CVar [[s.MinBulkDataSizeForAsyncLoading:131072]]
[2020.09.02-15.24.08:921][  0]LogConfig: Setting CVar [[s.AsyncLoadingThreadEnabled:0]]
[2020.09.02-15.24.08:921][  0]LogConfig: Setting CVar [[s.EventDrivenLoaderEnabled:1]]
[2020.09.02-15.24.08:921][  0]LogConfig: Setting CVar [[s.WarnIfTimeLimitExceeded:0]]
[2020.09.02-15.24.08:921][  0]LogConfig: Setting CVar [[s.TimeLimitExceededMultiplier:1.5]]
[2020.09.02-15.24.08:922][  0]LogConfig: Setting CVar [[s.TimeLimitExceededMinTime:0.005]]
[2020.09.02-15.24.08:922][  0]LogConfig: Setting CVar [[s.UseBackgroundLevelStreaming:1]]
[2020.09.02-15.24.08:922][  0]LogConfig: Setting CVar [[s.PriorityAsyncLoadingExtraTime:15.0]]
[2020.09.02-15.24.08:922][  0]LogConfig: Setting CVar [[s.LevelStreamingActorsUpdateTimeLimit:5.0]]
[2020.09.02-15.24.08:922][  0]LogConfig: Setting CVar [[s.PriorityLevelStreamingActorsUpdateExtraTime:5.0]]
[2020.09.02-15.24.08:922][  0]LogConfig: Setting CVar [[s.LevelStreamingComponentsRegistrationGranularity:10]]
[2020.09.02-15.24.08:922][  0]LogConfig: Setting CVar [[s.UnregisterComponentsTimeLimit:1.0]]
[2020.09.02-15.24.08:922][  0]LogConfig: Setting CVar [[s.LevelStreamingComponentsUnregistrationGranularity:5]]
[2020.09.02-15.24.08:922][  0]LogConfig: Setting CVar [[s.FlushStreamingOnExit:1]]
[2020.09.02-15.24.08:922][  0]LogConfig: Applying CVar settings from Section [/Script/Engine.GarbageCollectionSettings] File [S:/Documents/Unreal/HadoukenVR/HadoukenVR/Saved/Config/Windows/Engine.ini]
[2020.09.02-15.24.08:922][  0]LogConfig: Setting CVar [[gc.MaxObjectsNotConsideredByGC:1]]
[2020.09.02-15.24.08:922][  0]LogConfig: Setting CVar [[gc.SizeOfPermanentObjectPool:0]]
[2020.09.02-15.24.08:922][  0]LogConfig: Setting CVar [[gc.FlushStreamingOnGC:0]]
[2020.09.02-15.24.08:922][  0]LogConfig: Setting CVar [[gc.NumRetriesBeforeForcingGC:10]]
[2020.09.02-15.24.08:922][  0]LogConfig: Setting CVar [[gc.AllowParallelGC:1]]
[2020.09.02-15.24.08:922][  0]LogConfig: Setting CVar [[gc.TimeBetweenPurgingPendingKillObjects:61.1]]
[2020.09.02-15.24.08:922][  0]LogConfig: Setting CVar [[gc.MaxObjectsInEditor:25165824]]
[2020.09.02-15.24.08:922][  0]LogConfig: Setting CVar [[gc.IncrementalBeginDestroyEnabled:1]]
[2020.09.02-15.24.08:922][  0]LogConfig: Setting CVar [[gc.CreateGCClusters:1]]
[2020.09.02-15.24.08:922][  0]LogConfig: Setting CVar [[gc.MinGCClusterSize:5]]
[2020.09.02-15.24.08:922][  0]LogConfig: Setting CVar [[gc.ActorClusteringEnabled:0]]
[2020.09.02-15.24.08:922][  0]LogConfig: Setting CVar [[gc.BlueprintClusteringEnabled:0]]
[2020.09.02-15.24.08:922][  0]LogConfig: Setting CVar [[gc.UseDisregardForGCOnDedicatedServers:0]]
[2020.09.02-15.24.08:922][  0]LogConfig: Applying CVar settings from Section [/Script/Engine.NetworkSettings] File [S:/Documents/Unreal/HadoukenVR/HadoukenVR/Saved/Config/Windows/Engine.ini]
[2020.09.02-15.24.08:922][  0]LogConfig: Applying CVar settings from Section [/Script/UnrealEd.CookerSettings] File [S:/Documents/Unreal/HadoukenVR/HadoukenVR/Saved/Config/Windows/Engine.ini]
[2020.09.02-15.24.08:924][  0]LogConfig: Applying CVar settings from Section [ViewDistanceQuality@3] File [S:/Documents/Unreal/HadoukenVR/HadoukenVR/Saved/Config/Windows/Scalability.ini]
[2020.09.02-15.24.08:924][  0]LogConfig: Setting CVar [[r.SkeletalMeshLODBias:0]]
[2020.09.02-15.24.08:924][  0]LogConfig: Setting CVar [[r.ViewDistanceScale:1.0]]
[2020.09.02-15.24.08:924][  0]LogConfig: Applying CVar settings from Section [AntiAliasingQuality@3] File [S:/Documents/Unreal/HadoukenVR/HadoukenVR/Saved/Config/Windows/Scalability.ini]
[2020.09.02-15.24.08:924][  0]LogConfig: Setting CVar [[r.PostProcessAAQuality:3]]
[2020.09.02-15.24.08:924][  0]LogConfig: Applying CVar settings from Section [ShadowQuality@3] File [S:/Documents/Unreal/HadoukenVR/HadoukenVR/Saved/Config/Windows/Scalability.ini]
[2020.09.02-15.24.08:924][  0]LogConfig: Setting CVar [[r.LightFunctionQuality:1]]
[2020.09.02-15.24.08:924][  0]LogConfig: Setting CVar [[r.ShadowQuality:5]]
[2020.09.02-15.24.08:924][  0]LogConfig: Setting CVar [[r.Shadow.CSM.MaxCascades:10]]
[2020.09.02-15.24.08:924][  0]LogConfig: Setting CVar [[r.Shadow.MaxResolution:2048]]
[2020.09.02-15.24.08:924][  0]LogConfig: Setting CVar [[r.Shadow.MaxCSMResolution:2048]]
[2020.09.02-15.24.08:924][  0]LogConfig: Setting CVar [[r.Shadow.RadiusThreshold:0.01]]
[2020.09.02-15.24.08:924][  0]LogConfig: Setting CVar [[r.Shadow.DistanceScale:1.0]]
[2020.09.02-15.24.08:924][  0]LogConfig: Setting CVar [[r.Shadow.CSM.TransitionScale:1.0]]
[2020.09.02-15.24.08:924][  0]LogConfig: Setting CVar [[r.Shadow.PreShadowResolutionFactor:1.0]]
[2020.09.02-15.24.08:924][  0]LogConfig: Setting CVar [[r.DistanceFieldShadowing:1]]
[2020.09.02-15.24.08:924][  0]LogConfig: Setting CVar [[r.DistanceFieldAO:1]]
[2020.09.02-15.24.08:924][  0]LogConfig: Setting CVar [[r.AOQuality:2]]
[2020.09.02-15.24.08:924][  0]LogConfig: Setting CVar [[r.VolumetricFog:1]]
[2020.09.02-15.24.08:924][  0]LogConfig: Setting CVar [[r.VolumetricFog.GridPixelSize:8]]
[2020.09.02-15.24.08:924][  0]LogConfig: Setting CVar [[r.VolumetricFog.GridSizeZ:128]]
[2020.09.02-15.24.08:924][  0]LogConfig: Setting CVar [[r.VolumetricFog.HistoryMissSupersampleCount:4]]
[2020.09.02-15.24.08:924][  0]LogConfig: Setting CVar [[r.LightMaxDrawDistanceScale:1]]
[2020.09.02-15.24.08:924][  0]LogConfig: Setting CVar [[r.CapsuleShadows:1]]
[2020.09.02-15.24.08:924][  0]LogConfig: Applying CVar settings from Section [PostProcessQuality@3] File [S:/Documents/Unreal/HadoukenVR/HadoukenVR/Saved/Config/Windows/Scalability.ini]
[2020.09.02-15.24.08:924][  0]LogConfig: Setting CVar [[r.MotionBlurQuality:0]]
[2020.09.02-15.24.08:924][  0]LogConfig: Setting CVar [[r.AmbientOcclusionMipLevelFactor:0.4]]
[2020.09.02-15.24.08:924][  0]LogConfig: Setting CVar [[r.AmbientOcclusionMaxQuality:100]]
[2020.09.02-15.24.08:924][  0]LogConfig: Setting CVar [[r.AmbientOcclusionLevels:0]]
[2020.09.02-15.24.08:924][  0]LogConfig: Setting CVar [[r.AmbientOcclusionRadiusScale:1.0]]
[2020.09.02-15.24.08:924][  0]LogConfig: Setting CVar [[r.DepthOfFieldQuality:0]]
[2020.09.02-15.24.08:924][  0]LogConfig: Setting CVar [[r.RenderTargetPoolMin:400]]
[2020.09.02-15.24.08:924][  0]LogConfig: Setting CVar [[r.LensFlareQuality:0]]
[2020.09.02-15.24.08:924][  0]LogConfig: Setting CVar [[r.SceneColorFringeQuality:0]]
[2020.09.02-15.24.08:924][  0]LogConfig: Setting CVar [[r.EyeAdaptationQuality:2]]
[2020.09.02-15.24.08:924][  0]LogConfig: Setting CVar [[r.BloomQuality:1]]
[2020.09.02-15.24.08:924][  0]LogConfig: Setting CVar [[r.FastBlurThreshold:0]]
[2020.09.02-15.24.08:924][  0]LogConfig: Setting CVar [[r.Upscale.Quality:3]]
[2020.09.02-15.24.08:924][  0]LogConfig: Setting CVar [[r.Tonemapper.GrainQuantization:1]]
[2020.09.02-15.24.08:924][  0]LogConfig: Setting CVar [[r.LightShaftQuality:1]]
[2020.09.02-15.24.08:924][  0]LogConfig: Setting CVar [[r.Filter.SizeScale:1]]
[2020.09.02-15.24.08:924][  0]LogConfig: Setting CVar [[r.Tonemapper.Quality:5]]
[2020.09.02-15.24.08:924][  0]LogConfig: Setting CVar [[r.DOF.Gather.AccumulatorQuality:1        ; higher gathering accumulator quality]]
[2020.09.02-15.24.08:924][  0]LogConfig: Setting CVar [[r.DOF.Gather.PostfilterMethod:1          ; Median3x3 postfilering method]]
[2020.09.02-15.24.08:924][  0]LogConfig: Setting CVar [[r.DOF.Gather.EnableBokehSettings:0       ; no bokeh simulation when gathering]]
[2020.09.02-15.24.08:924][  0]LogConfig: Setting CVar [[r.DOF.Gather.RingCount:4                 ; medium number of samples when gathering]]
[2020.09.02-15.24.08:924][  0]LogConfig: Setting CVar [[r.DOF.Scatter.ForegroundCompositing:1    ; additive foreground scattering]]
[2020.09.02-15.24.08:924][  0]LogConfig: Setting CVar [[r.DOF.Scatter.BackgroundCompositing:2    ; additive background scattering]]
[2020.09.02-15.24.08:924][  0]LogConfig: Setting CVar [[r.DOF.Scatter.EnableBokehSettings:1      ; bokeh simulation when scattering]]
[2020.09.02-15.24.08:924][  0]LogConfig: Setting CVar [[r.DOF.Scatter.MaxSpriteRatio:0.1         ; only a maximum of 10% of scattered bokeh]]
[2020.09.02-15.24.08:924][  0]LogConfig: Setting CVar [[r.DOF.Recombine.Quality:1                ; cheap slight out of focus]]
[2020.09.02-15.24.08:924][  0]LogConfig: Setting CVar [[r.DOF.Recombine.EnableBokehSettings:0    ; no bokeh simulation on slight out of focus]]
[2020.09.02-15.24.08:924][  0]LogConfig: Setting CVar [[r.DOF.TemporalAAQuality:1                ; more stable temporal accumulation]]
[2020.09.02-15.24.08:924][  0]LogConfig: Setting CVar [[r.DOF.Kernel.MaxForegroundRadius:0.025]]
[2020.09.02-15.24.08:924][  0]LogConfig: Setting CVar [[r.DOF.Kernel.MaxBackgroundRadius:0.025]]
[2020.09.02-15.24.08:924][  0]LogConfig: Applying CVar settings from Section [TextureQuality@3] File [S:/Documents/Unreal/HadoukenVR/HadoukenVR/Saved/Config/Windows/Scalability.ini]
[2020.09.02-15.24.08:924][  0]LogConfig: Setting CVar [[r.Streaming.MipBias:0]]
[2020.09.02-15.24.08:924][  0]LogConfig: Setting CVar [[r.Streaming.AmortizeCPUToGPUCopy:0]]
[2020.09.02-15.24.08:924][  0]LogConfig: Setting CVar [[r.Streaming.MaxNumTexturesToStreamPerFrame:0]]
[2020.09.02-15.24.08:924][  0]LogConfig: Setting CVar [[r.Streaming.Boost:1]]
[2020.09.02-15.24.08:924][  0]LogConfig: Setting CVar [[r.MaxAnisotropy:8]]
[2020.09.02-15.24.08:924][  0]LogConfig: Setting CVar [[r.VT.MaxAnisotropy:8]]
[2020.09.02-15.24.08:924][  0]LogConfig: Setting CVar [[r.Streaming.LimitPoolSizeToVRAM:0]]
[2020.09.02-15.24.08:924][  0]LogConfig: Setting CVar [[r.Streaming.PoolSize:1000]]
[2020.09.02-15.24.08:924][  0]LogConfig: Setting CVar [[r.Streaming.MaxEffectiveScreenSize:0]]
[2020.09.02-15.24.08:924][  0]LogConfig: Applying CVar settings from Section [EffectsQuality@3] File [S:/Documents/Unreal/HadoukenVR/HadoukenVR/Saved/Config/Windows/Scalability.ini]
[2020.09.02-15.24.08:924][  0]LogConfig: Setting CVar [[r.TranslucencyLightingVolumeDim:4]]
[2020.09.02-15.24.08:924][  0]LogConfig: Setting CVar [[r.RefractionQuality:2]]
[2020.09.02-15.24.08:924][  0]LogConfig: Setting CVar [[r.SSR.Quality:0]]
[2020.09.02-15.24.08:924][  0]LogConfig: Setting CVar [[r.SSR.HalfResSceneColor:0]]
[2020.09.02-15.24.08:924][  0]LogConfig: Setting CVar [[r.SceneColorFormat:2]]
[2020.09.02-15.24.08:924][  0]LogConfig: Setting CVar [[r.DetailMode:2]]
[2020.09.02-15.24.08:925][  0]LogConfig: Setting CVar [[r.TranslucencyVolumeBlur:0]]
[2020.09.02-15.24.08:925][  0]LogConfig: Setting CVar [[r.MaterialQualityLevel:1 ; High quality]]
[2020.09.02-15.24.08:925][  0]LogConfig: Setting CVar [[r.SSS.Scale:1]]
[2020.09.02-15.24.08:925][  0]LogConfig: Setting CVar [[r.SSS.SampleSet:2]]
[2020.09.02-15.24.08:925][  0]LogConfig: Setting CVar [[r.SSS.Quality:1]]
[2020.09.02-15.24.08:925][  0]LogConfig: Setting CVar [[r.SSS.HalfRes:0]]
[2020.09.02-15.24.08:925][  0]LogConfig: Setting CVar [[r.SSGI.Quality:3]]
[2020.09.02-15.24.08:925][  0]LogConfig: Setting CVar [[r.EmitterSpawnRateScale:1.0]]
[2020.09.02-15.24.08:925][  0]LogConfig: Setting CVar [[r.ParticleLightQuality:2]]
[2020.09.02-15.24.08:925][  0]LogConfig: Setting CVar [[r.SkyAtmosphere.AerialPerspectiveLUT.FastApplyOnOpaque:1 ; Always have FastSkyLUT 1 in this case to avoid wrong sky]]
[2020.09.02-15.24.08:925][  0]LogConfig: Setting CVar [[r.SkyAtmosphere.AerialPerspectiveLUT.SampleCountPerSlice:1]]
[2020.09.02-15.24.08:925][  0]LogConfig: Setting CVar [[r.SkyAtmosphere.AerialPerspectiveLUT.DepthResolution:16.0]]
[2020.09.02-15.24.08:925][  0]LogConfig: Setting CVar [[r.SkyAtmosphere.FastSkyLUT:1]]
[2020.09.02-15.24.08:925][  0]LogConfig: Setting CVar [[r.SkyAtmosphere.FastSkyLUT.SampleCountMin:4.0]]
[2020.09.02-15.24.08:925][  0]LogConfig: Setting CVar [[r.SkyAtmosphere.FastSkyLUT.SampleCountMax:32.0]]
[2020.09.02-15.24.08:925][  0]LogConfig: Setting CVar [[r.SkyAtmosphere.SampleCountMin:4.0]]
[2020.09.02-15.24.08:925][  0]LogConfig: Setting CVar [[r.SkyAtmosphere.SampleCountMax:32.0]]
[2020.09.02-15.24.08:925][  0]LogConfig: Setting CVar [[r.SkyAtmosphere.TransmittanceLUT.UseSmallFormat:0]]
[2020.09.02-15.24.08:925][  0]LogConfig: Setting CVar [[r.SkyAtmosphere.TransmittanceLUT.SampleCount:10.0]]
[2020.09.02-15.24.08:925][  0]LogConfig: Setting CVar [[r.SkyAtmosphere.MultiScatteringLUT.SampleCount:15.0]]
[2020.09.02-15.24.08:925][  0]LogConfig: Applying CVar settings from Section [FoliageQuality@3] File [S:/Documents/Unreal/HadoukenVR/HadoukenVR/Saved/Config/Windows/Scalability.ini]
[2020.09.02-15.24.08:925][  0]LogConfig: Setting CVar [[foliage.DensityScale:1.0]]
[2020.09.02-15.24.08:925][  0]LogConfig: Setting CVar [[grass.DensityScale:1.0]]
[2020.09.02-15.24.08:925][  0]LogConfig: Applying CVar settings from Section [ShadingQuality@3] File [S:/Documents/Unreal/HadoukenVR/HadoukenVR/Saved/Config/Windows/Scalability.ini]
[2020.09.02-15.24.08:925][  0]LogConfig: Setting CVar [[r.HairStrands.SkyLighting.SampleCount:16]]
[2020.09.02-15.24.08:925][  0]LogConfig: Setting CVar [[r.HairStrands.SkyLighting.JitterIntegration:0]]
[2020.09.02-15.24.08:925][  0]LogConfig: Setting CVar [[r.HairStrands.SkyAO.SampleCount:16]]
[2020.09.02-15.24.08:925][  0]LogConfig: Setting CVar [[r.HairStrands.DeepShadow.SuperSampling:0]]
[2020.09.02-15.24.08:925][  0]LogConfig: Setting CVar [[r.HairStrands.VisibilityPPLL:0]]
[2020.09.02-15.24.08:925][  0]LogConfig: Setting CVar [[r.HairStrands.RasterizationScale:0.5]]
[2020.09.02-15.24.08:925][  0]LogConfig: Setting CVar [[r.HairStrands.VelocityRasterizationScale:1]]
[2020.09.02-15.24.08:925][  0]LogInit: Selected Device Profile: [Windows]
[2020.09.02-15.24.08:925][  0]LogInit: Applying CVar settings loaded from the selected device profile: [Windows]
[2020.09.02-15.24.08:925][  0]LogHAL: Display: Platform has ~ 8 GB [8529289216 / 8589934592 / 8], which maps to Default [LargestMinGB=32, LargerMinGB=12, DefaultMinGB=8, SmallerMinGB=6, SmallestMinGB=0)
[2020.09.02-15.24.08:925][  0]LogInit: Going up to parent DeviceProfile []
[2020.09.02-15.24.08:925][  0]LogConfig: Applying CVar settings from Section [ViewDistanceQuality@3] File [S:/Documents/Unreal/HadoukenVR/HadoukenVR/Saved/Config/Windows/Scalability.ini]
[2020.09.02-15.24.08:925][  0]LogConfig: Setting CVar [[r.SkeletalMeshLODBias:0]]
[2020.09.02-15.24.08:925][  0]LogConfig: Setting CVar [[r.ViewDistanceScale:1.0]]
[2020.09.02-15.24.08:925][  0]LogConfig: Applying CVar settings from Section [AntiAliasingQuality@3] File [S:/Documents/Unreal/HadoukenVR/HadoukenVR/Saved/Config/Windows/Scalability.ini]
[2020.09.02-15.24.08:925][  0]LogConfig: Setting CVar [[r.PostProcessAAQuality:3]]
[2020.09.02-15.24.08:925][  0]LogConfig: Applying CVar settings from Section [ShadowQuality@3] File [S:/Documents/Unreal/HadoukenVR/HadoukenVR/Saved/Config/Windows/Scalability.ini]
[2020.09.02-15.24.08:925][  0]LogConfig: Setting CVar [[r.LightFunctionQuality:1]]
[2020.09.02-15.24.08:925][  0]LogConfig: Setting CVar [[r.ShadowQuality:5]]
[2020.09.02-15.24.08:925][  0]LogConfig: Setting CVar [[r.Shadow.CSM.MaxCascades:10]]
[2020.09.02-15.24.08:925][  0]LogConfig: Setting CVar [[r.Shadow.MaxResolution:2048]]
[2020.09.02-15.24.08:925][  0]LogConfig: Setting CVar [[r.Shadow.MaxCSMResolution:2048]]
[2020.09.02-15.24.08:925][  0]LogConfig: Setting CVar [[r.Shadow.RadiusThreshold:0.01]]
[2020.09.02-15.24.08:925][  0]LogConfig: Setting CVar [[r.Shadow.DistanceScale:1.0]]
[2020.09.02-15.24.08:925][  0]LogConfig: Setting CVar [[r.Shadow.CSM.TransitionScale:1.0]]
[2020.09.02-15.24.08:925][  0]LogConfig: Setting CVar [[r.Shadow.PreShadowResolutionFactor:1.0]]
[2020.09.02-15.24.08:925][  0]LogConfig: Setting CVar [[r.DistanceFieldShadowing:1]]
[2020.09.02-15.24.08:925][  0]LogConfig: Setting CVar [[r.DistanceFieldAO:1]]
[2020.09.02-15.24.08:925][  0]LogConfig: Setting CVar [[r.AOQuality:2]]
[2020.09.02-15.24.08:925][  0]LogConfig: Setting CVar [[r.VolumetricFog:1]]
[2020.09.02-15.24.08:925][  0]LogConfig: Setting CVar [[r.VolumetricFog.GridPixelSize:8]]
[2020.09.02-15.24.08:925][  0]LogConfig: Setting CVar [[r.VolumetricFog.GridSizeZ:128]]
[2020.09.02-15.24.08:925][  0]LogConfig: Setting CVar [[r.VolumetricFog.HistoryMissSupersampleCount:4]]
[2020.09.02-15.24.08:925][  0]LogConfig: Setting CVar [[r.LightMaxDrawDistanceScale:1]]
[2020.09.02-15.24.08:925][  0]LogConfig: Setting CVar [[r.CapsuleShadows:1]]
[2020.09.02-15.24.08:925][  0]LogConfig: Applying CVar settings from Section [PostProcessQuality@3] File [S:/Documents/Unreal/HadoukenVR/HadoukenVR/Saved/Config/Windows/Scalability.ini]
[2020.09.02-15.24.08:925][  0]LogConfig: Setting CVar [[r.MotionBlurQuality:0]]
[2020.09.02-15.24.08:925][  0]LogConfig: Setting CVar [[r.AmbientOcclusionMipLevelFactor:0.4]]
[2020.09.02-15.24.08:925][  0]LogConfig: Setting CVar [[r.AmbientOcclusionMaxQuality:100]]
[2020.09.02-15.24.08:925][  0]LogConfig: Setting CVar [[r.AmbientOcclusionLevels:0]]
[2020.09.02-15.24.08:925][  0]LogConfig: Setting CVar [[r.AmbientOcclusionRadiusScale:1.0]]
[2020.09.02-15.24.08:925][  0]LogConfig: Setting CVar [[r.DepthOfFieldQuality:0]]
[2020.09.02-15.24.08:925][  0]LogConfig: Setting CVar [[r.RenderTargetPoolMin:400]]
[2020.09.02-15.24.08:925][  0]LogConfig: Setting CVar [[r.LensFlareQuality:0]]
[2020.09.02-15.24.08:925][  0]LogConfig: Setting CVar [[r.SceneColorFringeQuality:0]]
[2020.09.02-15.24.08:925][  0]LogConfig: Setting CVar [[r.EyeAdaptationQuality:2]]
[2020.09.02-15.24.08:925][  0]LogConfig: Setting CVar [[r.BloomQuality:1]]
[2020.09.02-15.24.08:926][  0]LogConfig: Setting CVar [[r.FastBlurThreshold:0]]
[2020.09.02-15.24.08:926][  0]LogConfig: Setting CVar [[r.Upscale.Quality:3]]
[2020.09.02-15.24.08:926][  0]LogConfig: Setting CVar [[r.Tonemapper.GrainQuantization:1]]
[2020.09.02-15.24.08:926][  0]LogConfig: Setting CVar [[r.LightShaftQuality:1]]
[2020.09.02-15.24.08:926][  0]LogConfig: Setting CVar [[r.Filter.SizeScale:1]]
[2020.09.02-15.24.08:926][  0]LogConfig: Setting CVar [[r.Tonemapper.Quality:5]]
[2020.09.02-15.24.08:926][  0]LogConfig: Setting CVar [[r.DOF.Gather.AccumulatorQuality:1        ; higher gathering accumulator quality]]
[2020.09.02-15.24.08:926][  0]LogConfig: Setting CVar [[r.DOF.Gather.PostfilterMethod:1          ; Median3x3 postfilering method]]
[2020.09.02-15.24.08:926][  0]LogConfig: Setting CVar [[r.DOF.Gather.EnableBokehSettings:0       ; no bokeh simulation when gathering]]
[2020.09.02-15.24.08:926][  0]LogConfig: Setting CVar [[r.DOF.Gather.RingCount:4                 ; medium number of samples when gathering]]
[2020.09.02-15.24.08:926][  0]LogConfig: Setting CVar [[r.DOF.Scatter.ForegroundCompositing:1    ; additive foreground scattering]]
[2020.09.02-15.24.08:926][  0]LogConfig: Setting CVar [[r.DOF.Scatter.BackgroundCompositing:2    ; additive background scattering]]
[2020.09.02-15.24.08:926][  0]LogConfig: Setting CVar [[r.DOF.Scatter.EnableBokehSettings:1      ; bokeh simulation when scattering]]
[2020.09.02-15.24.08:926][  0]LogConfig: Setting CVar [[r.DOF.Scatter.MaxSpriteRatio:0.1         ; only a maximum of 10% of scattered bokeh]]
[2020.09.02-15.24.08:926][  0]LogConfig: Setting CVar [[r.DOF.Recombine.Quality:1                ; cheap slight out of focus]]
[2020.09.02-15.24.08:926][  0]LogConfig: Setting CVar [[r.DOF.Recombine.EnableBokehSettings:0    ; no bokeh simulation on slight out of focus]]
[2020.09.02-15.24.08:926][  0]LogConfig: Setting CVar [[r.DOF.TemporalAAQuality:1                ; more stable temporal accumulation]]
[2020.09.02-15.24.08:926][  0]LogConfig: Setting CVar [[r.DOF.Kernel.MaxForegroundRadius:0.025]]
[2020.09.02-15.24.08:926][  0]LogConfig: Setting CVar [[r.DOF.Kernel.MaxBackgroundRadius:0.025]]
[2020.09.02-15.24.08:926][  0]LogConfig: Applying CVar settings from Section [TextureQuality@3] File [S:/Documents/Unreal/HadoukenVR/HadoukenVR/Saved/Config/Windows/Scalability.ini]
[2020.09.02-15.24.08:926][  0]LogConfig: Setting CVar [[r.Streaming.MipBias:0]]
[2020.09.02-15.24.08:926][  0]LogConfig: Setting CVar [[r.Streaming.AmortizeCPUToGPUCopy:0]]
[2020.09.02-15.24.08:926][  0]LogConfig: Setting CVar [[r.Streaming.MaxNumTexturesToStreamPerFrame:0]]
[2020.09.02-15.24.08:926][  0]LogConfig: Setting CVar [[r.Streaming.Boost:1]]
[2020.09.02-15.24.08:926][  0]LogConfig: Setting CVar [[r.MaxAnisotropy:8]]
[2020.09.02-15.24.08:926][  0]LogConfig: Setting CVar [[r.VT.MaxAnisotropy:8]]
[2020.09.02-15.24.08:926][  0]LogConfig: Setting CVar [[r.Streaming.LimitPoolSizeToVRAM:0]]
[2020.09.02-15.24.08:926][  0]LogConfig: Setting CVar [[r.Streaming.PoolSize:1000]]
[2020.09.02-15.24.08:926][  0]LogConfig: Setting CVar [[r.Streaming.MaxEffectiveScreenSize:0]]
[2020.09.02-15.24.08:926][  0]LogConfig: Applying CVar settings from Section [EffectsQuality@3] File [S:/Documents/Unreal/HadoukenVR/HadoukenVR/Saved/Config/Windows/Scalability.ini]
[2020.09.02-15.24.08:926][  0]LogConfig: Setting CVar [[r.TranslucencyLightingVolumeDim:4]]
[2020.09.02-15.24.08:926][  0]LogConfig: Setting CVar [[r.RefractionQuality:2]]
[2020.09.02-15.24.08:926][  0]LogConfig: Setting CVar [[r.SSR.Quality:0]]
[2020.09.02-15.24.08:926][  0]LogConfig: Setting CVar [[r.SSR.HalfResSceneColor:0]]
[2020.09.02-15.24.08:926][  0]LogConfig: Setting CVar [[r.SceneColorFormat:2]]
[2020.09.02-15.24.08:926][  0]LogConfig: Setting CVar [[r.DetailMode:2]]
[2020.09.02-15.24.08:926][  0]LogConfig: Setting CVar [[r.TranslucencyVolumeBlur:0]]
[2020.09.02-15.24.08:926][  0]LogConfig: Setting CVar [[r.MaterialQualityLevel:1 ; High quality]]
[2020.09.02-15.24.08:926][  0]LogConfig: Setting CVar [[r.SSS.Scale:1]]
[2020.09.02-15.24.08:926][  0]LogConfig: Setting CVar [[r.SSS.SampleSet:2]]
[2020.09.02-15.24.08:926][  0]LogConfig: Setting CVar [[r.SSS.Quality:1]]
[2020.09.02-15.24.08:926][  0]LogConfig: Setting CVar [[r.SSS.HalfRes:0]]
[2020.09.02-15.24.08:926][  0]LogConfig: Setting CVar [[r.SSGI.Quality:3]]
[2020.09.02-15.24.08:926][  0]LogConfig: Setting CVar [[r.EmitterSpawnRateScale:1.0]]
[2020.09.02-15.24.08:926][  0]LogConfig: Setting CVar [[r.ParticleLightQuality:2]]
[2020.09.02-15.24.08:926][  0]LogConfig: Setting CVar [[r.SkyAtmosphere.AerialPerspectiveLUT.FastApplyOnOpaque:1 ; Always have FastSkyLUT 1 in this case to avoid wrong sky]]
[2020.09.02-15.24.08:926][  0]LogConfig: Setting CVar [[r.SkyAtmosphere.AerialPerspectiveLUT.SampleCountPerSlice:1]]
[2020.09.02-15.24.08:926][  0]LogConfig: Setting CVar [[r.SkyAtmosphere.AerialPerspectiveLUT.DepthResolution:16.0]]
[2020.09.02-15.24.08:926][  0]LogConfig: Setting CVar [[r.SkyAtmosphere.FastSkyLUT:1]]
[2020.09.02-15.24.08:926][  0]LogConfig: Setting CVar [[r.SkyAtmosphere.FastSkyLUT.SampleCountMin:4.0]]
[2020.09.02-15.24.08:926][  0]LogConfig: Setting CVar [[r.SkyAtmosphere.FastSkyLUT.SampleCountMax:32.0]]
[2020.09.02-15.24.08:926][  0]LogConfig: Setting CVar [[r.SkyAtmosphere.SampleCountMin:4.0]]
[2020.09.02-15.24.08:926][  0]LogConfig: Setting CVar [[r.SkyAtmosphere.SampleCountMax:32.0]]
[2020.09.02-15.24.08:926][  0]LogConfig: Setting CVar [[r.SkyAtmosphere.TransmittanceLUT.UseSmallFormat:0]]
[2020.09.02-15.24.08:927][  0]LogConfig: Setting CVar [[r.SkyAtmosphere.TransmittanceLUT.SampleCount:10.0]]
[2020.09.02-15.24.08:927][  0]LogConfig: Setting CVar [[r.SkyAtmosphere.MultiScatteringLUT.SampleCount:15.0]]
[2020.09.02-15.24.08:927][  0]LogConfig: Applying CVar settings from Section [FoliageQuality@3] File [S:/Documents/Unreal/HadoukenVR/HadoukenVR/Saved/Config/Windows/Scalability.ini]
[2020.09.02-15.24.08:927][  0]LogConfig: Setting CVar [[foliage.DensityScale:1.0]]
[2020.09.02-15.24.08:927][  0]LogConfig: Setting CVar [[grass.DensityScale:1.0]]
[2020.09.02-15.24.08:927][  0]LogConfig: Applying CVar settings from Section [ShadingQuality@3] File [S:/Documents/Unreal/HadoukenVR/HadoukenVR/Saved/Config/Windows/Scalability.ini]
[2020.09.02-15.24.08:927][  0]LogConfig: Setting CVar [[r.HairStrands.SkyLighting.SampleCount:16]]
[2020.09.02-15.24.08:927][  0]LogConfig: Setting CVar [[r.HairStrands.SkyLighting.JitterIntegration:0]]
[2020.09.02-15.24.08:927][  0]LogConfig: Setting CVar [[r.HairStrands.SkyAO.SampleCount:16]]
[2020.09.02-15.24.08:927][  0]LogConfig: Setting CVar [[r.HairStrands.DeepShadow.SuperSampling:0]]
[2020.09.02-15.24.08:927][  0]LogConfig: Setting CVar [[r.HairStrands.VisibilityPPLL:0]]
[2020.09.02-15.24.08:927][  0]LogConfig: Setting CVar [[r.HairStrands.RasterizationScale:0.5]]
[2020.09.02-15.24.08:927][  0]LogConfig: Setting CVar [[r.HairStrands.VelocityRasterizationScale:1]]
[2020.09.02-15.24.08:927][  0]LogConfig: Applying CVar settings from Section [Startup] File [../../../Engine/Config/ConsoleVariables.ini]
[2020.09.02-15.24.08:931][  0]LogConfig: Setting CVar [[net.UseAdaptiveNetUpdateFrequency:0]]
[2020.09.02-15.24.08:931][  0]LogConfig: Setting CVar [[p.chaos.AllowCreatePhysxBodies:1]]
[2020.09.02-15.24.08:931][  0]LogConfig: Setting CVar [[fx.SkipVectorVMBackendOptimizations:1]]
[2020.09.02-15.24.08:932][  0]LogConfig: Applying CVar settings from Section [ConsoleVariables] File [S:/Documents/Unreal/HadoukenVR/HadoukenVR/Saved/Config/Windows/Engine.ini]
[2020.09.02-15.24.08:932][  0]LogInit: Computer: DOHERTYS-DESKTO
[2020.09.02-15.24.08:932][  0]LogInit: User: Doherty
[2020.09.02-15.24.08:932][  0]LogInit: CPU Page size=4096, Cores=4
[2020.09.02-15.24.08:932][  0]LogInit: High frequency timer resolution =10.000000 MHz
[2020.09.02-15.24.08:932][  0]LogMemory: Memory total: Physical=7.9GB (8GB approx)
[2020.09.02-15.24.08:932][  0]LogMemory: Platform Memory Stats for Windows
[2020.09.02-15.24.08:932][  0]LogMemory: Process Physical Memory: 117.74 MB used, 117.74 MB peak
[2020.09.02-15.24.08:932][  0]LogMemory: Process Virtual Memory: 100.14 MB used, 100.14 MB peak
[2020.09.02-15.24.08:932][  0]LogMemory: Physical Memory: 5091.84 MB used,  3042.33 MB free, 8134.16 MB total
[2020.09.02-15.24.08:932][  0]LogMemory: Virtual Memory: 5185.52 MB used,  134212544.00 MB free, 134217728.00 MB total
[2020.09.02-15.24.08:938][  0]LogWindows: WindowsPlatformFeatures enabled
[2020.09.02-15.24.09:504][  0]LogInit: Physics initialised using underlying interface: PhysX
[2020.09.02-15.24.09:504][  0]LogInit: Using OS detected language (en-US).
[2020.09.02-15.24.09:504][  0]LogInit: Using OS detected locale (en-GB).
[2020.09.02-15.24.09:505][  0]LogTextLocalizationManager: No specific localization for 'en-US' exists, so the 'en' localization will be used.
[2020.09.02-15.24.09:763][  0]LogInit: Setting process to per monitor DPI aware
[2020.09.02-15.24.09:868][  0]LogSlate: New Slate User Created.  User Index 0, Is Virtual User: 0
[2020.09.02-15.24.09:868][  0]LogSlate: Slate User Registered.  User Index 0, Is Virtual User: 0
[2020.09.02-15.24.14:461][  0]LogD3D11RHI: D3D11 min allowed feature level: 11_0
[2020.09.02-15.24.14:461][  0]LogD3D11RHI: D3D11 max allowed feature level: 11_0
[2020.09.02-15.24.14:461][  0]LogD3D11RHI: D3D11 adapters:
[2020.09.02-15.24.14:570][  0]LogD3D11RHI:    0. 'NVIDIA GeForce GTX 1080' (Feature Level 11_0)
[2020.09.02-15.24.14:570][  0]LogD3D11RHI:       8079/0/4067 MB DedicatedVideo/DedicatedSystem/SharedSystem, Outputs:1, VendorId:0x10de
[2020.09.02-15.24.14:573][  0]LogD3D11RHI:    1. 'Microsoft Basic Render Driver' (Feature Level 11_0)
[2020.09.02-15.24.14:573][  0]LogD3D11RHI:       0/0/4067 MB DedicatedVideo/DedicatedSystem/SharedSystem, Outputs:0, VendorId:0x1414
[2020.09.02-15.24.14:573][  0]LogD3D11RHI: Chosen D3D11 Adapter: 0
[2020.09.02-15.24.14:589][  0]LogD3D11RHI: Creating new Direct3DDevice
[2020.09.02-15.24.14:589][  0]LogD3D11RHI:     GPU DeviceId: 0x1b80 (for the marketing name, search the web for "GPU Device Id")
[2020.09.02-15.24.14:589][  0]LogWindows: EnumDisplayDevices:
[2020.09.02-15.24.14:589][  0]LogWindows:    0. 'NVIDIA GeForce GTX 1080' (P:1 D:1)
[2020.09.02-15.24.14:590][  0]LogWindows:    1. 'NVIDIA GeForce GTX 1080' (P:0 D:0)
[2020.09.02-15.24.14:590][  0]LogWindows:    2. 'NVIDIA GeForce GTX 1080' (P:0 D:0)
[2020.09.02-15.24.14:590][  0]LogWindows:    3. 'NVIDIA GeForce GTX 1080' (P:0 D:0)
[2020.09.02-15.24.14:591][  0]LogWindows: DebugString: FoundDriverCount:4 
[2020.09.02-15.24.14:591][  0]LogD3D11RHI:     Adapter Name: NVIDIA GeForce GTX 1080
[2020.09.02-15.24.14:591][  0]LogD3D11RHI:   Driver Version: 451.48 (internal:27.21.14.5148, unified:451.48)
[2020.09.02-15.24.14:591][  0]LogD3D11RHI:      Driver Date: 6-21-2020
[2020.09.02-15.24.14:591][  0]LogRHI: Texture pool is 5655 MB (70% of 8079 MB)
[2020.09.02-15.24.14:671][  0]LogD3D11RHI: RHI has support for 64 bit atomics
[2020.09.02-15.24.14:674][  0]LogD3D11RHI: [Aftermath] Enabled and primed
[2020.09.02-15.24.14:674][  0]LogD3D11RHI: Async texture creation enabled
[2020.09.02-15.24.14:674][  0]LogD3D11RHI: Array index from any shader is supported
[2020.09.02-15.24.14:734][  0]LogD3D11RHI: GPU Timing Frequency: 1000.000000 (Debug: 2 1)
[2020.09.02-15.24.15:483][  0]LogTargetPlatformManager: Display: Loaded TargetPlatform 'AllDesktop'
[2020.09.02-15.24.15:551][  0]LogTargetPlatformManager: Display: Loaded TargetPlatform 'Android'
[2020.09.02-15.24.15:552][  0]LogTargetPlatformManager: Display: Loaded TargetPlatform 'Android_ASTC'
[2020.09.02-15.24.15:552][  0]LogTargetPlatformManager: Display: Loaded TargetPlatform 'Android_DXT'
[2020.09.02-15.24.15:552][  0]LogTargetPlatformManager: Display: Loaded TargetPlatform 'Android_ETC2'
[2020.09.02-15.24.15:552][  0]LogTargetPlatformManager: Display: Loaded TargetPlatform 'AndroidClient'
[2020.09.02-15.24.15:552][  0]LogTargetPlatformManager: Display: Loaded TargetPlatform 'Android_ASTCClient'
[2020.09.02-15.24.15:552][  0]LogTargetPlatformManager: Display: Loaded TargetPlatform 'Android_DXTClient'
[2020.09.02-15.24.15:552][  0]LogTargetPlatformManager: Display: Loaded TargetPlatform 'Android_ETC2Client'
[2020.09.02-15.24.15:552][  0]LogTargetPlatformManager: Display: Loaded TargetPlatform 'Android_Multi'
[2020.09.02-15.24.15:552][  0]LogTargetPlatformManager: Display: Loaded TargetPlatform 'Android_MultiClient'
[2020.09.02-15.24.15:707][  0]LogTargetPlatformManager: Display: Loaded TargetPlatform 'IOSClient'
[2020.09.02-15.24.15:707][  0]LogTargetPlatformManager: Display: Loaded TargetPlatform 'IOS'
[2020.09.02-15.24.15:770][  0]LogTargetPlatformManager: Display: Loaded TargetPlatform 'Linux'
[2020.09.02-15.24.15:820][  0]LogTargetPlatformManager: Display: Loaded TargetPlatform 'LinuxNoEditor'
[2020.09.02-15.24.15:857][  0]LogTargetPlatformManager: Display: Loaded TargetPlatform 'LinuxClient'
[2020.09.02-15.24.15:895][  0]LogTargetPlatformManager: Display: Loaded TargetPlatform 'LinuxServer'
[2020.09.02-15.24.15:935][  0]LogTargetPlatformManager: Display: Loaded TargetPlatform 'LinuxAArch64NoEditor'
[2020.09.02-15.24.15:975][  0]LogTargetPlatformManager: Display: Loaded TargetPlatform 'LinuxAArch64Client'
[2020.09.02-15.24.16:016][  0]LogTargetPlatformManager: Display: Loaded TargetPlatform 'LinuxAArch64Server'
[2020.09.02-15.24.16:103][  0]LogTargetPlatformManager: Display: Loaded TargetPlatform 'Lumin'
[2020.09.02-15.24.16:103][  0]LogTargetPlatformManager: Display: Loaded TargetPlatform 'LuminClient'
[2020.09.02-15.24.16:155][  0]LogTargetPlatformManager: Display: Loaded TargetPlatform 'TVOSClient'
[2020.09.02-15.24.16:155][  0]LogTargetPlatformManager: Display: Loaded TargetPlatform 'TVOS'
[2020.09.02-15.24.16:206][  0]LogTargetPlatformManager: Display: Loaded TargetPlatform 'WindowsNoEditor'
[2020.09.02-15.24.16:251][  0]LogTargetPlatformManager: Display: Loaded TargetPlatform 'Windows'
[2020.09.02-15.24.16:293][  0]LogTargetPlatformManager: Display: Loaded TargetPlatform 'WindowsClient'
[2020.09.02-15.24.16:337][  0]LogTargetPlatformManager: Display: Loaded TargetPlatform 'WindowsServer'
[2020.09.02-15.24.16:337][  0]LogTargetPlatformManager: Display: Building Assets For Windows
[2020.09.02-15.24.16:520][  0]LogAudioDebug: Display: Lib vorbis DLL was dynamically loaded.
[2020.09.02-15.24.17:386][  0]LogShaderCompilers: Guid format shader working directory is -9 characters bigger than the processId version (../../../../../../Documents/Unreal/HadoukenVR/HadoukenVR/Intermediate/Shaders/WorkingDirectory/10848/).
[2020.09.02-15.24.17:387][  0]LogShaderCompilers: Cleaned the shader compiler working directory 'C:/Users/Doherty/AppData/Local/Temp/UnrealShaderWorkingDir/F8F691154A9AA760BD5920B58DD6A646/'.
[2020.09.02-15.24.17:387][  0]LogXGEController: Cleaning working directory: C:/Users/Doherty/AppData/Local/Temp/UnrealXGEWorkingDir/
[2020.09.02-15.24.17:388][  0]LogXGEController: Cannot use XGE Controller as Incredibuild is not installed on this machine.
[2020.09.02-15.24.17:388][  0]LogShaderCompilers: Cannot use XGE Shader Compiler as Incredibuild is not installed on this machine.
[2020.09.02-15.24.17:388][  0]LogShaderCompilers: Display: Using Local Shader Compiler.
[2020.09.02-15.24.22:290][  0]LogDerivedDataCache: Display: Max Cache Size: 512 MB
[2020.09.02-15.24.22:388][  0]LogDerivedDataCache: Loaded boot cache 0.10s 80MB C:/Users/Doherty/AppData/Local/UnrealEngine/4.25/DerivedDataCache/Boot.ddc.
[2020.09.02-15.24.22:388][  0]LogDerivedDataCache: Display: Loaded Boot cache: C:/Users/Doherty/AppData/Local/UnrealEngine/4.25/DerivedDataCache/Boot.ddc
[2020.09.02-15.24.22:388][  0]LogDerivedDataCache: FDerivedDataBackendGraph:  Pak pak cache file ../../../../../../Documents/Unreal/HadoukenVR/HadoukenVR/DerivedDataCache/DDC.ddp not found, will not use a pak cache.
[2020.09.02-15.24.22:388][  0]LogDerivedDataCache: Unable to find inner node Pak for hierarchical cache Hierarchy.
[2020.09.02-15.24.22:388][  0]LogDerivedDataCache: FDerivedDataBackendGraph:  CompressedPak pak cache file ../../../../../../Documents/Unreal/HadoukenVR/HadoukenVR/DerivedDataCache/Compressed.ddp not found, will not use a pak cache.
[2020.09.02-15.24.22:388][  0]LogDerivedDataCache: Unable to find inner node CompressedPak for hierarchical cache Hierarchy.
[2020.09.02-15.24.22:424][  0]LogDerivedDataCache: Display: Pak cache opened for reading ../../../Engine/DerivedDataCache/Compressed.ddp.
[2020.09.02-15.24.22:424][  0]LogDerivedDataCache: FDerivedDataBackendGraph:  EnterprisePak pak cache file ../../../Enterprise/DerivedDataCache/Compressed.ddp not found, will not use a pak cache.
[2020.09.02-15.24.22:424][  0]LogDerivedDataCache: Unable to find inner node EnterprisePak for hierarchical cache Hierarchy.
[2020.09.02-15.24.22:426][  0]LogDerivedDataCache: Using Local data cache path C:/Users/Doherty/AppData/Local/UnrealEngine/Common/DerivedDataCache: Writable
[2020.09.02-15.24.22:426][  0]LogDerivedDataCache: Shared data cache path not found in *engine.ini, will not use an Shared cache.
[2020.09.02-15.24.22:426][  0]LogDerivedDataCache: Unable to find inner node Shared for hierarchical cache Hierarchy.
[2020.09.02-15.24.22:494][  0]LogSlate: Using FreeType 2.10.0
[2020.09.02-15.24.22:515][  0]LogSlate: SlateFontServices - WITH_FREETYPE: 1, WITH_HARFBUZZ: 1
[2020.09.02-15.24.22:598][  0]LogAssetRegistry: FAssetRegistry took 0.0032 seconds to start up
[2020.09.02-15.24.22:886][  0]LogInit: Selected Device Profile: [Windows]
[2020.09.02-15.24.23:685][  0]LogMeshReduction: Using QuadricMeshReduction for automatic static mesh reduction
[2020.09.02-15.24.23:685][  0]LogMeshReduction: Using SimplygonMeshReduction for automatic skeletal mesh reduction
[2020.09.02-15.24.23:685][  0]LogMeshReduction: Using ProxyLODMeshReduction for automatic mesh merging
[2020.09.02-15.24.23:685][  0]LogMeshReduction: No distributed automatic mesh merging module available
[2020.09.02-15.24.23:685][  0]LogMeshMerging: No distributed automatic mesh merging module available
[2020.09.02-15.24.23:758][  0]LogNetVersion: HadoukenVR 1.0.0, NetCL: 13144385, EngineNetVer: 14, GameNetVer: 0 (Checksum: 723550611)
[2020.09.02-15.24.25:548][  0]LogAISub: UAISubsystem::UAISubsystem AISubsystem (000001EBB8033F00), frame # 0
[2020.09.02-15.24.25:548][  0]LogAISub: UAISubsystem::UAISubsystem AIPerceptionSystem (000001EBB803BB00), frame # 0
[2020.09.02-15.24.25:549][  0]LogAISub: UAISubsystem::UAISubsystem EnvQueryManager (000001EBB80A1E00), frame # 0
[2020.09.02-15.24.25:631][  0]LogPackageLocalizationCache: Processed 19 localized package path(s) for 1 prioritized culture(s) in 0.061711 seconds
[2020.09.02-15.24.25:637][  0]LogUObjectArray: 15917 objects as part of root set at end of initial load.
[2020.09.02-15.24.25:637][  0]LogUObjectAllocator: 3965568 out of 0 bytes used by permanent object pool.
[2020.09.02-15.24.25:637][  0]LogUObjectArray: CloseDisregardForGC: 0/0 objects in disregard for GC pool
[2020.09.02-15.24.28:539][  0]LogTcpMessaging: Initializing TcpMessaging bridge
[2020.09.02-15.24.28:574][  0]LogUdpMessaging: Initializing bridge on interface 0.0.0.0:0 to multicast group 230.0.0.1:6666.
[2020.09.02-15.24.29:231][  0]SourceControl: Source control is disabled
[2020.09.02-15.24.29:231][  0]SourceControl: Source control is disabled
[2020.09.02-15.24.29:307][  0]SourceControl: Source control is disabled
[2020.09.02-15.24.29:338][  0]SourceControl: Source control is disabled
[2020.09.02-15.24.29:398][  0]SourceControl: Source control is disabled
[2020.09.02-15.24.31:417][  0]LogAndroidPermission: UAndroidPermissionCallbackProxy::GetInstance
[2020.09.02-15.24.31:439][  0]LogAudioCaptureCore: Display: No Audio Capture implementations found. Audio input will be silent.
[2020.09.02-15.24.31:439][  0]LogAudioCaptureCore: Display: No Audio Capture implementations found. Audio input will be silent.
[2020.09.02-15.24.31:491][  0]LogOcInput: OculusInput pre-init called
[2020.09.02-15.24.31:747][  0]LogEngine: Initializing Engine...
[2020.09.02-15.24.31:776][  0]LogHMD: SteamVR initialized.  Driver: oculus  Display: 1PASH9B5CT9427
[2020.09.02-15.24.31:812][  0]LogStats: UGameplayTagsManager::InitializeManager -  0.000 s
[2020.09.02-15.24.32:018][  0]LogInit: Initializing FReadOnlyCVARCache
[2020.09.02-15.24.32:025][  0]LogAIModule: Creating AISystem for world Untitled
[2020.09.02-15.24.32:025][  0]LogAISub: UAISubsystem::UAISubsystem EnvQueryManager (000001EBC22B5E00), frame # 0
[2020.09.02-15.24.32:025][  0]LogAISub: UAISubsystem::UAISubsystem AIPerceptionSystem (000001EBC22FD080), frame # 0
[2020.09.02-15.24.32:029][  0]LogAudioMixer: Display: Audio Mixer Platform Settings:
[2020.09.02-15.24.32:029][  0]LogAudioMixer: Display: 	Sample Rate:						  48000
[2020.09.02-15.24.32:029][  0]LogAudioMixer: Display: 	Callback Buffer Frame Size Requested: 1024
[2020.09.02-15.24.32:029][  0]LogAudioMixer: Display: 	Callback Buffer Frame Size To Use:	  1024
[2020.09.02-15.24.32:029][  0]LogAudioMixer: Display: 	Number of buffers to queue:			  2
[2020.09.02-15.24.32:029][  0]LogAudioMixer: Display: 	Max Channels (voices):				  32
[2020.09.02-15.24.32:029][  0]LogAudioMixer: Display: 	Number of Async Source Workers:		  0
[2020.09.02-15.24.32:029][  0]LogAudio: Display: AudioDevice MaxSources: 32
[2020.09.02-15.24.32:030][  0]LogAudio: Display: Using built-in audio occlusion.
[2020.09.02-15.24.32:030][  0]LogAudioMixer: Display: Initializing audio mixer.
[2020.09.02-15.24.32:048][  0]LogAudioMixer: Display: 0: FrontLeft
[2020.09.02-15.24.32:048][  0]LogAudioMixer: Display: 1: FrontRight
[2020.09.02-15.24.32:088][  0]LogAudioMixer: Display: Using Audio Device Headphones (Oculus Virtual Audio Device)
[2020.09.02-15.24.32:088][  0]LogAudioMixer: Display: Initializing Sound Submixes...
[2020.09.02-15.24.32:091][  0]LogAudioMixer: Display: Creating Master Submix 'MasterSubmixDefault'
[2020.09.02-15.24.32:091][  0]LogAudioMixer: Display: Creating Master Submix 'MasterReverbSubmixDefault'
[2020.09.02-15.24.32:091][  0]LogAudioMixer: Display: Creating Master Submix 'MasterEQSubmixDefault'
[2020.09.02-15.24.32:093][  0]LogInit: FAudioDevice initialized.
[2020.09.02-15.24.32:094][  0]LogNetVersion: Set ProjectVersion to 1.0.0.0. Version Checksum will be recalculated on next use.
[2020.09.02-15.24.32:257][  0]LogDerivedDataCache: Saved boot cache 0.16s 80MB C:/Users/Doherty/AppData/Local/UnrealEngine/4.25/DerivedDataCache/Boot.ddc.
[2020.09.02-15.24.32:263][  0]LogInit: Texture streaming: Enabled
[2020.09.02-15.24.32:279][  0]LogEngineSessionManager: EngineSessionManager initialized
[2020.09.02-15.24.32:279][  0]LogEditorSessionSummary: Verbose: Initializing EditorSessionSummaryWriter for editor session tracking
[2020.09.02-15.24.32:281][  0]LogEditorSessionSummary: EditorSessionSummaryWriter initialized
[2020.09.02-15.24.32:340][  0]LogInit: Transaction tracking system initialized
[2020.09.02-15.24.32:360][  0]BlueprintLog: New page: Editor Load
[2020.09.02-15.24.32:421][  0]LocalizationService: Localization service is disabled
[2020.09.02-15.24.33:090][  0]LogCook: Display: Max memory allowance for cook 16384mb min free memory 0mb
[2020.09.02-15.24.33:090][  0]LogCook: Display: Mobile HDR setting 0
[2020.09.02-15.24.33:254][  0]LogFileCache: Scanning file cache for directory 'S:/Documents/Unreal/HadoukenVR/HadoukenVR/Content/' took 0.00s
[2020.09.02-15.24.34:165][  0]SourceControl: Source control is disabled
[2020.09.02-15.24.34:165][  0]LogUnrealEdMisc: Loading editor; pre map load, took 31.695
[2020.09.02-15.24.34:165][  0]Cmd: MAP LOAD FILE="../../../../../../Documents/Unreal/HadoukenVR/HadoukenVR/Content/VirtualRealityBP/Maps/01_BasicFire.umap" TEMPLATE=0 SHOWPROGRESS=1 FEATURELEVEL=3
[2020.09.02-15.24.34:166][  0]LightingResults: New page: Lighting Build
[2020.09.02-15.24.34:167][  0]LogWorld: UWorld::CleanupWorld for Untitled, bSessionEnded=true, bCleanupResources=true
[2020.09.02-15.24.34:167][  0]LogSlate: InvalidateAllWidgets triggered.  All widgets were invalidated
[2020.09.02-15.24.34:167][  0]MapCheck: New page: Map Check
[2020.09.02-15.24.34:167][  0]LightingResults: New page: Lighting Build
[2020.09.02-15.24.34:190][  0]LogAISub: UAISubsystem::~UAISubsystem EnvQueryManager (000001EBC22B5E00), frame # 0
[2020.09.02-15.24.34:190][  0]LogAISub: UAISubsystem::~UAISubsystem AIPerceptionSystem (000001EBC22FD080), frame # 0
[2020.09.02-15.24.34:191][  0]LogUObjectHash: Compacting FUObjectHashTables data took   0.69ms
[2020.09.02-15.24.34:590][  0]LogAIModule: Creating AISystem for world 01_BasicFire
[2020.09.02-15.24.34:590][  0]LogAISub: UAISubsystem::UAISubsystem EnvQueryManager (000001EBA9570E00), frame # 0
[2020.09.02-15.24.34:590][  0]LogAISub: UAISubsystem::UAISubsystem AIPerceptionSystem (000001EBA85E5300), frame # 0
[2020.09.02-15.24.34:597][  0]LogEditorServer: Finished looking for orphan Actors (0.000 secs)
[2020.09.02-15.24.34:620][  0]LogUObjectHash: Compacting FUObjectHashTables data took   1.10ms
[2020.09.02-15.24.34:620][  0]Cmd: MAP CHECKDEP NOCLEARLOG
[2020.09.02-15.24.34:620][  0]MapCheck: Map check complete: 0 Error(s), 0 Warning(s), took 0.134ms to complete.
[2020.09.02-15.24.34:620][  0]LogFileHelpers: Loading map '01_BasicFire' took 0.455
[2020.09.02-15.24.34:622][  0]LogUnrealEdMisc: Total Editor Startup Time, took 32.152
[2020.09.02-15.24.34:791][  0]LogSlate: Updating window title bar state: overlay mode, drag disabled, window buttons hidden, title bar hidden
[2020.09.02-15.24.34:801][  0]LogSlate: Updating window title bar state: overlay mode, drag disabled, window buttons hidden, title bar hidden
[2020.09.02-15.24.34:809][  0]LogSlate: Updating window title bar state: overlay mode, drag disabled, window buttons hidden, title bar hidden
[2020.09.02-15.24.34:818][  0]LogSlate: Updating window title bar state: overlay mode, drag disabled, window buttons hidden, title bar hidden
[2020.09.02-15.24.34:823][  0]LogCollectionManager: Loaded 0 collections in 0.000883 seconds
[2020.09.02-15.24.34:839][  0]LogFileCache: Scanning file cache for directory 'S:/Documents/Unreal/HadoukenVR/HadoukenVR/Saved/Collections/' took 0.00s
[2020.09.02-15.24.34:839][  0]LogFileCache: Scanning file cache for directory 'S:/Documents/Unreal/HadoukenVR/HadoukenVR/Content/Developers/Doherty/Collections/' took 0.00s
[2020.09.02-15.24.34:839][  0]LogFileCache: Scanning file cache for directory 'S:/Documents/Unreal/HadoukenVR/HadoukenVR/Content/Collections/' took 0.00s
[2020.09.02-15.24.34:839][  0]LogContentBrowser: Native class hierarchy populated in 0.0101 seconds. Added 3427 classes and 821 folders.
[2020.09.02-15.24.34:844][  0]LogContentBrowser: Native class hierarchy updated for 'WidgetCarousel' in 0.0004 seconds. Added 0 classes and 0 folders.
[2020.09.02-15.24.34:887][  0]LogContentBrowser: Native class hierarchy updated for 'AddContentDialog' in 0.0003 seconds. Added 0 classes and 0 folders.
[2020.09.02-15.24.34:888][  0]LogContentBrowser: Native class hierarchy updated for 'SceneOutliner' in 0.0003 seconds. Added 2 classes and 0 folders.
[2020.09.02-15.24.34:934][  0]LogSlate: Took 0.000201 seconds to synchronously load lazily loaded font '../../../Engine/Content/Slate/Fonts/Roboto-Regular.ttf' (155K)
[2020.09.02-15.24.34:936][  0]LogSlate: Took 0.000228 seconds to synchronously load lazily loaded font '../../../Engine/Content/Slate/Fonts/Roboto-Bold.ttf' (160K)
[2020.09.02-15.24.34:941][  0]LogSlate: Took 0.000238 seconds to synchronously load lazily loaded font '../../../Engine/Content/Editor/Slate/Fonts/FontAwesome.ttf' (139K)
[2020.09.02-15.24.35:036][  0]LogRenderer: Reallocating scene render targets to support 1136x572 Format 26 NumSamples 1 (Frame:1).
[2020.09.02-15.24.35:169][  0]LogContentBrowser: Native class hierarchy updated for 'HierarchicalLODOutliner' in 0.0003 seconds. Added 0 classes and 0 folders.
[2020.09.02-15.24.35:169][  0]LogLoad: (Engine Initialization) Total time: 32.70 seconds
[2020.09.02-15.24.35:169][  0]LogLoad: (Engine Initialization) Total Blueprint compile time: 0.00 seconds
[2020.09.02-15.24.35:197][  0]LogSteamVRInputDevice: Display: SteamVR runtime 1.5.17 loaded.
[2020.09.02-15.24.35:199][  0]LogSteamVRInputDevice: Display: Action Manifest Path: ../../../../../../Documents/Unreal/HadoukenVR/HadoukenVR/Config/SteamVRBindings/steamvr_manifest.json
[2020.09.02-15.24.35:200][  0]LogSteamVRInputDevice: Display: Controller Bindings Path: ../../../../../../Documents/Unreal/HadoukenVR/HadoukenVR/Config/SteamVRBindings
[2020.09.02-15.24.35:206][  0]LogSteamVRInputDevice: Searching for Controller Bindings files at: ../../../../../../Documents/Unreal/HadoukenVR/HadoukenVR/Config/SteamVRBindings
[2020.09.02-15.24.35:324][  0]LogSteamVRInputDevice: Display: [STEAMVR INPUT] Registering Application Manifest ../../../../../../Documents/Unreal/HadoukenVR/HadoukenVR/Config/steamvr_ue_editor_app.json : VRApplicationError_None
[2020.09.02-15.24.35:326][  0]LogSteamVRInputDevice: Display: [STEAMVR INPUT] Editor Application [10848][application.generated.ue.virtual-reality-bp-game-template-13594126.ue4editor.exe] identified to SteamVR: VRApplicationError_None
[2020.09.02-15.24.35:326][  0]LogSteamVRInputDevice: Display: [STEAMVR INPUT] Trying to load Action Manifest from: S:/Documents/Unreal/HadoukenVR/HadoukenVR/Config/SteamVRBindings/steamvr_manifest.json
[2020.09.02-15.24.35:327][  0]LogSteamVRInputDevice: Display: [STEAMVR INPUT] Setting Action Manifest Path Result: Success
[2020.09.02-15.24.35:328][  0]LogSteamVRInputDevice: Display: [STEAMVR INPUT] Setting main action set: Success
[2020.09.02-15.24.35:328][  0]LogSteamVRInputDevice: Display: Retrieving Action Handle: /actions/main/in/controllerleft
[2020.09.02-15.24.35:328][  0]LogSteamVRInputDevice: Display: [STEAMVR INPUT] Setting Action Handle Path Result: Success
[2020.09.02-15.24.35:328][  0]LogSteamVRInputDevice: Display: Retrieving Action Handle: /actions/main/in/controllerright
[2020.09.02-15.24.35:328][  0]LogSteamVRInputDevice: Display: [STEAMVR INPUT] Setting Action Handle Path Result: Success
[2020.09.02-15.24.35:328][  0]LogSteamVRInputDevice: Display: Retrieving Action Handle: /actions/main/in/special1
[2020.09.02-15.24.35:328][  0]LogSteamVRInputDevice: Display: [STEAMVR INPUT] Setting Action Handle Path Result: Success
[2020.09.02-15.24.35:328][  0]LogSteamVRInputDevice: Display: Retrieving Action Handle: /actions/main/in/special2
[2020.09.02-15.24.35:328][  0]LogSteamVRInputDevice: Display: [STEAMVR INPUT] Setting Action Handle Path Result: Success
[2020.09.02-15.24.35:328][  0]LogSteamVRInputDevice: Display: Retrieving Action Handle: /actions/main/in/special3
[2020.09.02-15.24.35:328][  0]LogSteamVRInputDevice: Display: [STEAMVR INPUT] Setting Action Handle Path Result: Success
[2020.09.02-15.24.35:328][  0]LogSteamVRInputDevice: Display: Retrieving Action Handle: /actions/main/in/special4
[2020.09.02-15.24.35:328][  0]LogSteamVRInputDevice: Display: [STEAMVR INPUT] Setting Action Handle Path Result: Success
[2020.09.02-15.24.35:328][  0]LogSteamVRInputDevice: Display: Retrieving Action Handle: /actions/main/in/special5
[2020.09.02-15.24.35:329][  0]LogSteamVRInputDevice: Display: [STEAMVR INPUT] Setting Action Handle Path Result: Success
[2020.09.02-15.24.35:329][  0]LogSteamVRInputDevice: Display: Retrieving Action Handle: /actions/main/in/special6
[2020.09.02-15.24.35:329][  0]LogSteamVRInputDevice: Display: [STEAMVR INPUT] Setting Action Handle Path Result: Success
[2020.09.02-15.24.35:329][  0]LogSteamVRInputDevice: Display: Retrieving Action Handle: /actions/main/in/special7
[2020.09.02-15.24.35:329][  0]LogSteamVRInputDevice: Display: [STEAMVR INPUT] Setting Action Handle Path Result: Success
[2020.09.02-15.24.35:329][  0]LogSteamVRInputDevice: Display: Retrieving Action Handle: /actions/main/in/special8
[2020.09.02-15.24.35:329][  0]LogSteamVRInputDevice: Display: [STEAMVR INPUT] Setting Action Handle Path Result: Success
[2020.09.02-15.24.35:329][  0]LogSteamVRInputDevice: Display: Retrieving Action Handle: /actions/main/in/skeletonleft
[2020.09.02-15.24.35:329][  0]LogSteamVRInputDevice: Display: [STEAMVR INPUT] Setting Action Handle Path Result: Success
[2020.09.02-15.24.35:329][  0]LogSteamVRInputDevice: Display: Retrieving Action Handle: /actions/main/in/skeletonright
[2020.09.02-15.24.35:329][  0]LogSteamVRInputDevice: Display: [STEAMVR INPUT] Setting Action Handle Path Result: Success
[2020.09.02-15.24.35:329][  0]LogSteamVRInputDevice: Display: Retrieving Action Handle: /actions/main/out/vibrateleft
[2020.09.02-15.24.35:329][  0]LogSteamVRInputDevice: Display: [STEAMVR INPUT] Setting Action Handle Path Result: Success
[2020.09.02-15.24.35:329][  0]LogSteamVRInputDevice: Display: Retrieving Action Handle: /actions/main/out/vibrateright
[2020.09.02-15.24.35:329][  0]LogSteamVRInputDevice: Display: [STEAMVR INPUT] Setting Action Handle Path Result: Success
[2020.09.02-15.24.35:329][  0]LogSteamVRInputDevice: Display: Retrieving Action Handle: /actions/main/in/open_console
[2020.09.02-15.24.35:329][  0]LogSteamVRInputDevice: Display: [STEAMVR INPUT] Setting Action Handle Path Result: Success
[2020.09.02-15.24.35:329][  0]LogSteamVRInputDevice: Display: Retrieving Action Handle: /actions/main/in/GrabLeft
[2020.09.02-15.24.35:329][  0]LogSteamVRInputDevice: Display: [STEAMVR INPUT] Setting Action Handle Path Result: Success
[2020.09.02-15.24.35:329][  0]LogSteamVRInputDevice: Display: Retrieving Action Handle: /actions/main/in/GrabLeft
[2020.09.02-15.24.35:330][  0]LogSteamVRInputDevice: Display: [STEAMVR INPUT] Setting Action Handle Path Result: Success
[2020.09.02-15.24.35:330][  0]LogSteamVRInputDevice: Display: Retrieving Action Handle: /actions/main/in/GrabLeft
[2020.09.02-15.24.35:330][  0]LogSteamVRInputDevice: Display: [STEAMVR INPUT] Setting Action Handle Path Result: Success
[2020.09.02-15.24.35:330][  0]LogSteamVRInputDevice: Display: Retrieving Action Handle: /actions/main/in/GrabLeft
[2020.09.02-15.24.35:330][  0]LogSteamVRInputDevice: Display: [STEAMVR INPUT] Setting Action Handle Path Result: Success
[2020.09.02-15.24.35:330][  0]LogSteamVRInputDevice: Display: Retrieving Action Handle: /actions/main/in/GrabRight
[2020.09.02-15.24.35:330][  0]LogSteamVRInputDevice: Display: [STEAMVR INPUT] Setting Action Handle Path Result: Success
[2020.09.02-15.24.35:330][  0]LogSteamVRInputDevice: Display: Retrieving Action Handle: /actions/main/in/GrabRight
[2020.09.02-15.24.35:330][  0]LogSteamVRInputDevice: Display: [STEAMVR INPUT] Setting Action Handle Path Result: Success
[2020.09.02-15.24.35:330][  0]LogSteamVRInputDevice: Display: Retrieving Action Handle: /actions/main/in/GrabRight
[2020.09.02-15.24.35:330][  0]LogSteamVRInputDevice: Display: [STEAMVR INPUT] Setting Action Handle Path Result: Success
[2020.09.02-15.24.35:330][  0]LogSteamVRInputDevice: Display: Retrieving Action Handle: /actions/main/in/GrabRight
[2020.09.02-15.24.35:330][  0]LogSteamVRInputDevice: Display: [STEAMVR INPUT] Setting Action Handle Path Result: Success
[2020.09.02-15.24.35:330][  0]LogSteamVRInputDevice: Display: Retrieving Action Handle: /actions/main/in/TeleportLeft
[2020.09.02-15.24.35:330][  0]LogSteamVRInputDevice: Display: [STEAMVR INPUT] Setting Action Handle Path Result: Success
[2020.09.02-15.24.35:330][  0]LogSteamVRInputDevice: Display: Retrieving Action Handle: /actions/main/in/TeleportLeft
[2020.09.02-15.24.35:330][  0]LogSteamVRInputDevice: Display: [STEAMVR INPUT] Setting Action Handle Path Result: Success
[2020.09.02-15.24.35:330][  0]LogSteamVRInputDevice: Display: Retrieving Action Handle: /actions/main/in/TeleportLeft
[2020.09.02-15.24.35:330][  0]LogSteamVRInputDevice: Display: [STEAMVR INPUT] Setting Action Handle Path Result: Success
[2020.09.02-15.24.35:331][  0]LogSteamVRInputDevice: Display: Retrieving Action Handle: /actions/main/in/TeleportLeft
[2020.09.02-15.24.35:331][  0]LogSteamVRInputDevice: Display: [STEAMVR INPUT] Setting Action Handle Path Result: Success
[2020.09.02-15.24.35:331][  0]LogSteamVRInputDevice: Display: Retrieving Action Handle: /actions/main/in/TeleportLeft
[2020.09.02-15.24.35:331][  0]LogSteamVRInputDevice: Display: [STEAMVR INPUT] Setting Action Handle Path Result: Success
[2020.09.02-15.24.35:331][  0]LogSteamVRInputDevice: Display: Retrieving Action Handle: /actions/main/in/TeleportLeft
[2020.09.02-15.24.35:331][  0]LogSteamVRInputDevice: Display: [STEAMVR INPUT] Setting Action Handle Path Result: Success
[2020.09.02-15.24.35:331][  0]LogSteamVRInputDevice: Display: Retrieving Action Handle: /actions/main/in/TeleportRight
[2020.09.02-15.24.35:331][  0]LogSteamVRInputDevice: Display: [STEAMVR INPUT] Setting Action Handle Path Result: Success
[2020.09.02-15.24.35:331][  0]LogSteamVRInputDevice: Display: Retrieving Action Handle: /actions/main/in/TeleportRight
[2020.09.02-15.24.35:331][  0]LogSteamVRInputDevice: Display: [STEAMVR INPUT] Setting Action Handle Path Result: Success
[2020.09.02-15.24.35:331][  0]LogSteamVRInputDevice: Display: Retrieving Action Handle: /actions/main/in/TeleportRight
[2020.09.02-15.24.35:331][  0]LogSteamVRInputDevice: Display: [STEAMVR INPUT] Setting Action Handle Path Result: Success
[2020.09.02-15.24.35:331][  0]LogSteamVRInputDevice: Display: Retrieving Action Handle: /actions/main/in/TeleportRight
[2020.09.02-15.24.35:331][  0]LogSteamVRInputDevice: Display: [STEAMVR INPUT] Setting Action Handle Path Result: Success
[2020.09.02-15.24.35:331][  0]LogSteamVRInputDevice: Display: Retrieving Action Handle: /actions/main/in/TeleportRight
[2020.09.02-15.24.35:331][  0]LogSteamVRInputDevice: Display: [STEAMVR INPUT] Setting Action Handle Path Result: Success
[2020.09.02-15.24.35:331][  0]LogSteamVRInputDevice: Display: Retrieving Action Handle: /actions/main/in/TeleportRight
[2020.09.02-15.24.35:331][  0]LogSteamVRInputDevice: Display: [STEAMVR INPUT] Setting Action Handle Path Result: Success
[2020.09.02-15.24.35:332][  0]LogSteamVRInputDevice: Display: Retrieving Action Handle: /actions/main/in/MotionControllerThumbLeft_X,MotionControllerThumbLeft_Y X Y_axis2d
[2020.09.02-15.24.35:332][  0]LogSteamVRInputDevice: Display: [STEAMVR INPUT] Setting Action Handle Path Result: Success
[2020.09.02-15.24.35:332][  0]LogSteamVRInputDevice: Display: Retrieving Action Handle: /actions/main/in/MotionControllerThumbLeft_X,MotionControllerThumbLeft_Y X Y_axis2d
[2020.09.02-15.24.35:332][  0]LogSteamVRInputDevice: Display: [STEAMVR INPUT] Setting Action Handle Path Result: Success
[2020.09.02-15.24.35:332][  0]LogSteamVRInputDevice: Display: Retrieving Action Handle: /actions/main/in/MotionControllerThumbLeft_X,MotionControllerThumbLeft_Y X Y_axis2d
[2020.09.02-15.24.35:332][  0]LogSteamVRInputDevice: Display: [STEAMVR INPUT] Setting Action Handle Path Result: Success
[2020.09.02-15.24.35:332][  0]LogSteamVRInputDevice: Display: Retrieving Action Handle: /actions/main/in/MotionControllerThumbLeft_X,MotionControllerThumbLeft_Y X Y_axis2d
[2020.09.02-15.24.35:332][  0]LogSteamVRInputDevice: Display: [STEAMVR INPUT] Setting Action Handle Path Result: Success
[2020.09.02-15.24.35:332][  0]LogSteamVRInputDevice: Display: Retrieving Action Handle: /actions/main/in/MotionControllerThumbRight_X,MotionControllerThumbRight_Y X Y_axis2d
[2020.09.02-15.24.35:332][  0]LogSteamVRInputDevice: Display: [STEAMVR INPUT] Setting Action Handle Path Result: Success
[2020.09.02-15.24.35:332][  0]LogSteamVRInputDevice: Display: Retrieving Action Handle: /actions/main/in/MotionControllerThumbRight_X,MotionControllerThumbRight_Y X Y_axis2d
[2020.09.02-15.24.35:332][  0]LogSteamVRInputDevice: Display: [STEAMVR INPUT] Setting Action Handle Path Result: Success
[2020.09.02-15.24.35:332][  0]LogSteamVRInputDevice: Display: Retrieving Action Handle: /actions/main/in/MotionControllerThumbRight_X,MotionControllerThumbRight_Y X Y_axis2d
[2020.09.02-15.24.35:332][  0]LogSteamVRInputDevice: Display: [STEAMVR INPUT] Setting Action Handle Path Result: Success
[2020.09.02-15.24.35:332][  0]LogSteamVRInputDevice: Display: Retrieving Action Handle: /actions/main/in/MotionControllerThumbRight_X,MotionControllerThumbRight_Y X Y_axis2d
[2020.09.02-15.24.35:332][  0]LogSteamVRInputDevice: Display: [STEAMVR INPUT] Setting Action Handle Path Result: Success
[2020.09.02-15.24.35:333][  0]LogSteamVRInputDevice: Display: Action Manifest Path: ../../../../../../Documents/Unreal/HadoukenVR/HadoukenVR/Config/SteamVRBindings/steamvr_manifest.json
[2020.09.02-15.24.35:333][  0]LogSteamVRInputDevice: Display: Controller Bindings Path: ../../../../../../Documents/Unreal/HadoukenVR/HadoukenVR/Config/SteamVRBindings
[2020.09.02-15.24.35:338][  0]LogSteamVRInputDevice: Searching for Controller Bindings files at: ../../../../../../Documents/Unreal/HadoukenVR/HadoukenVR/Config/SteamVRBindings
[2020.09.02-15.24.35:342][  0]LogSteamVRInputDevice: Display: [STEAMVR INPUT] Registering Application Manifest ../../../../../../Documents/Unreal/HadoukenVR/HadoukenVR/Config/steamvr_ue_editor_app.json : VRApplicationError_None
[2020.09.02-15.24.35:342][  0]LogSteamVRInputDevice: Display: [STEAMVR INPUT] Editor Application [10848][application.generated.ue.virtual-reality-bp-game-template-13594126.ue4editor.exe] identified to SteamVR: VRApplicationError_None
[2020.09.02-15.24.35:342][  0]LogSteamVRInputDevice: Display: [STEAMVR INPUT] Trying to load Action Manifest from: S:/Documents/Unreal/HadoukenVR/HadoukenVR/Config/SteamVRBindings/steamvr_manifest.json
[2020.09.02-15.24.35:342][  0]LogSteamVRInputDevice: Display: [STEAMVR INPUT] Setting Action Manifest Path Result: Success
[2020.09.02-15.24.35:342][  0]LogSteamVRInputDevice: Display: [STEAMVR INPUT] Setting main action set: Success
[2020.09.02-15.24.35:342][  0]LogSteamVRInputDevice: Display: Retrieving Action Handle: /actions/main/in/controllerleft
[2020.09.02-15.24.35:342][  0]LogSteamVRInputDevice: Display: [STEAMVR INPUT] Setting Action Handle Path Result: Success
[2020.09.02-15.24.35:342][  0]LogSteamVRInputDevice: Display: Retrieving Action Handle: /actions/main/in/controllerright
[2020.09.02-15.24.35:342][  0]LogSteamVRInputDevice: Display: [STEAMVR INPUT] Setting Action Handle Path Result: Success
[2020.09.02-15.24.35:342][  0]LogSteamVRInputDevice: Display: Retrieving Action Handle: /actions/main/in/special1
[2020.09.02-15.24.35:342][  0]LogSteamVRInputDevice: Display: [STEAMVR INPUT] Setting Action Handle Path Result: Success
[2020.09.02-15.24.35:342][  0]LogSteamVRInputDevice: Display: Retrieving Action Handle: /actions/main/in/special2
[2020.09.02-15.24.35:342][  0]LogSteamVRInputDevice: Display: [STEAMVR INPUT] Setting Action Handle Path Result: Success
[2020.09.02-15.24.35:343][  0]LogSteamVRInputDevice: Display: Retrieving Action Handle: /actions/main/in/special3
[2020.09.02-15.24.35:343][  0]LogSteamVRInputDevice: Display: [STEAMVR INPUT] Setting Action Handle Path Result: Success
[2020.09.02-15.24.35:343][  0]LogSteamVRInputDevice: Display: Retrieving Action Handle: /actions/main/in/special4
[2020.09.02-15.24.35:343][  0]LogSteamVRInputDevice: Display: [STEAMVR INPUT] Setting Action Handle Path Result: Success
[2020.09.02-15.24.35:343][  0]LogSteamVRInputDevice: Display: Retrieving Action Handle: /actions/main/in/special5
[2020.09.02-15.24.35:343][  0]LogSteamVRInputDevice: Display: [STEAMVR INPUT] Setting Action Handle Path Result: Success
[2020.09.02-15.24.35:343][  0]LogSteamVRInputDevice: Display: Retrieving Action Handle: /actions/main/in/special6
[2020.09.02-15.24.35:343][  0]LogSteamVRInputDevice: Display: [STEAMVR INPUT] Setting Action Handle Path Result: Success
[2020.09.02-15.24.35:343][  0]LogSteamVRInputDevice: Display: Retrieving Action Handle: /actions/main/in/special7
[2020.09.02-15.24.35:343][  0]LogSteamVRInputDevice: Display: [STEAMVR INPUT] Setting Action Handle Path Result: Success
[2020.09.02-15.24.35:343][  0]LogSteamVRInputDevice: Display: Retrieving Action Handle: /actions/main/in/special8
[2020.09.02-15.24.35:343][  0]LogSteamVRInputDevice: Display: [STEAMVR INPUT] Setting Action Handle Path Result: Success
[2020.09.02-15.24.35:343][  0]LogSteamVRInputDevice: Display: Retrieving Action Handle: /actions/main/in/skeletonleft
[2020.09.02-15.24.35:343][  0]LogSteamVRInputDevice: Display: [STEAMVR INPUT] Setting Action Handle Path Result: Success
[2020.09.02-15.24.35:343][  0]LogSteamVRInputDevice: Display: Retrieving Action Handle: /actions/main/in/skeletonright
[2020.09.02-15.24.35:343][  0]LogSteamVRInputDevice: Display: [STEAMVR INPUT] Setting Action Handle Path Result: Success
[2020.09.02-15.24.35:343][  0]LogSteamVRInputDevice: Display: Retrieving Action Handle: /actions/main/out/vibrateleft
[2020.09.02-15.24.35:343][  0]LogSteamVRInputDevice: Display: [STEAMVR INPUT] Setting Action Handle Path Result: Success
[2020.09.02-15.24.35:343][  0]LogSteamVRInputDevice: Display: Retrieving Action Handle: /actions/main/out/vibrateright
[2020.09.02-15.24.35:343][  0]LogSteamVRInputDevice: Display: [STEAMVR INPUT] Setting Action Handle Path Result: Success
[2020.09.02-15.24.35:343][  0]LogSteamVRInputDevice: Display: Retrieving Action Handle: /actions/main/in/open_console
[2020.09.02-15.24.35:343][  0]LogSteamVRInputDevice: Display: [STEAMVR INPUT] Setting Action Handle Path Result: Success
[2020.09.02-15.24.35:343][  0]LogSteamVRInputDevice: Display: Retrieving Action Handle: /actions/main/in/GrabLeft
[2020.09.02-15.24.35:343][  0]LogSteamVRInputDevice: Display: [STEAMVR INPUT] Setting Action Handle Path Result: Success
[2020.09.02-15.24.35:343][  0]LogSteamVRInputDevice: Display: Retrieving Action Handle: /actions/main/in/GrabLeft
[2020.09.02-15.24.35:343][  0]LogSteamVRInputDevice: Display: [STEAMVR INPUT] Setting Action Handle Path Result: Success
[2020.09.02-15.24.35:343][  0]LogSteamVRInputDevice: Display: Retrieving Action Handle: /actions/main/in/GrabLeft
[2020.09.02-15.24.35:343][  0]LogSteamVRInputDevice: Display: [STEAMVR INPUT] Setting Action Handle Path Result: Success
[2020.09.02-15.24.35:343][  0]LogSteamVRInputDevice: Display: Retrieving Action Handle: /actions/main/in/GrabLeft
[2020.09.02-15.24.35:343][  0]LogSteamVRInputDevice: Display: [STEAMVR INPUT] Setting Action Handle Path Result: Success
[2020.09.02-15.24.35:343][  0]LogSteamVRInputDevice: Display: Retrieving Action Handle: /actions/main/in/GrabRight
[2020.09.02-15.24.35:343][  0]LogSteamVRInputDevice: Display: [STEAMVR INPUT] Setting Action Handle Path Result: Success
[2020.09.02-15.24.35:343][  0]LogSteamVRInputDevice: Display: Retrieving Action Handle: /actions/main/in/GrabRight
[2020.09.02-15.24.35:343][  0]LogSteamVRInputDevice: Display: [STEAMVR INPUT] Setting Action Handle Path Result: Success
[2020.09.02-15.24.35:343][  0]LogSteamVRInputDevice: Display: Retrieving Action Handle: /actions/main/in/GrabRight
[2020.09.02-15.24.35:343][  0]LogSteamVRInputDevice: Display: [STEAMVR INPUT] Setting Action Handle Path Result: Success
[2020.09.02-15.24.35:343][  0]LogSteamVRInputDevice: Display: Retrieving Action Handle: /actions/main/in/GrabRight
[2020.09.02-15.24.35:343][  0]LogSteamVRInputDevice: Display: [STEAMVR INPUT] Setting Action Handle Path Result: Success
[2020.09.02-15.24.35:343][  0]LogSteamVRInputDevice: Display: Retrieving Action Handle: /actions/main/in/TeleportLeft
[2020.09.02-15.24.35:343][  0]LogSteamVRInputDevice: Display: [STEAMVR INPUT] Setting Action Handle Path Result: Success
[2020.09.02-15.24.35:343][  0]LogSteamVRInputDevice: Display: Retrieving Action Handle: /actions/main/in/TeleportLeft
[2020.09.02-15.24.35:343][  0]LogSteamVRInputDevice: Display: [STEAMVR INPUT] Setting Action Handle Path Result: Success
[2020.09.02-15.24.35:343][  0]LogSteamVRInputDevice: Display: Retrieving Action Handle: /actions/main/in/TeleportLeft
[2020.09.02-15.24.35:343][  0]LogSteamVRInputDevice: Display: [STEAMVR INPUT] Setting Action Handle Path Result: Success
[2020.09.02-15.24.35:343][  0]LogSteamVRInputDevice: Display: Retrieving Action Handle: /actions/main/in/TeleportLeft
[2020.09.02-15.24.35:343][  0]LogSteamVRInputDevice: Display: [STEAMVR INPUT] Setting Action Handle Path Result: Success
[2020.09.02-15.24.35:343][  0]LogSteamVRInputDevice: Display: Retrieving Action Handle: /actions/main/in/TeleportLeft
[2020.09.02-15.24.35:344][  0]LogSteamVRInputDevice: Display: [STEAMVR INPUT] Setting Action Handle Path Result: Success
[2020.09.02-15.24.35:344][  0]LogSteamVRInputDevice: Display: Retrieving Action Handle: /actions/main/in/TeleportLeft
[2020.09.02-15.24.35:344][  0]LogSteamVRInputDevice: Display: [STEAMVR INPUT] Setting Action Handle Path Result: Success
[2020.09.02-15.24.35:344][  0]LogSteamVRInputDevice: Display: Retrieving Action Handle: /actions/main/in/TeleportRight
[2020.09.02-15.24.35:344][  0]LogSteamVRInputDevice: Display: [STEAMVR INPUT] Setting Action Handle Path Result: Success
[2020.09.02-15.24.35:344][  0]LogSteamVRInputDevice: Display: Retrieving Action Handle: /actions/main/in/TeleportRight
[2020.09.02-15.24.35:344][  0]LogSteamVRInputDevice: Display: [STEAMVR INPUT] Setting Action Handle Path Result: Success
[2020.09.02-15.24.35:344][  0]LogSteamVRInputDevice: Display: Retrieving Action Handle: /actions/main/in/TeleportRight
[2020.09.02-15.24.35:344][  0]LogSteamVRInputDevice: Display: [STEAMVR INPUT] Setting Action Handle Path Result: Success
[2020.09.02-15.24.35:344][  0]LogSteamVRInputDevice: Display: Retrieving Action Handle: /actions/main/in/TeleportRight
[2020.09.02-15.24.35:344][  0]LogSteamVRInputDevice: Display: [STEAMVR INPUT] Setting Action Handle Path Result: Success
[2020.09.02-15.24.35:344][  0]LogSteamVRInputDevice: Display: Retrieving Action Handle: /actions/main/in/TeleportRight
[2020.09.02-15.24.35:344][  0]LogSteamVRInputDevice: Display: [STEAMVR INPUT] Setting Action Handle Path Result: Success
[2020.09.02-15.24.35:344][  0]LogSteamVRInputDevice: Display: Retrieving Action Handle: /actions/main/in/TeleportRight
[2020.09.02-15.24.35:344][  0]LogSteamVRInputDevice: Display: [STEAMVR INPUT] Setting Action Handle Path Result: Success
[2020.09.02-15.24.35:344][  0]LogSteamVRInputDevice: Display: Retrieving Action Handle: /actions/main/in/MotionControllerThumbLeft_X,MotionControllerThumbLeft_Y X Y_axis2d
[2020.09.02-15.24.35:344][  0]LogSteamVRInputDevice: Display: [STEAMVR INPUT] Setting Action Handle Path Result: Success
[2020.09.02-15.24.35:344][  0]LogSteamVRInputDevice: Display: Retrieving Action Handle: /actions/main/in/MotionControllerThumbLeft_X,MotionControllerThumbLeft_Y X Y_axis2d
[2020.09.02-15.24.35:344][  0]LogSteamVRInputDevice: Display: [STEAMVR INPUT] Setting Action Handle Path Result: Success
[2020.09.02-15.24.35:344][  0]LogSteamVRInputDevice: Display: Retrieving Action Handle: /actions/main/in/MotionControllerThumbLeft_X,MotionControllerThumbLeft_Y X Y_axis2d
[2020.09.02-15.24.35:344][  0]LogSteamVRInputDevice: Display: [STEAMVR INPUT] Setting Action Handle Path Result: Success
[2020.09.02-15.24.35:344][  0]LogSteamVRInputDevice: Display: Retrieving Action Handle: /actions/main/in/MotionControllerThumbLeft_X,MotionControllerThumbLeft_Y X Y_axis2d
[2020.09.02-15.24.35:344][  0]LogSteamVRInputDevice: Display: [STEAMVR INPUT] Setting Action Handle Path Result: Success
[2020.09.02-15.24.35:344][  0]LogSteamVRInputDevice: Display: Retrieving Action Handle: /actions/main/in/MotionControllerThumbRight_X,MotionControllerThumbRight_Y X Y_axis2d
[2020.09.02-15.24.35:344][  0]LogSteamVRInputDevice: Display: [STEAMVR INPUT] Setting Action Handle Path Result: Success
[2020.09.02-15.24.35:344][  0]LogSteamVRInputDevice: Display: Retrieving Action Handle: /actions/main/in/MotionControllerThumbRight_X,MotionControllerThumbRight_Y X Y_axis2d
[2020.09.02-15.24.35:344][  0]LogSteamVRInputDevice: Display: [STEAMVR INPUT] Setting Action Handle Path Result: Success
[2020.09.02-15.24.35:344][  0]LogSteamVRInputDevice: Display: Retrieving Action Handle: /actions/main/in/MotionControllerThumbRight_X,MotionControllerThumbRight_Y X Y_axis2d
[2020.09.02-15.24.35:344][  0]LogSteamVRInputDevice: Display: [STEAMVR INPUT] Setting Action Handle Path Result: Success
[2020.09.02-15.24.35:344][  0]LogSteamVRInputDevice: Display: Retrieving Action Handle: /actions/main/in/MotionControllerThumbRight_X,MotionControllerThumbRight_Y X Y_axis2d
[2020.09.02-15.24.35:344][  0]LogSteamVRInputDevice: Display: [STEAMVR INPUT] Setting Action Handle Path Result: Success
[2020.09.02-15.24.35:389][  0]LogAssetRegistry: Asset discovery search completed in 12.7920 seconds
[2020.09.02-15.24.35:394][  0]LogCollectionManager: Fixed up redirectors for 0 collections in 0.000017 seconds (updated 0 objects)
[2020.09.02-15.24.35:396][  0]LogContentStreaming: Texture pool size now 1000 MB
[2020.09.02-15.24.35:441][  0]LogSlate: Took 0.008734 seconds to synchronously load lazily loaded font '../../../Engine/Content/Slate/Fonts/Roboto-Light.ttf' (167K)
[2020.09.02-15.24.40:558][ 17]LogTcpMessaging: Started Connection to '127.0.0.1:6666'
[2020.09.02-15.24.58:297][355]LogTemp: Repeating last play command: VR Preview
[2020.09.02-15.24.58:358][355]LogPlayLevel: PlayLevel: No blueprints needed recompiling
[2020.09.02-15.24.58:437][355]PIE: New page: PIE session: 01_BasicFire (2 Sep 2020, 19:24:58)
[2020.09.02-15.24.58:456][355]LogOnline: OSS: Creating online subsystem instance for: NULL
[2020.09.02-15.24.58:498][355]LogOnline: OSS: TryLoadSubsystemAndSetDefault: Loaded subsystem for module [NULL]
[2020.09.02-15.24.58:514][355]LogPlayLevel: Creating play world package: /Game/VirtualRealityBP/Maps/UEDPIE_0_01_BasicFire
[2020.09.02-15.24.58:546][355]LogPlayLevel: PIE: StaticDuplicateObject took: (0.032874s)
[2020.09.02-15.24.58:561][355]LogAIModule: Creating AISystem for world 01_BasicFire
[2020.09.02-15.24.58:561][355]LogAISub: UAISubsystem::UAISubsystem EnvQueryManager (000001EBD3326600), frame # 355
[2020.09.02-15.24.58:562][355]LogAISub: UAISubsystem::UAISubsystem AIPerceptionSystem (000001EBA88F7EC0), frame # 355
[2020.09.02-15.24.58:569][355]LogPlayLevel: PIE: World Init took: (0.022871s)
[2020.09.02-15.24.58:570][355]LogPlayLevel: PIE: Created PIE world by copying editor world from /Game/VirtualRealityBP/Maps/01_BasicFire.01_BasicFire to /Game/VirtualRealityBP/Maps/UEDPIE_0_01_BasicFire.01_BasicFire (0.056256s)
[2020.09.02-15.24.58:579][355]LogUObjectHash: Compacting FUObjectHashTables data took   0.60ms
[2020.09.02-15.24.58:598][355]LogAudioMixer: Display: Audio Mixer Platform Settings:
[2020.09.02-15.24.58:598][355]LogAudioMixer: Display: 	Sample Rate:						  48000
[2020.09.02-15.24.58:598][355]LogAudioMixer: Display: 	Callback Buffer Frame Size Requested: 1024
[2020.09.02-15.24.58:598][355]LogAudioMixer: Display: 	Callback Buffer Frame Size To Use:	  1024
[2020.09.02-15.24.58:598][355]LogAudioMixer: Display: 	Number of buffers to queue:			  2
[2020.09.02-15.24.58:598][355]LogAudioMixer: Display: 	Max Channels (voices):				  32
[2020.09.02-15.24.58:598][355]LogAudioMixer: Display: 	Number of Async Source Workers:		  0
[2020.09.02-15.24.58:598][355]LogAudio: Display: AudioDevice MaxSources: 32
[2020.09.02-15.24.58:598][355]LogAudio: Display: Using built-in audio occlusion.
[2020.09.02-15.24.58:598][355]LogAudioMixer: Display: Initializing audio mixer.
[2020.09.02-15.24.58:603][355]LogAudioMixer: Display: 0: FrontLeft
[2020.09.02-15.24.58:603][355]LogAudioMixer: Display: 1: FrontRight
[2020.09.02-15.24.58:616][355]LogAudioMixer: Display: Using Audio Device Headphones (Oculus Virtual Audio Device)
[2020.09.02-15.24.58:616][355]LogAudioMixer: Display: Initializing Sound Submixes...
[2020.09.02-15.24.58:616][355]LogAudioMixer: Display: Creating Master Submix 'MasterSubmixDefault'
[2020.09.02-15.24.58:616][355]LogAudioMixer: Display: Creating Master Submix 'MasterReverbSubmixDefault'
[2020.09.02-15.24.58:617][355]LogAudioMixer: Display: Creating Master Submix 'MasterEQSubmixDefault'
[2020.09.02-15.24.58:631][355]LogInit: FAudioDevice initialized.
[2020.09.02-15.24.58:749][355]LogSlate: Updating window title bar state: overlay mode, drag disabled, window buttons hidden, title bar hidden
[2020.09.02-15.24.58:802][355]LogLoad: Game class is 'GameModeBase'
[2020.09.02-15.24.58:901][355]LogWorld: Bringing World /Game/VirtualRealityBP/Maps/UEDPIE_0_01_BasicFire.01_BasicFire up for play (max tick rate 0) at 2020.09.02-17.24.58
[2020.09.02-15.24.58:917][355]LogWorld: Bringing up level for play took: 0.018705
[2020.09.02-15.24.58:919][355]LogOnline: OSS: Creating online subsystem instance for: :Context_1
[2020.09.02-15.24.59:020][355]LogContentBrowser: Native class hierarchy updated for 'MovieSceneCapture' in 0.0004 seconds. Added 20 classes and 0 folders.
[2020.09.02-15.24.59:324][355]PIE: Server logged in
[2020.09.02-15.24.59:326][355]PIE: Play in editor total start time 1.007 seconds.
[2020.09.02-15.24.59:405][356]LogRenderer: Warning: Resizing VR buffer to 4248 by 2348
[2020.09.02-15.24.59:405][356]LogRenderer: Reallocating scene render targets to support 4248x2348 Format 26 NumSamples 1 (Frame:1).
[2020.09.02-15.25.17:924][  8]LogCore: Display: AppLifetime: Application will enter background
[2020.09.02-15.25.18:099][ 34]LogCore: Display: AppLifetime: Application has entered foreground
[2020.09.02-15.25.43:380][808]LogCore: Display: AppLifetime: Application will enter background
[2020.09.02-15.25.46:863][119]LogHMD: SteamVR Shutting down.
[2020.09.02-15.25.46:916][119]LogSlate: Window 'HadoukenVR Preview [NetMode: Standalone] (64-bit/Windows) SteamVR' being destroyed
[2020.09.02-15.25.46:952][119]LogWorld: BeginTearingDown for /Game/VirtualRealityBP/Maps/UEDPIE_0_01_BasicFire
[2020.09.02-15.25.46:992][119]LogWorld: UWorld::CleanupWorld for 01_BasicFire, bSessionEnded=true, bCleanupResources=true
[2020.09.02-15.25.46:993][119]LogSlate: InvalidateAllWidgets triggered.  All widgets were invalidated
[2020.09.02-15.25.47:004][119]LogPlayLevel: Display: Shutting down PIE online subsystems
[2020.09.02-15.25.47:024][119]LogSlate: InvalidateAllWidgets triggered.  All widgets were invalidated
[2020.09.02-15.25.47:053][119]LogAISub: UAISubsystem::~UAISubsystem AIPerceptionSystem (000001EBA88F7EC0), frame # 7119
[2020.09.02-15.25.47:053][119]LogAISub: UAISubsystem::~UAISubsystem EnvQueryManager (000001EBD3326600), frame # 7119
[2020.09.02-15.25.47:055][119]LogUObjectHash: Compacting FUObjectHashTables data took   1.00ms
[2020.09.02-15.25.47:087][120]LogPlayLevel: Display: Destroying online subsystem :Context_1
[2020.09.02-15.25.47:271][136]LogAudioMixer: Warning: Changing default audio render device to new device: {0.0.0.00000000}.{2fb25d85-b8b4-4a05-8098-cf4ca5f5cb0b}.
[2020.09.02-15.25.47:271][136]LogTemp: Resetting audio stream to device id 
[2020.09.02-15.25.47:379][136]LogAudioMixer: Display: 0: FrontLeft
[2020.09.02-15.25.47:379][136]LogAudioMixer: Display: 1: FrontRight
[2020.09.02-15.25.53:449][827]LogSlate: Took 0.000135 seconds to synchronously load lazily loaded font '../../../Engine/Content/Slate/Fonts/Roboto-Light.ttf' (167K)
[2020.09.02-15.25.54:859][878]LogAssetEditorSubsystem: Opening Asset editor for LevelScriptBlueprint /Game/VirtualRealityBP/Maps/01_BasicFire.01_BasicFire:PersistentLevel.01_BasicFire
[2020.09.02-15.25.56:733][878]LogContentBrowser: Native class hierarchy updated for 'BlueprintGraph' in 0.0006 seconds. Added 125 classes and 0 folders.
[2020.09.02-15.25.59:159][878]LogSlate: Took 0.022654 seconds to synchronously load lazily loaded font '../../../Engine/Content/Slate/Fonts/Roboto-BoldCondensed.ttf' (158K)
[2020.09.02-15.25.59:623][879]LogSlate: Took 0.005084 seconds to synchronously load lazily loaded font '../../../Engine/Content/Slate/Fonts/Roboto-Italic.ttf' (157K)
[2020.09.02-15.26.32:806][778]LogTcpMessaging: Started Connection to '127.0.0.1:6666'
